#
# There is insufficient memory for the Java Runtime Environment to continue.
# Native memory allocation (mmap) failed to map 47185920 bytes for Failed to commit area from 0x000000008de00000 to 0x0000000090b00000 of length 47185920.
# Possible reasons:
#   The system is out of physical RAM or swap space
#   The process is running with CompressedOops enabled, and the Java Heap may be blocking the growth of the native heap
# Possible solutions:
#   Reduce memory load on the system
#   Increase physical memory or swap space
#   Check if swap backing store is full
#   Decrease Java heap size (-Xmx/-Xms)
#   Decrease number of Java threads
#   Decrease Java thread stack sizes (-Xss)
#   Set larger code cache with -XX:ReservedCodeCacheSize=
#   JVM is running with Unscaled Compressed Oops mode in which the Java heap is
#     placed in the first 4GB address space. The Java Heap base address is the
#     maximum limit for the native heap growth. Please use -XX:HeapBaseMinAddress
#     to set the Java Heap base and to place the Java Heap above 4GB virtual address.
# This output file may be truncated or incomplete.
#
#  Out of Memory Error (./src/hotspot/os/windows/os_windows.cpp:3521), pid=13536, tid=12224
#
# JRE version: OpenJDK Runtime Environment (11.0.12+7) (build 11.0.12+7-b1504.28-7817840)
# Java VM: OpenJDK 64-Bit Server VM (11.0.12+7-b1504.28-7817840, mixed mode, tiered, compressed oops, g1 gc, windows-amd64)
# No core dump will be written. Minidumps are not enabled by default on client versions of Windows
#

---------------  S U M M A R Y ------------

Command Line: --add-opens=java.base/java.util=ALL-UNNAMED --add-opens=java.base/java.lang=ALL-UNNAMED --add-opens=java.base/java.lang.invoke=ALL-UNNAMED --add-opens=java.base/java.util=ALL-UNNAMED --add-opens=java.prefs/java.util.prefs=ALL-UNNAMED --add-opens=java.prefs/java.util.prefs=ALL-UNNAMED --add-opens=java.base/java.nio.charset=ALL-UNNAMED --add-opens=java.base/java.net=ALL-UNNAMED --add-opens=java.base/java.util.concurrent.atomic=ALL-UNNAMED -Xmx2048m -Dfile.encoding=UTF-8 -Duser.country=CN -Duser.language=zh -Duser.variant org.gradle.launcher.daemon.bootstrap.GradleDaemon 7.3.3

Host: Intel(R) Core(TM) i5-4590 CPU @ 3.30GHz, 4 cores, 7G,  Windows 10 , 64 bit Build 17763 (10.0.17763.2989)
Time: Mon Jul 25 00:27:22 2022 ?D1¨²¡À¨º¡Á?¨º¡À?? elapsed time: 11.234882 seconds (0d 0h 0m 11s)

---------------  T H R E A D  ---------------

Current thread (0x000001dad3647800):  VMThread "VM Thread" [stack: 0x00000081b3c00000,0x00000081b3d00000] [id=12224]

Stack: [0x00000081b3c00000,0x00000081b3d00000]
[error occurred during error reporting (printing stack bounds), id 0xc0000005, EXCEPTION_ACCESS_VIOLATION (0xc0000005) at pc=0x000001dabd54112d]

Native frames: (J=compiled Java code, j=interpreted, Vv=VM code, C=native code)
V  [jvm.dll+0x5fbcea]
V  [jvm.dll+0x731905]
V  [jvm.dll+0x732f1d]
V  [jvm.dll+0x733535]
V  [jvm.dll+0x7334eb]
V  [jvm.dll+0x5fb080]
V  [jvm.dll+0x5fb818]
C  [ntdll.dll+0xa575f]
C  [ntdll.dll+0x4cef]
C  [ntdll.dll+0xa44ce]
C  0x000001dabd54112d

VM_Operation (0x00000081b7efccd0): G1CollectForAllocation, mode: safepoint, requested by thread 0x000001dad61c9800


---------------  P R O C E S S  ---------------

Threads class SMR info:
_java_thread_list=0x000001dadb06db70, length=85, elements={
0x000001dab9a46000, 0x000001dad364f000, 0x000001dad3651000, 0x000001dad3e8a800,
0x000001dad3e8d800, 0x000001dad3ed1800, 0x000001dad3ed6000, 0x000001dad3edd000,
0x000001dad3ee8000, 0x000001dad4046800, 0x000001dad4115800, 0x000001dad63a2800,
0x000001dad5303800, 0x000001dad55af000, 0x000001dad6048000, 0x000001dad6b18800,
0x000001dad6ad6000, 0x000001dad667a000, 0x000001dad501e000, 0x000001dad63fb800,
0x000001dad63f7800, 0x000001dad63f9800, 0x000001dad63fa800, 0x000001dad63f9000,
0x000001dad63fc000, 0x000001dad63fd000, 0x000001dad63fe000, 0x000001dad63f8000,
0x000001dad7e65800, 0x000001dad7e63800, 0x000001dad7e66000, 0x000001dad7e64800,
0x000001dad7e68000, 0x000001dad7e6b000, 0x000001dad7e6e800, 0x000001dad7e6a000,
0x000001dad7e6c000, 0x000001dad7e6c800, 0x000001dad7e6f000, 0x000001dad7e6d800,
0x000001dad7e69800, 0x000001dad7e70000, 0x000001dad7e71000, 0x000001dad7e71800,
0x000001dad61c3000, 0x000001dad61c2800, 0x000001dad61c4000, 0x000001dad61be800,
0x000001dad61c5000, 0x000001dad61c0800, 0x000001dad61bf000, 0x000001dad61c5800,
0x000001dad61c1800, 0x000001dad61c0000, 0x000001dad61ca800, 0x000001dad61c7800,
0x000001dad61cb800, 0x000001dad61cc000, 0x000001dad61c6800, 0x000001dad61cd000,
0x000001dad61c8000, 0x000001dad61c9000, 0x000001dad61c9800, 0x000001dad7fb5000,
0x000001dad7fb3800, 0x000001dad7fb4800, 0x000001dad7fb0000, 0x000001dad7fb1000,
0x000001dad7faf800, 0x000001dad7fb2000, 0x000001dad7fb8800, 0x000001dad7fb6000,
0x000001dad7fb6800, 0x000001dad7fb7800, 0x000001dad7fb2800, 0x000001dad7fba000,
0x000001dad7fbe000, 0x000001dad7fbb000, 0x000001dad7fbd000, 0x000001dad7fb9000,
0x000001dad7fbb800, 0x000001dadcc79800, 0x000001dadcc7b000, 0x000001dadcc7c000,
0x000001dadcc7f800
}

Java Threads: ( => current thread )
  0x000001dab9a46000 JavaThread "main" [_thread_blocked, id=13668, stack(0x00000081b3600000,0x00000081b3700000)]
  0x000001dad364f000 JavaThread "Reference Handler" daemon [_thread_blocked, id=1820, stack(0x00000081b3d00000,0x00000081b3e00000)]
  0x000001dad3651000 JavaThread "Finalizer" daemon [_thread_blocked, id=5324, stack(0x00000081b3e00000,0x00000081b3f00000)]
  0x000001dad3e8a800 JavaThread "Signal Dispatcher" daemon [_thread_blocked, id=12484, stack(0x00000081b3f00000,0x00000081b4000000)]
  0x000001dad3e8d800 JavaThread "Attach Listener" daemon [_thread_blocked, id=8132, stack(0x00000081b4000000,0x00000081b4100000)]
  0x000001dad3ed1800 JavaThread "Service Thread" daemon [_thread_blocked, id=12908, stack(0x00000081b4100000,0x00000081b4200000)]
  0x000001dad3ed6000 JavaThread "C2 CompilerThread0" daemon [_thread_blocked, id=1520, stack(0x00000081b4200000,0x00000081b4300000)]
  0x000001dad3edd000 JavaThread "C1 CompilerThread0" daemon [_thread_blocked, id=12804, stack(0x00000081b4300000,0x00000081b4400000)]
  0x000001dad3ee8000 JavaThread "Sweeper thread" daemon [_thread_blocked, id=11416, stack(0x00000081b4400000,0x00000081b4500000)]
  0x000001dad4046800 JavaThread "Common-Cleaner" daemon [_thread_blocked, id=13624, stack(0x00000081b4500000,0x00000081b4600000)]
  0x000001dad4115800 JavaThread "C2 CompilerThread1" daemon [_thread_blocked, id=13476, stack(0x00000081b4700000,0x00000081b4800000)]
  0x000001dad63a2800 JavaThread "Daemon health stats" [_thread_blocked, id=5336, stack(0x00000081b4a00000,0x00000081b4b00000)]
  0x000001dad5303800 JavaThread "Incoming local TCP Connector on port 58856" [_thread_in_native, id=4968, stack(0x00000081b4b00000,0x00000081b4c00000)]
  0x000001dad55af000 JavaThread "Daemon periodic checks" [_thread_blocked, id=7420, stack(0x00000081b4c00000,0x00000081b4d00000)]
  0x000001dad6048000 JavaThread "Daemon" [_thread_blocked, id=13508, stack(0x00000081b4d00000,0x00000081b4e00000)]
  0x000001dad6b18800 JavaThread "Handler for socket connection from /127.0.0.1:58856 to /127.0.0.1:58857" [_thread_in_native, id=13184, stack(0x00000081b4e00000,0x00000081b4f00000)]
  0x000001dad6ad6000 JavaThread "Cancel handler" [_thread_blocked, id=9988, stack(0x00000081b4f00000,0x00000081b5000000)]
  0x000001dad667a000 JavaThread "Daemon worker" [_thread_blocked, id=5604, stack(0x00000081b5000000,0x00000081b5100000)]
  0x000001dad501e000 JavaThread "Asynchronous log dispatcher for DefaultDaemonConnection: socket connection from /127.0.0.1:58856 to /127.0.0.1:58857" [_thread_blocked, id=9672, stack(0x00000081b5100000,0x00000081b5200000)]
  0x000001dad63fb800 JavaThread "Stdin handler" [_thread_blocked, id=9828, stack(0x00000081b5200000,0x00000081b5300000)]
  0x000001dad63f7800 JavaThread "Daemon client event forwarder" [_thread_blocked, id=4920, stack(0x00000081b5300000,0x00000081b5400000)]
  0x000001dad63f9800 JavaThread "Cache worker for journal cache (C:\Users\Administrator\.gradle\caches\journal-1)" [_thread_blocked, id=5892, stack(0x00000081b5500000,0x00000081b5600000)]
  0x000001dad63fa800 JavaThread "File lock request listener" [_thread_in_native, id=7648, stack(0x00000081b5600000,0x00000081b5700000)]
  0x000001dad63f9000 JavaThread "Cache worker for file hash cache (C:\Users\Administrator\.gradle\caches\7.3.3\fileHashes)" [_thread_blocked, id=2984, stack(0x00000081b5700000,0x00000081b5800000)]
  0x000001dad63fc000 JavaThread "Cache worker for file hash cache (E:\workspace_smar\cooler_monitor\.gradle\7.3.3\fileHashes)" [_thread_blocked, id=5936, stack(0x00000081b5800000,0x00000081b5900000)]
  0x000001dad63fd000 JavaThread "File watcher server" daemon [_thread_blocked, id=228, stack(0x00000081b5900000,0x00000081b5a00000)]
  0x000001dad63fe000 JavaThread "File watcher consumer" daemon [_thread_blocked, id=14184, stack(0x00000081b5a00000,0x00000081b5b00000)]
  0x000001dad63f8000 JavaThread "Cache worker for checksums cache (E:\workspace_smar\cooler_monitor\.gradle\7.3.3\checksums)" [_thread_blocked, id=8372, stack(0x00000081b5b00000,0x00000081b5c00000)]
  0x000001dad7e65800 JavaThread "Cache worker for cache directory md-supplier (C:\Users\Administrator\.gradle\caches\7.3.3\md-supplier)" [_thread_blocked, id=13316, stack(0x00000081b5c00000,0x00000081b5d00000)]
  0x000001dad7e63800 JavaThread "Cache worker for cache directory md-rule (C:\Users\Administrator\.gradle\caches\7.3.3\md-rule)" [_thread_blocked, id=10368, stack(0x00000081b5d00000,0x00000081b5e00000)]
  0x000001dad7e66000 JavaThread "Cache worker for execution history cache (C:\Users\Administrator\.gradle\caches\7.3.3\executionHistory)" [_thread_blocked, id=13444, stack(0x00000081b5e00000,0x00000081b5f00000)]
  0x000001dad7e64800 JavaThread "jar transforms" [_thread_blocked, id=8668, stack(0x00000081b5f00000,0x00000081b6000000)]
  0x000001dad7e68000 JavaThread "Cache worker for file content cache (C:\Users\Administrator\.gradle\caches\7.3.3\fileContent)" [_thread_blocked, id=5804, stack(0x00000081b6000000,0x00000081b6100000)]
  0x000001dad7e6b000 JavaThread "jar transforms Thread 2" [_thread_blocked, id=13788, stack(0x00000081b6100000,0x00000081b6200000)]
  0x000001dad7e6e800 JavaThread "Cache worker for dependencies-accessors (E:\workspace_smar\cooler_monitor\.gradle\7.3.3\dependencies-accessors)" [_thread_blocked, id=14028, stack(0x00000081b6200000,0x00000081b6300000)]
  0x000001dad7e6a000 JavaThread "jar transforms Thread 3" [_thread_blocked, id=8824, stack(0x00000081b6300000,0x00000081b6400000)]
  0x000001dad7e6c000 JavaThread "Cache worker for Build Output Cleanup Cache (E:\workspace_smar\cooler_monitor\.gradle\buildOutputCleanup)" [_thread_blocked, id=4992, stack(0x00000081b6400000,0x00000081b6500000)]
  0x000001dad7e6c800 JavaThread "Unconstrained build operations" [_thread_blocked, id=12808, stack(0x00000081b6500000,0x00000081b6600000)]
  0x000001dad7e6f000 JavaThread "Unconstrained build operations Thread 2" [_thread_blocked, id=4152, stack(0x00000081b6600000,0x00000081b6700000)]
  0x000001dad7e6d800 JavaThread "Unconstrained build operations Thread 3" [_thread_blocked, id=13472, stack(0x00000081b6700000,0x00000081b6800000)]
  0x000001dad7e69800 JavaThread "Unconstrained build operations Thread 4" [_thread_blocked, id=12388, stack(0x00000081b6800000,0x00000081b6900000)]
  0x000001dad7e70000 JavaThread "Unconstrained build operations Thread 5" [_thread_blocked, id=10776, stack(0x00000081b6900000,0x00000081b6a00000)]
  0x000001dad7e71000 JavaThread "Unconstrained build operations Thread 6" [_thread_blocked, id=13516, stack(0x00000081b6a00000,0x00000081b6b00000)]
  0x000001dad7e71800 JavaThread "Unconstrained build operations Thread 7" [_thread_blocked, id=13820, stack(0x00000081b6b00000,0x00000081b6c00000)]
  0x000001dad61c3000 JavaThread "Unconstrained build operations Thread 8" [_thread_blocked, id=9780, stack(0x00000081b6c00000,0x00000081b6d00000)]
  0x000001dad61c2800 JavaThread "Unconstrained build operations Thread 9" [_thread_blocked, id=9080, stack(0x00000081b6d00000,0x00000081b6e00000)]
  0x000001dad61c4000 JavaThread "Unconstrained build operations Thread 10" [_thread_blocked, id=13888, stack(0x00000081b6e00000,0x00000081b6f00000)]
  0x000001dad61be800 JavaThread "Unconstrained build operations Thread 11" [_thread_blocked, id=13540, stack(0x00000081b6f00000,0x00000081b7000000)]
  0x000001dad61c5000 JavaThread "Unconstrained build operations Thread 12" [_thread_blocked, id=4600, stack(0x00000081b7000000,0x00000081b7100000)]
  0x000001dad61c0800 JavaThread "Unconstrained build operations Thread 13" [_thread_blocked, id=13456, stack(0x00000081b7100000,0x00000081b7200000)]
  0x000001dad61bf000 JavaThread "Unconstrained build operations Thread 14" [_thread_blocked, id=8420, stack(0x00000081b7200000,0x00000081b7300000)]
  0x000001dad61c5800 JavaThread "Unconstrained build operations Thread 15" [_thread_blocked, id=6024, stack(0x00000081b7300000,0x00000081b7400000)]
  0x000001dad61c1800 JavaThread "Unconstrained build operations Thread 16" [_thread_blocked, id=13484, stack(0x00000081b7400000,0x00000081b7500000)]
  0x000001dad61c0000 JavaThread "Unconstrained build operations Thread 17" [_thread_blocked, id=13812, stack(0x00000081b7500000,0x00000081b7600000)]
  0x000001dad61ca800 JavaThread "Unconstrained build operations Thread 18" [_thread_blocked, id=4112, stack(0x00000081b7600000,0x00000081b7700000)]
  0x000001dad61c7800 JavaThread "Unconstrained build operations Thread 19" [_thread_blocked, id=6552, stack(0x00000081b7700000,0x00000081b7800000)]
  0x000001dad61cb800 JavaThread "Unconstrained build operations Thread 20" [_thread_blocked, id=13804, stack(0x00000081b7800000,0x00000081b7900000)]
  0x000001dad61cc000 JavaThread "Unconstrained build operations Thread 21" [_thread_blocked, id=13500, stack(0x00000081b7900000,0x00000081b7a00000)]
  0x000001dad61c6800 JavaThread "Unconstrained build operations Thread 22" [_thread_blocked, id=10584, stack(0x00000081b7a00000,0x00000081b7b00000)]
  0x000001dad61cd000 JavaThread "Unconstrained build operations Thread 23" [_thread_blocked, id=13948, stack(0x00000081b7b00000,0x00000081b7c00000)]
  0x000001dad61c8000 JavaThread "Unconstrained build operations Thread 24" [_thread_blocked, id=13728, stack(0x00000081b7c00000,0x00000081b7d00000)]
  0x000001dad61c9000 JavaThread "Unconstrained build operations Thread 25" [_thread_blocked, id=13756, stack(0x00000081b7d00000,0x00000081b7e00000)]
  0x000001dad61c9800 JavaThread "Unconstrained build operations Thread 26" [_thread_blocked, id=6796, stack(0x00000081b7e00000,0x00000081b7f00000)]
  0x000001dad7fb5000 JavaThread "Unconstrained build operations Thread 27" [_thread_blocked, id=10680, stack(0x00000081b7f00000,0x00000081b8000000)]
  0x000001dad7fb3800 JavaThread "Unconstrained build operations Thread 28" [_thread_blocked, id=14332, stack(0x00000081b8000000,0x00000081b8100000)]
  0x000001dad7fb4800 JavaThread "Unconstrained build operations Thread 29" [_thread_blocked, id=13504, stack(0x00000081b8100000,0x00000081b8200000)]
  0x000001dad7fb0000 JavaThread "Unconstrained build operations Thread 30" [_thread_blocked, id=5648, stack(0x00000081b8200000,0x00000081b8300000)]
  0x000001dad7fb1000 JavaThread "Unconstrained build operations Thread 31" [_thread_blocked, id=9752, stack(0x00000081b8300000,0x00000081b8400000)]
  0x000001dad7faf800 JavaThread "Unconstrained build operations Thread 32" [_thread_blocked, id=12420, stack(0x00000081b8400000,0x00000081b8500000)]
  0x000001dad7fb2000 JavaThread "Unconstrained build operations Thread 33" [_thread_blocked, id=13860, stack(0x00000081b8500000,0x00000081b8600000)]
  0x000001dad7fb8800 JavaThread "Unconstrained build operations Thread 34" [_thread_blocked, id=2376, stack(0x00000081b8600000,0x00000081b8700000)]
  0x000001dad7fb6000 JavaThread "Unconstrained build operations Thread 35" [_thread_blocked, id=11500, stack(0x00000081b8700000,0x00000081b8800000)]
  0x000001dad7fb6800 JavaThread "Unconstrained build operations Thread 36" [_thread_blocked, id=13864, stack(0x00000081b8800000,0x00000081b8900000)]
  0x000001dad7fb7800 JavaThread "Unconstrained build operations Thread 37" [_thread_blocked, id=13780, stack(0x00000081b8900000,0x00000081b8a00000)]
  0x000001dad7fb2800 JavaThread "Unconstrained build operations Thread 38" [_thread_blocked, id=13552, stack(0x00000081b8a00000,0x00000081b8b00000)]
  0x000001dad7fba000 JavaThread "Unconstrained build operations Thread 39" [_thread_blocked, id=13528, stack(0x00000081b8b00000,0x00000081b8c00000)]
  0x000001dad7fbe000 JavaThread "Unconstrained build operations Thread 40" [_thread_blocked, id=8968, stack(0x00000081b8c00000,0x00000081b8d00000)]
  0x000001dad7fbb000 JavaThread "jar transforms Thread 4" [_thread_blocked, id=13704, stack(0x00000081b8d00000,0x00000081b8e00000)]
  0x000001dad7fbd000 JavaThread "Memory manager" [_thread_blocked, id=13924, stack(0x00000081b8e00000,0x00000081b8f00000)]
  0x000001dad7fb9000 JavaThread "build event listener" [_thread_blocked, id=13876, stack(0x00000081b8f00000,0x00000081b9000000)]
  0x000001dad7fbb800 JavaThread "build event listener" [_thread_blocked, id=13880, stack(0x00000081b9000000,0x00000081b9100000)]
  0x000001dadcc79800 JavaThread "Execution worker for ':'" [_thread_blocked, id=13884, stack(0x00000081b9100000,0x00000081b9200000)]
  0x000001dadcc7b000 JavaThread "Execution worker for ':' Thread 2" [_thread_blocked, id=13088, stack(0x00000081b9200000,0x00000081b9300000)]
  0x000001dadcc7c000 JavaThread "Execution worker for ':' Thread 3" [_thread_blocked, id=13572, stack(0x00000081b9300000,0x00000081b9400000)]
  0x000001dadcc7f800 JavaThread "Cache worker for execution history cache (E:\workspace_smar\cooler_monitor\.gradle\7.3.3\executionHistory)" [_thread_blocked, id=14224, stack(0x00000081b9400000,0x00000081b9500000)]

Other Threads:
=>0x000001dad3647800 VMThread "VM Thread" [stack: 0x00000081b3c00000,0x00000081b3d00000] [id=12224]
  0x000001dad4063800 WatcherThread [stack: 0x00000081b4600000,0x00000081b4700000] [id=8488]
  0x000001dab9a5e800 GCTaskThread "GC Thread#0" [stack: 0x00000081b3700000,0x00000081b3800000] [id=7084]
  0x000001dad4a7e000 GCTaskThread "GC Thread#1" [stack: 0x00000081b4800000,0x00000081b4900000] [id=14188]
  0x000001dad48a2000 GCTaskThread "GC Thread#2" [stack: 0x00000081b4900000,0x00000081b4a00000] [id=4576]
  0x000001dad6261000 GCTaskThread "GC Thread#3" [stack: 0x00000081b5400000,0x00000081b5500000] [id=6704]
  0x000001dab9a8f800 ConcurrentGCThread "G1 Main Marker" [stack: 0x00000081b3800000,0x00000081b3900000] [id=13496]
  0x000001dab9a91000 ConcurrentGCThread "G1 Conc#0" [stack: 0x00000081b3900000,0x00000081b3a00000] [id=13852]
  0x000001dab9b0d800 ConcurrentGCThread "G1 Refine#0" [stack: 0x00000081b3a00000,0x00000081b3b00000] [id=13660]
  0x000001dad3496800 ConcurrentGCThread "G1 Young RemSet Sampling" [stack: 0x00000081b3b00000,0x00000081b3c00000] [id=13596]

Threads with active compile tasks:
C2 CompilerThread0  11263 11241       4       com.google.common.collect.ImmutableMultimap$EntryCollection::iterator (5 bytes)
C2 CompilerThread1  11263 11203       4       com.google.common.collect.ImmutableSortedMap$Builder::build (87 bytes)

VM state:at safepoint (normal execution)

VM Mutex/Monitor currently owned by a thread:  ([mutex/lock_event])
[0x000001dab9a430f0] Threads_lock - owner thread: 0x000001dad3647800
[0x000001dab9a420a0] Heap_lock - owner thread: 0x000001dad61c9800

Heap address: 0x0000000080000000, size: 2048 MB, Compressed Oops mode: 32-bit
Narrow klass base: 0x0000000000000000, Narrow klass shift: 3
Compressed class space size: 1073741824 Address: 0x0000000100000000

Heap:
 garbage-first heap   total 273408K, used 90105K [0x0000000080000000, 0x0000000100000000)
  region size 1024K, 11 young (11264K), 11 survivors (11264K)
 Metaspace       used 92405K, capacity 94536K, committed 94808K, reserved 1130496K
  class space    used 12006K, capacity 12819K, committed 12888K, reserved 1048576K
Heap Regions: E=young(eden), S=young(survivor), O=old, HS=humongous(starts), HC=humongous(continues), CS=collection set, F=free, A=archive, TAMS=top-at-mark-start (previous, next)
|   0|0x0000000080000000, 0x0000000080100000, 0x0000000080100000|100%|HS|  |TAMS 0x0000000080100000, 0x0000000080000000| Complete 
|   1|0x0000000080100000, 0x0000000080200000, 0x0000000080200000|100%|HC|  |TAMS 0x0000000080200000, 0x0000000080100000| Complete 
|   2|0x0000000080200000, 0x0000000080300000, 0x0000000080300000|100%|HC|  |TAMS 0x0000000080300000, 0x0000000080200000| Complete 
|   3|0x0000000080300000, 0x0000000080400000, 0x0000000080400000|100%| O|  |TAMS 0x0000000080400000, 0x0000000080300000| Untracked 
|   4|0x0000000080400000, 0x0000000080500000, 0x0000000080500000|100%| O|  |TAMS 0x0000000080500000, 0x0000000080400000| Untracked 
|   5|0x0000000080500000, 0x0000000080600000, 0x0000000080600000|100%| O|  |TAMS 0x0000000080600000, 0x0000000080500000| Untracked 
|   6|0x0000000080600000, 0x0000000080700000, 0x0000000080700000|100%| O|  |TAMS 0x0000000080700000, 0x0000000080600000| Untracked 
|   7|0x0000000080700000, 0x0000000080800000, 0x0000000080800000|100%| O|  |TAMS 0x0000000080800000, 0x0000000080700000| Untracked 
|   8|0x0000000080800000, 0x0000000080900000, 0x0000000080900000|100%| O|  |TAMS 0x0000000080900000, 0x0000000080800000| Untracked 
|   9|0x0000000080900000, 0x0000000080a00000, 0x0000000080a00000|100%| O|  |TAMS 0x0000000080a00000, 0x0000000080900000| Untracked 
|  10|0x0000000080a00000, 0x0000000080b00000, 0x0000000080b00000|100%| O|  |TAMS 0x0000000080b00000, 0x0000000080a00000| Untracked 
|  11|0x0000000080b00000, 0x0000000080c00000, 0x0000000080c00000|100%| O|  |TAMS 0x0000000080c00000, 0x0000000080b00000| Untracked 
|  12|0x0000000080c00000, 0x0000000080d00000, 0x0000000080d00000|100%| O|  |TAMS 0x0000000080d00000, 0x0000000080c00000| Untracked 
|  13|0x0000000080d00000, 0x0000000080e00000, 0x0000000080e00000|100%| O|  |TAMS 0x0000000080e00000, 0x0000000080d00000| Untracked 
|  14|0x0000000080e00000, 0x0000000080f00000, 0x0000000080f00000|100%| O|  |TAMS 0x0000000080f00000, 0x0000000080e00000| Untracked 
|  15|0x0000000080f00000, 0x0000000081000000, 0x0000000081000000|100%| O|  |TAMS 0x0000000081000000, 0x0000000080f00000| Untracked 
|  16|0x0000000081000000, 0x0000000081100000, 0x0000000081100000|100%| O|  |TAMS 0x0000000081100000, 0x0000000081000000| Untracked 
|  17|0x0000000081100000, 0x0000000081200000, 0x0000000081200000|100%|HS|  |TAMS 0x0000000081200000, 0x0000000081100000| Complete 
|  18|0x0000000081200000, 0x0000000081300000, 0x0000000081300000|100%| O|  |TAMS 0x0000000081300000, 0x0000000081200000| Untracked 
|  19|0x0000000081300000, 0x0000000081400000, 0x0000000081400000|100%| O|  |TAMS 0x0000000081400000, 0x0000000081300000| Untracked 
|  20|0x0000000081400000, 0x0000000081500000, 0x0000000081500000|100%| O|  |TAMS 0x0000000081500000, 0x0000000081400000| Untracked 
|  21|0x0000000081500000, 0x0000000081600000, 0x0000000081600000|100%| O|  |TAMS 0x0000000081600000, 0x0000000081500000| Untracked 
|  22|0x0000000081600000, 0x0000000081700000, 0x0000000081700000|100%| O|  |TAMS 0x0000000081700000, 0x0000000081600000| Untracked 
|  23|0x0000000081700000, 0x0000000081800000, 0x0000000081800000|100%| O|  |TAMS 0x0000000081800000, 0x0000000081700000| Untracked 
|  24|0x0000000081800000, 0x0000000081900000, 0x0000000081900000|100%| O|  |TAMS 0x0000000081900000, 0x0000000081800000| Untracked 
|  25|0x0000000081900000, 0x0000000081a00000, 0x0000000081a00000|100%| O|  |TAMS 0x0000000081a00000, 0x0000000081900000| Untracked 
|  26|0x0000000081a00000, 0x0000000081b00000, 0x0000000081b00000|100%| O|  |TAMS 0x0000000081b00000, 0x0000000081a00000| Untracked 
|  27|0x0000000081b00000, 0x0000000081c00000, 0x0000000081c00000|100%| O|  |TAMS 0x0000000081c00000, 0x0000000081b00000| Untracked 
|  28|0x0000000081c00000, 0x0000000081d00000, 0x0000000081d00000|100%|HS|  |TAMS 0x0000000081d00000, 0x0000000081c00000| Complete 
|  29|0x0000000081d00000, 0x0000000081e00000, 0x0000000081e00000|100%|HS|  |TAMS 0x0000000081e00000, 0x0000000081d00000| Complete 
|  30|0x0000000081e00000, 0x0000000081f00000, 0x0000000081f00000|100%|HS|  |TAMS 0x0000000081f00000, 0x0000000081e00000| Complete 
|  31|0x0000000081f00000, 0x0000000082000000, 0x0000000082000000|100%|HC|  |TAMS 0x0000000082000000, 0x0000000081f00000| Complete 
|  32|0x0000000082000000, 0x0000000082100000, 0x0000000082100000|100%|HC|  |TAMS 0x0000000082100000, 0x0000000082000000| Complete 
|  33|0x0000000082100000, 0x0000000082200000, 0x0000000082200000|100%|HS|  |TAMS 0x0000000082200000, 0x0000000082100000| Complete 
|  34|0x0000000082200000, 0x0000000082300000, 0x0000000082300000|100%|HC|  |TAMS 0x0000000082300000, 0x0000000082200000| Complete 
|  35|0x0000000082300000, 0x0000000082400000, 0x0000000082400000|100%| O|  |TAMS 0x0000000082400000, 0x0000000082300000| Untracked 
|  36|0x0000000082400000, 0x0000000082500000, 0x0000000082500000|100%| O|  |TAMS 0x0000000082500000, 0x0000000082400000| Untracked 
|  37|0x0000000082500000, 0x0000000082600000, 0x0000000082600000|100%| O|  |TAMS 0x0000000082600000, 0x0000000082500000| Untracked 
|  38|0x0000000082600000, 0x0000000082700000, 0x0000000082700000|100%| O|  |TAMS 0x0000000082700000, 0x0000000082600000| Untracked 
|  39|0x0000000082700000, 0x0000000082800000, 0x0000000082800000|100%| O|  |TAMS 0x0000000082800000, 0x0000000082700000| Untracked 
|  40|0x0000000082800000, 0x0000000082900000, 0x0000000082900000|100%| O|  |TAMS 0x0000000082900000, 0x0000000082800000| Untracked 
|  41|0x0000000082900000, 0x0000000082a00000, 0x0000000082a00000|100%| O|  |TAMS 0x0000000082a00000, 0x0000000082900000| Untracked 
|  42|0x0000000082a00000, 0x0000000082b00000, 0x0000000082b00000|100%| O|  |TAMS 0x0000000082b00000, 0x0000000082a00000| Untracked 
|  43|0x0000000082b00000, 0x0000000082c00000, 0x0000000082c00000|100%| O|  |TAMS 0x0000000082c00000, 0x0000000082b00000| Untracked 
|  44|0x0000000082c00000, 0x0000000082d00000, 0x0000000082d00000|100%| O|  |TAMS 0x0000000082d00000, 0x0000000082c00000| Untracked 
|  45|0x0000000082d00000, 0x0000000082e00000, 0x0000000082e00000|100%| O|  |TAMS 0x0000000082e00000, 0x0000000082d00000| Untracked 
|  46|0x0000000082e00000, 0x0000000082f00000, 0x0000000082f00000|100%| O|  |TAMS 0x0000000082f00000, 0x0000000082e00000| Untracked 
|  47|0x0000000082f00000, 0x0000000083000000, 0x0000000083000000|100%| O|  |TAMS 0x0000000083000000, 0x0000000082f00000| Untracked 
|  48|0x0000000083000000, 0x0000000083100000, 0x0000000083100000|100%| O|  |TAMS 0x0000000083100000, 0x0000000083000000| Untracked 
|  49|0x0000000083100000, 0x0000000083200000, 0x0000000083200000|100%| O|  |TAMS 0x0000000083197200, 0x0000000083100000| Untracked 
|  50|0x0000000083200000, 0x0000000083300000, 0x0000000083300000|100%| O|  |TAMS 0x0000000083200000, 0x0000000083200000| Untracked 
|  51|0x0000000083300000, 0x0000000083400000, 0x0000000083400000|100%| O|  |TAMS 0x0000000083300000, 0x0000000083300000| Untracked 
|  52|0x0000000083400000, 0x0000000083500000, 0x0000000083500000|100%| O|  |TAMS 0x0000000083400000, 0x0000000083400000| Untracked 
|  53|0x0000000083500000, 0x0000000083600000, 0x0000000083600000|100%| O|  |TAMS 0x0000000083500000, 0x0000000083500000| Untracked 
|  54|0x0000000083600000, 0x0000000083700000, 0x0000000083700000|100%| O|  |TAMS 0x0000000083600000, 0x0000000083600000| Untracked 
|  55|0x0000000083700000, 0x0000000083800000, 0x0000000083800000|100%| O|  |TAMS 0x0000000083700000, 0x0000000083700000| Untracked 
|  56|0x0000000083800000, 0x0000000083900000, 0x0000000083900000|100%| O|  |TAMS 0x0000000083800000, 0x0000000083800000| Untracked 
|  57|0x0000000083900000, 0x0000000083a00000, 0x0000000083a00000|100%| O|  |TAMS 0x0000000083900000, 0x0000000083900000| Untracked 
|  58|0x0000000083a00000, 0x0000000083b00000, 0x0000000083b00000|100%| O|  |TAMS 0x0000000083a00000, 0x0000000083a00000| Untracked 
|  59|0x0000000083b00000, 0x0000000083c00000, 0x0000000083c00000|100%| O|  |TAMS 0x0000000083b00000, 0x0000000083b00000| Untracked 
|  60|0x0000000083c00000, 0x0000000083d00000, 0x0000000083d00000|100%| O|  |TAMS 0x0000000083c00000, 0x0000000083c00000| Untracked 
|  61|0x0000000083d00000, 0x0000000083e00000, 0x0000000083e00000|100%| O|  |TAMS 0x0000000083d00000, 0x0000000083d00000| Untracked 
|  62|0x0000000083e00000, 0x0000000083f00000, 0x0000000083f00000|100%| O|  |TAMS 0x0000000083e00000, 0x0000000083e00000| Untracked 
|  63|0x0000000083f00000, 0x0000000084000000, 0x0000000084000000|100%| O|  |TAMS 0x0000000083f00000, 0x0000000083f00000| Untracked 
|  64|0x0000000084000000, 0x0000000084100000, 0x0000000084100000|100%| O|  |TAMS 0x0000000084000000, 0x0000000084000000| Untracked 
|  65|0x0000000084100000, 0x0000000084200000, 0x0000000084200000|100%| O|  |TAMS 0x0000000084100000, 0x0000000084100000| Untracked 
|  66|0x0000000084200000, 0x0000000084300000, 0x0000000084300000|100%| O|  |TAMS 0x0000000084200000, 0x0000000084200000| Untracked 
|  67|0x0000000084300000, 0x0000000084400000, 0x0000000084400000|100%| O|  |TAMS 0x0000000084300000, 0x0000000084300000| Untracked 
|  68|0x0000000084400000, 0x0000000084500000, 0x0000000084500000|100%| O|  |TAMS 0x0000000084400000, 0x0000000084400000| Untracked 
|  69|0x0000000084500000, 0x0000000084600000, 0x0000000084600000|100%| O|  |TAMS 0x0000000084500000, 0x0000000084500000| Untracked 
|  70|0x0000000084600000, 0x0000000084700000, 0x0000000084700000|100%| O|  |TAMS 0x0000000084600000, 0x0000000084600000| Untracked 
|  71|0x0000000084700000, 0x0000000084800000, 0x0000000084800000|100%| O|  |TAMS 0x0000000084700000, 0x0000000084700000| Untracked 
|  72|0x0000000084800000, 0x0000000084900000, 0x0000000084900000|100%| O|  |TAMS 0x0000000084800000, 0x0000000084800000| Untracked 
|  73|0x0000000084900000, 0x0000000084a00000, 0x0000000084a00000|100%| O|  |TAMS 0x0000000084900000, 0x0000000084900000| Untracked 
|  74|0x0000000084a00000, 0x0000000084b00000, 0x0000000084b00000|100%| O|  |TAMS 0x0000000084a00000, 0x0000000084a00000| Untracked 
|  75|0x0000000084b00000, 0x0000000084c00000, 0x0000000084c00000|100%| O|  |TAMS 0x0000000084b00000, 0x0000000084b00000| Untracked 
|  76|0x0000000084c00000, 0x0000000084d00000, 0x0000000084d00000|100%| O|  |TAMS 0x0000000084c00000, 0x0000000084c00000| Untracked 
|  77|0x0000000084d00000, 0x0000000084d00000, 0x0000000084e00000|  0%| F|  |TAMS 0x0000000084d00000, 0x0000000084d00000| Untracked 
|  78|0x0000000084e00000, 0x0000000084e00000, 0x0000000084f00000|  0%| F|  |TAMS 0x0000000084e00000, 0x0000000084e00000| Untracked 
|  79|0x0000000084f00000, 0x0000000084f00000, 0x0000000085000000|  0%| F|  |TAMS 0x0000000084f00000, 0x0000000084f00000| Untracked 
|  80|0x0000000085000000, 0x0000000085000000, 0x0000000085100000|  0%| F|  |TAMS 0x0000000085000000, 0x0000000085000000| Untracked 
|  81|0x0000000085100000, 0x0000000085100000, 0x0000000085200000|  0%| F|  |TAMS 0x0000000085100000, 0x0000000085100000| Untracked 
|  82|0x0000000085200000, 0x0000000085200000, 0x0000000085300000|  0%| F|  |TAMS 0x0000000085200000, 0x0000000085200000| Untracked 
|  83|0x0000000085300000, 0x0000000085300000, 0x0000000085400000|  0%| F|  |TAMS 0x0000000085300000, 0x0000000085300000| Untracked 
|  84|0x0000000085400000, 0x0000000085400000, 0x0000000085500000|  0%| F|  |TAMS 0x0000000085400000, 0x0000000085400000| Untracked 
|  85|0x0000000085500000, 0x0000000085500000, 0x0000000085600000|  0%| F|  |TAMS 0x0000000085500000, 0x0000000085500000| Untracked 
|  86|0x0000000085600000, 0x0000000085600000, 0x0000000085700000|  0%| F|  |TAMS 0x0000000085600000, 0x0000000085600000| Untracked 
|  87|0x0000000085700000, 0x0000000085700000, 0x0000000085800000|  0%| F|  |TAMS 0x0000000085700000, 0x0000000085700000| Untracked 
|  88|0x0000000085800000, 0x0000000085800000, 0x0000000085900000|  0%| F|  |TAMS 0x0000000085800000, 0x0000000085800000| Untracked 
|  89|0x0000000085900000, 0x0000000085900000, 0x0000000085a00000|  0%| F|  |TAMS 0x0000000085900000, 0x0000000085900000| Untracked 
|  90|0x0000000085a00000, 0x0000000085a00000, 0x0000000085b00000|  0%| F|  |TAMS 0x0000000085a00000, 0x0000000085a00000| Untracked 
|  91|0x0000000085b00000, 0x0000000085b00000, 0x0000000085c00000|  0%| F|  |TAMS 0x0000000085b00000, 0x0000000085b00000| Untracked 
|  92|0x0000000085c00000, 0x0000000085c00000, 0x0000000085d00000|  0%| F|  |TAMS 0x0000000085c00000, 0x0000000085c00000| Untracked 
|  93|0x0000000085d00000, 0x0000000085d00000, 0x0000000085e00000|  0%| F|  |TAMS 0x0000000085d00000, 0x0000000085d00000| Untracked 
|  94|0x0000000085e00000, 0x0000000085e00000, 0x0000000085f00000|  0%| F|  |TAMS 0x0000000085e00000, 0x0000000085e00000| Untracked 
|  95|0x0000000085f00000, 0x0000000085f00000, 0x0000000086000000|  0%| F|  |TAMS 0x0000000085f00000, 0x0000000085f00000| Untracked 
|  96|0x0000000086000000, 0x0000000086000000, 0x0000000086100000|  0%| F|  |TAMS 0x0000000086000000, 0x0000000086000000| Untracked 
|  97|0x0000000086100000, 0x0000000086100000, 0x0000000086200000|  0%| F|  |TAMS 0x0000000086100000, 0x0000000086100000| Untracked 
|  98|0x0000000086200000, 0x0000000086200000, 0x0000000086300000|  0%| F|  |TAMS 0x0000000086200000, 0x0000000086200000| Untracked 
|  99|0x0000000086300000, 0x0000000086300000, 0x0000000086400000|  0%| F|  |TAMS 0x0000000086300000, 0x0000000086300000| Untracked 
| 100|0x0000000086400000, 0x0000000086400000, 0x0000000086500000|  0%| F|  |TAMS 0x0000000086400000, 0x0000000086400000| Untracked 
| 101|0x0000000086500000, 0x0000000086500000, 0x0000000086600000|  0%| F|  |TAMS 0x0000000086500000, 0x0000000086500000| Untracked 
| 102|0x0000000086600000, 0x0000000086600000, 0x0000000086700000|  0%| F|  |TAMS 0x0000000086600000, 0x0000000086600000| Untracked 
| 103|0x0000000086700000, 0x0000000086700000, 0x0000000086800000|  0%| F|  |TAMS 0x0000000086700000, 0x0000000086700000| Untracked 
| 104|0x0000000086800000, 0x0000000086800000, 0x0000000086900000|  0%| F|  |TAMS 0x0000000086800000, 0x0000000086800000| Untracked 
| 105|0x0000000086900000, 0x0000000086900000, 0x0000000086a00000|  0%| F|  |TAMS 0x0000000086900000, 0x0000000086900000| Untracked 
| 106|0x0000000086a00000, 0x0000000086a00000, 0x0000000086b00000|  0%| F|  |TAMS 0x0000000086a00000, 0x0000000086a00000| Untracked 
| 107|0x0000000086b00000, 0x0000000086b00000, 0x0000000086c00000|  0%| F|  |TAMS 0x0000000086b00000, 0x0000000086b00000| Untracked 
| 108|0x0000000086c00000, 0x0000000086c00000, 0x0000000086d00000|  0%| F|  |TAMS 0x0000000086c00000, 0x0000000086c00000| Untracked 
| 109|0x0000000086d00000, 0x0000000086d00000, 0x0000000086e00000|  0%| F|  |TAMS 0x0000000086d00000, 0x0000000086d00000| Untracked 
| 110|0x0000000086e00000, 0x0000000086e00000, 0x0000000086f00000|  0%| F|  |TAMS 0x0000000086e00000, 0x0000000086e00000| Untracked 
| 111|0x0000000086f00000, 0x0000000086f00000, 0x0000000087000000|  0%| F|  |TAMS 0x0000000086f00000, 0x0000000086f00000| Untracked 
| 112|0x0000000087000000, 0x0000000087000000, 0x0000000087100000|  0%| F|  |TAMS 0x0000000087000000, 0x0000000087000000| Untracked 
| 113|0x0000000087100000, 0x0000000087100000, 0x0000000087200000|  0%| F|  |TAMS 0x0000000087100000, 0x0000000087100000| Untracked 
| 114|0x0000000087200000, 0x0000000087200000, 0x0000000087300000|  0%| F|  |TAMS 0x0000000087200000, 0x0000000087200000| Untracked 
| 115|0x0000000087300000, 0x00000000873fe7d0, 0x0000000087400000| 99%| S|CS|TAMS 0x0000000087300000, 0x0000000087300000| Complete 
| 116|0x0000000087400000, 0x0000000087500000, 0x0000000087500000|100%| S|CS|TAMS 0x0000000087400000, 0x0000000087400000| Complete 
| 117|0x0000000087500000, 0x0000000087500000, 0x0000000087600000|  0%| F|  |TAMS 0x0000000087500000, 0x0000000087500000| Untracked 
| 118|0x0000000087600000, 0x0000000087600000, 0x0000000087700000|  0%| F|  |TAMS 0x0000000087600000, 0x0000000087600000| Untracked 
| 119|0x0000000087700000, 0x0000000087700000, 0x0000000087800000|  0%| F|  |TAMS 0x0000000087700000, 0x0000000087700000| Untracked 
| 120|0x0000000087800000, 0x0000000087800000, 0x0000000087900000|  0%| F|  |TAMS 0x0000000087800000, 0x0000000087800000| Untracked 
| 121|0x0000000087900000, 0x0000000087900000, 0x0000000087a00000|  0%| F|  |TAMS 0x0000000087900000, 0x0000000087900000| Untracked 
| 122|0x0000000087a00000, 0x0000000087a00000, 0x0000000087b00000|  0%| F|  |TAMS 0x0000000087a00000, 0x0000000087a00000| Untracked 
| 123|0x0000000087b00000, 0x0000000087b00000, 0x0000000087c00000|  0%| F|  |TAMS 0x0000000087b00000, 0x0000000087b00000| Untracked 
| 124|0x0000000087c00000, 0x0000000087c00000, 0x0000000087d00000|  0%| F|  |TAMS 0x0000000087c00000, 0x0000000087c00000| Untracked 
| 125|0x0000000087d00000, 0x0000000087d00000, 0x0000000087e00000|  0%| F|  |TAMS 0x0000000087d00000, 0x0000000087d00000| Untracked 
| 126|0x0000000087e00000, 0x0000000087e00000, 0x0000000087f00000|  0%| F|  |TAMS 0x0000000087e00000, 0x0000000087e00000| Untracked 
| 127|0x0000000087f00000, 0x0000000087f00000, 0x0000000088000000|  0%| F|  |TAMS 0x0000000087f00000, 0x0000000087f00000| Untracked 
| 128|0x0000000088000000, 0x0000000088100000, 0x0000000088100000|100%| S|CS|TAMS 0x0000000088000000, 0x0000000088000000| Complete 
| 129|0x0000000088100000, 0x0000000088200000, 0x0000000088200000|100%| S|CS|TAMS 0x0000000088100000, 0x0000000088100000| Complete 
| 130|0x0000000088200000, 0x0000000088300000, 0x0000000088300000|100%| S|CS|TAMS 0x0000000088200000, 0x0000000088200000| Complete 
| 131|0x0000000088300000, 0x0000000088400000, 0x0000000088400000|100%| S|CS|TAMS 0x0000000088300000, 0x0000000088300000| Complete 
| 132|0x0000000088400000, 0x0000000088500000, 0x0000000088500000|100%| S|CS|TAMS 0x0000000088400000, 0x0000000088400000| Complete 
| 133|0x0000000088500000, 0x0000000088600000, 0x0000000088600000|100%| S|CS|TAMS 0x0000000088500000, 0x0000000088500000| Complete 
| 134|0x0000000088600000, 0x0000000088700000, 0x0000000088700000|100%| S|CS|TAMS 0x0000000088600000, 0x0000000088600000| Complete 
| 135|0x0000000088700000, 0x0000000088800000, 0x0000000088800000|100%| S|CS|TAMS 0x0000000088700000, 0x0000000088700000| Complete 
| 136|0x0000000088800000, 0x0000000088900000, 0x0000000088900000|100%| S|CS|TAMS 0x0000000088800000, 0x0000000088800000| Complete 
| 137|0x0000000088900000, 0x0000000088900000, 0x0000000088a00000|  0%| F|  |TAMS 0x0000000088900000, 0x0000000088900000| Untracked 
| 138|0x0000000088a00000, 0x0000000088a00000, 0x0000000088b00000|  0%| F|  |TAMS 0x0000000088a00000, 0x0000000088a00000| Untracked 
| 139|0x0000000088b00000, 0x0000000088b00000, 0x0000000088c00000|  0%| F|  |TAMS 0x0000000088b00000, 0x0000000088b00000| Untracked 
| 140|0x0000000088c00000, 0x0000000088c00000, 0x0000000088d00000|  0%| F|  |TAMS 0x0000000088c00000, 0x0000000088c00000| Untracked 
| 141|0x0000000088d00000, 0x0000000088d00000, 0x0000000088e00000|  0%| F|  |TAMS 0x0000000088d00000, 0x0000000088d00000| Untracked 
| 142|0x0000000088e00000, 0x0000000088e00000, 0x0000000088f00000|  0%| F|  |TAMS 0x0000000088e00000, 0x0000000088e00000| Untracked 
| 143|0x0000000088f00000, 0x0000000088f00000, 0x0000000089000000|  0%| F|  |TAMS 0x0000000088f00000, 0x0000000088f00000| Untracked 
| 144|0x0000000089000000, 0x0000000089000000, 0x0000000089100000|  0%| F|  |TAMS 0x0000000089000000, 0x0000000089000000| Untracked 
| 145|0x0000000089100000, 0x0000000089100000, 0x0000000089200000|  0%| F|  |TAMS 0x0000000089100000, 0x0000000089100000| Untracked 
| 146|0x0000000089200000, 0x0000000089200000, 0x0000000089300000|  0%| F|  |TAMS 0x0000000089200000, 0x0000000089200000| Untracked 
| 147|0x0000000089300000, 0x0000000089300000, 0x0000000089400000|  0%| F|  |TAMS 0x0000000089300000, 0x0000000089300000| Untracked 
| 148|0x0000000089400000, 0x0000000089400000, 0x0000000089500000|  0%| F|  |TAMS 0x0000000089400000, 0x0000000089400000| Untracked 
| 149|0x0000000089500000, 0x0000000089500000, 0x0000000089600000|  0%| F|  |TAMS 0x0000000089500000, 0x0000000089500000| Untracked 
| 150|0x0000000089600000, 0x0000000089600000, 0x0000000089700000|  0%| F|  |TAMS 0x0000000089600000, 0x0000000089600000| Untracked 
| 151|0x0000000089700000, 0x0000000089700000, 0x0000000089800000|  0%| F|  |TAMS 0x0000000089700000, 0x0000000089700000| Untracked 
| 152|0x0000000089800000, 0x0000000089800000, 0x0000000089900000|  0%| F|  |TAMS 0x0000000089800000, 0x0000000089800000| Untracked 
| 153|0x0000000089900000, 0x0000000089900000, 0x0000000089a00000|  0%| F|  |TAMS 0x0000000089900000, 0x0000000089900000| Untracked 
| 154|0x0000000089a00000, 0x0000000089a00000, 0x0000000089b00000|  0%| F|  |TAMS 0x0000000089a00000, 0x0000000089a00000| Untracked 
| 155|0x0000000089b00000, 0x0000000089b00000, 0x0000000089c00000|  0%| F|  |TAMS 0x0000000089b00000, 0x0000000089b00000| Untracked 
| 156|0x0000000089c00000, 0x0000000089c00000, 0x0000000089d00000|  0%| F|  |TAMS 0x0000000089c00000, 0x0000000089c00000| Untracked 
| 157|0x0000000089d00000, 0x0000000089d00000, 0x0000000089e00000|  0%| F|  |TAMS 0x0000000089d00000, 0x0000000089d00000| Untracked 
| 158|0x0000000089e00000, 0x0000000089e00000, 0x0000000089f00000|  0%| F|  |TAMS 0x0000000089e00000, 0x0000000089e00000| Untracked 
| 159|0x0000000089f00000, 0x0000000089f00000, 0x000000008a000000|  0%| F|  |TAMS 0x0000000089f00000, 0x0000000089f00000| Untracked 
| 160|0x000000008a000000, 0x000000008a000000, 0x000000008a100000|  0%| F|  |TAMS 0x000000008a000000, 0x000000008a000000| Untracked 
| 161|0x000000008a100000, 0x000000008a100000, 0x000000008a200000|  0%| F|  |TAMS 0x000000008a100000, 0x000000008a100000| Untracked 
| 162|0x000000008a200000, 0x000000008a200000, 0x000000008a300000|  0%| F|  |TAMS 0x000000008a200000, 0x000000008a200000| Untracked 
| 163|0x000000008a300000, 0x000000008a300000, 0x000000008a400000|  0%| F|  |TAMS 0x000000008a300000, 0x000000008a300000| Untracked 
| 164|0x000000008a400000, 0x000000008a400000, 0x000000008a500000|  0%| F|  |TAMS 0x000000008a400000, 0x000000008a400000| Untracked 
| 165|0x000000008a500000, 0x000000008a500000, 0x000000008a600000|  0%| F|  |TAMS 0x000000008a500000, 0x000000008a500000| Untracked 
| 166|0x000000008a600000, 0x000000008a600000, 0x000000008a700000|  0%| F|  |TAMS 0x000000008a600000, 0x000000008a600000| Untracked 
| 167|0x000000008a700000, 0x000000008a700000, 0x000000008a800000|  0%| F|  |TAMS 0x000000008a700000, 0x000000008a700000| Untracked 
| 168|0x000000008a800000, 0x000000008a800000, 0x000000008a900000|  0%| F|  |TAMS 0x000000008a800000, 0x000000008a800000| Untracked 
| 169|0x000000008a900000, 0x000000008a900000, 0x000000008aa00000|  0%| F|  |TAMS 0x000000008a900000, 0x000000008a900000| Untracked 
| 170|0x000000008aa00000, 0x000000008aa00000, 0x000000008ab00000|  0%| F|  |TAMS 0x000000008aa00000, 0x000000008aa00000| Untracked 
| 171|0x000000008ab00000, 0x000000008ab00000, 0x000000008ac00000|  0%| F|  |TAMS 0x000000008ab00000, 0x000000008ab00000| Untracked 
| 172|0x000000008ac00000, 0x000000008ac00000, 0x000000008ad00000|  0%| F|  |TAMS 0x000000008ac00000, 0x000000008ac00000| Untracked 
| 173|0x000000008ad00000, 0x000000008ad00000, 0x000000008ae00000|  0%| F|  |TAMS 0x000000008ad00000, 0x000000008ad00000| Untracked 
| 174|0x000000008ae00000, 0x000000008ae00000, 0x000000008af00000|  0%| F|  |TAMS 0x000000008ae00000, 0x000000008ae00000| Untracked 
| 175|0x000000008af00000, 0x000000008af00000, 0x000000008b000000|  0%| F|  |TAMS 0x000000008af00000, 0x000000008af00000| Untracked 
| 176|0x000000008b000000, 0x000000008b000000, 0x000000008b100000|  0%| F|  |TAMS 0x000000008b000000, 0x000000008b000000| Untracked 
| 177|0x000000008b100000, 0x000000008b100000, 0x000000008b200000|  0%| F|  |TAMS 0x000000008b100000, 0x000000008b100000| Untracked 
| 178|0x000000008b200000, 0x000000008b200000, 0x000000008b300000|  0%| F|  |TAMS 0x000000008b200000, 0x000000008b200000| Untracked 
| 179|0x000000008b300000, 0x000000008b300000, 0x000000008b400000|  0%| F|  |TAMS 0x000000008b300000, 0x000000008b300000| Untracked 
| 180|0x000000008b400000, 0x000000008b400000, 0x000000008b500000|  0%| F|  |TAMS 0x000000008b400000, 0x000000008b400000| Untracked 
| 181|0x000000008b500000, 0x000000008b500000, 0x000000008b600000|  0%| F|  |TAMS 0x000000008b500000, 0x000000008b500000| Untracked 
| 182|0x000000008b600000, 0x000000008b600000, 0x000000008b700000|  0%| F|  |TAMS 0x000000008b600000, 0x000000008b600000| Untracked 
| 183|0x000000008b700000, 0x000000008b700000, 0x000000008b800000|  0%| F|  |TAMS 0x000000008b700000, 0x000000008b700000| Untracked 
| 184|0x000000008b800000, 0x000000008b800000, 0x000000008b900000|  0%| F|  |TAMS 0x000000008b800000, 0x000000008b800000| Untracked 
| 185|0x000000008b900000, 0x000000008b900000, 0x000000008ba00000|  0%| F|  |TAMS 0x000000008b900000, 0x000000008b900000| Untracked 
| 186|0x000000008ba00000, 0x000000008ba00000, 0x000000008bb00000|  0%| F|  |TAMS 0x000000008ba00000, 0x000000008ba00000| Untracked 
| 187|0x000000008bb00000, 0x000000008bb00000, 0x000000008bc00000|  0%| F|  |TAMS 0x000000008bb00000, 0x000000008bb00000| Untracked 
| 188|0x000000008bc00000, 0x000000008bc00000, 0x000000008bd00000|  0%| F|  |TAMS 0x000000008bc00000, 0x000000008bc00000| Untracked 
| 189|0x000000008bd00000, 0x000000008bd00000, 0x000000008be00000|  0%| F|  |TAMS 0x000000008bd00000, 0x000000008bd00000| Untracked 
| 190|0x000000008be00000, 0x000000008be00000, 0x000000008bf00000|  0%| F|  |TAMS 0x000000008be00000, 0x000000008be00000| Untracked 
| 191|0x000000008bf00000, 0x000000008bf00000, 0x000000008c000000|  0%| F|  |TAMS 0x000000008bf00000, 0x000000008bf00000| Untracked 
| 192|0x000000008c000000, 0x000000008c000000, 0x000000008c100000|  0%| F|  |TAMS 0x000000008c000000, 0x000000008c000000| Untracked 
| 193|0x000000008c100000, 0x000000008c100000, 0x000000008c200000|  0%| F|  |TAMS 0x000000008c100000, 0x000000008c100000| Untracked 
| 194|0x000000008c200000, 0x000000008c200000, 0x000000008c300000|  0%| F|  |TAMS 0x000000008c200000, 0x000000008c200000| Untracked 
| 195|0x000000008c300000, 0x000000008c300000, 0x000000008c400000|  0%| F|  |TAMS 0x000000008c300000, 0x000000008c300000| Untracked 
| 196|0x000000008c400000, 0x000000008c400000, 0x000000008c500000|  0%| F|  |TAMS 0x000000008c400000, 0x000000008c400000| Untracked 
| 197|0x000000008c500000, 0x000000008c500000, 0x000000008c600000|  0%| F|  |TAMS 0x000000008c500000, 0x000000008c500000| Untracked 
| 198|0x000000008c600000, 0x000000008c600000, 0x000000008c700000|  0%| F|  |TAMS 0x000000008c600000, 0x000000008c600000| Untracked 
| 199|0x000000008c700000, 0x000000008c700000, 0x000000008c800000|  0%| F|  |TAMS 0x000000008c700000, 0x000000008c700000| Untracked 
| 200|0x000000008c800000, 0x000000008c800000, 0x000000008c900000|  0%| F|  |TAMS 0x000000008c800000, 0x000000008c800000| Untracked 
| 201|0x000000008c900000, 0x000000008c900000, 0x000000008ca00000|  0%| F|  |TAMS 0x000000008c900000, 0x000000008c900000| Untracked 
| 202|0x000000008ca00000, 0x000000008ca00000, 0x000000008cb00000|  0%| F|  |TAMS 0x000000008ca00000, 0x000000008ca00000| Untracked 
| 203|0x000000008cb00000, 0x000000008cb00000, 0x000000008cc00000|  0%| F|  |TAMS 0x000000008cb00000, 0x000000008cb00000| Untracked 
| 204|0x000000008cc00000, 0x000000008cc00000, 0x000000008cd00000|  0%| F|  |TAMS 0x000000008cc00000, 0x000000008cc00000| Untracked 
| 205|0x000000008cd00000, 0x000000008cd00000, 0x000000008ce00000|  0%| F|  |TAMS 0x000000008cd00000, 0x000000008cd00000| Untracked 
| 206|0x000000008ce00000, 0x000000008ce00000, 0x000000008cf00000|  0%| F|  |TAMS 0x000000008ce00000, 0x000000008ce00000| Untracked 
| 207|0x000000008cf00000, 0x000000008cf00000, 0x000000008d000000|  0%| F|  |TAMS 0x000000008cf00000, 0x000000008cf00000| Untracked 
| 208|0x000000008d000000, 0x000000008d000000, 0x000000008d100000|  0%| F|  |TAMS 0x000000008d000000, 0x000000008d000000| Untracked 
| 209|0x000000008d100000, 0x000000008d100000, 0x000000008d200000|  0%| F|  |TAMS 0x000000008d100000, 0x000000008d100000| Untracked 
| 210|0x000000008d200000, 0x000000008d200000, 0x000000008d300000|  0%| F|  |TAMS 0x000000008d200000, 0x000000008d200000| Untracked 
| 211|0x000000008d300000, 0x000000008d300000, 0x000000008d400000|  0%| F|  |TAMS 0x000000008d300000, 0x000000008d300000| Untracked 
| 212|0x000000008d400000, 0x000000008d400000, 0x000000008d500000|  0%| F|  |TAMS 0x000000008d400000, 0x000000008d400000| Untracked 
| 213|0x000000008d500000, 0x000000008d500000, 0x000000008d600000|  0%| F|  |TAMS 0x000000008d500000, 0x000000008d500000| Untracked 
| 214|0x000000008d600000, 0x000000008d600000, 0x000000008d700000|  0%| F|  |TAMS 0x000000008d600000, 0x000000008d600000| Untracked 
| 215|0x000000008d700000, 0x000000008d700000, 0x000000008d800000|  0%| F|  |TAMS 0x000000008d700000, 0x000000008d700000| Untracked 
| 216|0x000000008d800000, 0x000000008d800000, 0x000000008d900000|  0%| F|  |TAMS 0x000000008d800000, 0x000000008d800000| Untracked 
| 217|0x000000008d900000, 0x000000008d900000, 0x000000008da00000|  0%| F|  |TAMS 0x000000008d900000, 0x000000008d900000| Untracked 
| 218|0x000000008da00000, 0x000000008da00000, 0x000000008db00000|  0%| F|  |TAMS 0x000000008da00000, 0x000000008da00000| Untracked 
| 219|0x000000008db00000, 0x000000008db00000, 0x000000008dc00000|  0%| F|  |TAMS 0x000000008db00000, 0x000000008db00000| Untracked 
| 220|0x000000008dc00000, 0x000000008dc00000, 0x000000008dd00000|  0%| F|  |TAMS 0x000000008dc00000, 0x000000008dc00000| Untracked 
| 221|0x000000008dd00000, 0x000000008dd00000, 0x000000008de00000|  0%| F|  |TAMS 0x000000008dd00000, 0x000000008dd00000| Untracked 

Card table byte_map: [0x000001dacc940000,0x000001daccd40000] _byte_map_base: 0x000001dacc540000

Marking Bits (Prev, Next): (CMBitMap*) 0x000001dab9a86ba0, (CMBitMap*) 0x000001dab9a86b68
 Prev Bits: [0x000001dacf140000, 0x000001dad1140000)
 Next Bits: [0x000001dacd140000, 0x000001dacf140000)

Polling page: 0x000001dab7bb0000

Metaspace:

Usage:
  Non-class:     79.80 MB capacity,    78.51 MB ( 98%) used,     1.03 MB (  1%) free+waste,   259.31 KB ( <1%) overhead. 
      Class:     12.52 MB capacity,    11.72 MB ( 94%) used,   697.38 KB (  5%) free+waste,   115.38 KB ( <1%) overhead. 
       Both:     92.32 MB capacity,    90.24 MB ( 98%) used,     1.72 MB (  2%) free+waste,   374.69 KB ( <1%) overhead. 

Virtual space:
  Non-class space:       80.00 MB reserved,      80.00 MB (100%) committed 
      Class space:        1.00 GB reserved,      12.59 MB (  1%) committed 
             Both:        1.08 GB reserved,      92.59 MB (  8%) committed 

Chunk freelists:
   Non-Class:  11.00 KB
       Class:  13.00 KB
        Both:  24.00 KB

MaxMetaspaceSize: 17179869184.00 GB
CompressedClassSpaceSize: 1.00 GB
Initial GC threshold: 20.80 MB
Current GC threshold: 98.69 MB
CDS: off

CodeHeap 'non-profiled nmethods': size=120064Kb used=6136Kb max_used=6136Kb free=113927Kb
 bounds [0x000001dac5000000, 0x000001dac5600000, 0x000001dacc540000]
CodeHeap 'profiled nmethods': size=120000Kb used=23863Kb max_used=23863Kb free=96137Kb
 bounds [0x000001dabdad0000, 0x000001dabf220000, 0x000001dac5000000]
CodeHeap 'non-nmethods': size=5696Kb used=2391Kb max_used=2459Kb free=3304Kb
 bounds [0x000001dabd540000, 0x000001dabd7b0000, 0x000001dabdad0000]
 total_blobs=12076 nmethods=11170 adapters=817
 compilation: enabled
              stopped_count=0, restarted_count=0
 full_count=0

Compilation events (20 events):
Event: 11.194 Thread 0x000001dad3ed6000 nmethod 11232 0x000001dac55f8090 code [0x000001dac55f82e0, 0x000001dac55f9e10]
Event: 11.194 Thread 0x000001dad3ed6000 11222       4       org.gradle.internal.snapshot.VfsRelativePath::of (14 bytes)
Event: 11.198 Thread 0x000001dad3edd000 11240       2       java.util.TimSort::sort (229 bytes)
Event: 11.198 Thread 0x000001dad3edd000 nmethod 11240 0x000001dabf21d190 code [0x000001dabf21d3c0, 0x000001dabf21d858]
Event: 11.198 Thread 0x000001dad3ed6000 nmethod 11222 0x000001dac55fab90 code [0x000001dac55fad40, 0x000001dac55fb138]
Event: 11.198 Thread 0x000001dad3ed6000 11202       4       org.gradle.internal.model.CalculatedValueContainer::getValue (35 bytes)
Event: 11.199 Thread 0x000001dad3ed6000 nmethod 11202 0x000001dac55fb490 code [0x000001dac55fb620, 0x000001dac55fb698]
Event: 11.199 Thread 0x000001dad3ed6000 11196       4       org.gradle.internal.snapshot.DirectorySnapshot$$Lambda$346/0x0000000100503040::apply (8 bytes)
Event: 11.201 Thread 0x000001dad3ed6000 nmethod 11196 0x000001dac55fb790 code [0x000001dac55fb940, 0x000001dac55fbbf8]
Event: 11.201 Thread 0x000001dad3ed6000 11216       4       com.google.common.cache.LocalCache$StrongValueReference::copyFor (2 bytes)
Event: 11.201 Thread 0x000001dad3ed6000 nmethod 11216 0x000001dac55fbd10 code [0x000001dac55fbea0, 0x000001dac55fbef8]
Event: 11.201 Thread 0x000001dad3ed6000 11233       4       org.gradle.api.internal.artifacts.ivyservice.resolveengine.artifact.EndCollection::startFinalization (1 bytes)
Event: 11.201 Thread 0x000001dad3ed6000 nmethod 11233 0x000001dac55fc010 code [0x000001dac55fc1a0, 0x000001dac55fc1f8]
Event: 11.201 Thread 0x000001dad3ed6000 11234       4       org.gradle.api.internal.file.FileCollectionStructureVisitor::prepareForVisit (4 bytes)
Event: 11.202 Thread 0x000001dad3ed6000 nmethod 11234 0x000001dac55fc310 code [0x000001dac55fc4a0, 0x000001dac55fc518]
Event: 11.202 Thread 0x000001dad3ed6000 11238       4       org.gradle.api.internal.artifacts.transform.TransformationResult$Builder$AlreadyResolvedTransformationResult::resolveOutputsForInputArtifact (5 bytes)
Event: 11.202 Thread 0x000001dad3ed6000 nmethod 11238 0x000001dac55fc610 code [0x000001dac55fc7a0, 0x000001dac55fc818]
Event: 11.202 Thread 0x000001dad3ed6000 11237       4       org.gradle.internal.snapshot.RegularFileSnapshot::getType (4 bytes)
Event: 11.202 Thread 0x000001dad3ed6000 nmethod 11237 0x000001dac55fc910 code [0x000001dac55fcaa0, 0x000001dac55fcb18]
Event: 11.202 Thread 0x000001dad3ed6000 11241       4       com.google.common.collect.ImmutableMultimap$EntryCollection::iterator (5 bytes)

GC Heap History (20 events):
Event: 3.367 GC heap after
{Heap after GC invocations=10 (full 0):
 garbage-first heap   total 157696K, used 27892K [0x0000000080000000, 0x0000000100000000)
  region size 1024K, 9 young (9216K), 9 survivors (9216K)
 Metaspace       used 40271K, capacity 41260K, committed 41472K, reserved 1085440K
  class space    used 5155K, capacity 5508K, committed 5632K, reserved 1048576K
}
Event: 3.924 GC heap before
{Heap before GC invocations=10 (full 0):
 garbage-first heap   total 157696K, used 98548K [0x0000000080000000, 0x0000000100000000)
  region size 1024K, 78 young (79872K), 9 survivors (9216K)
 Metaspace       used 46334K, capacity 47521K, committed 47616K, reserved 1091584K
  class space    used 5967K, capacity 6392K, committed 6400K, reserved 1048576K
}
Event: 3.933 GC heap after
{Heap after GC invocations=11 (full 0):
 garbage-first heap   total 189440K, used 30469K [0x0000000080000000, 0x0000000100000000)
  region size 1024K, 3 young (3072K), 3 survivors (3072K)
 Metaspace       used 46334K, capacity 47521K, committed 47616K, reserved 1091584K
  class space    used 5967K, capacity 6392K, committed 6400K, reserved 1048576K
}
Event: 5.066 GC heap before
{Heap before GC invocations=11 (full 0):
 garbage-first heap   total 189440K, used 148229K [0x0000000080000000, 0x0000000100000000)
  region size 1024K, 111 young (113664K), 3 survivors (3072K)
 Metaspace       used 54243K, capacity 55584K, committed 55808K, reserved 1097728K
  class space    used 6941K, capacity 7419K, committed 7424K, reserved 1048576K
}
Event: 5.077 GC heap after
{Heap after GC invocations=12 (full 0):
 garbage-first heap   total 189440K, used 51127K [0x0000000080000000, 0x0000000100000000)
  region size 1024K, 14 young (14336K), 14 survivors (14336K)
 Metaspace       used 54243K, capacity 55584K, committed 55808K, reserved 1097728K
  class space    used 6941K, capacity 7419K, committed 7424K, reserved 1048576K
}
Event: 5.436 GC heap before
{Heap before GC invocations=12 (full 0):
 garbage-first heap   total 189440K, used 79799K [0x0000000080000000, 0x0000000100000000)
  region size 1024K, 43 young (44032K), 14 survivors (14336K)
 Metaspace       used 58757K, capacity 60229K, committed 60376K, reserved 1101824K
  class space    used 7484K, capacity 8067K, committed 8152K, reserved 1048576K
}
Event: 5.449 GC heap after
{Heap after GC invocations=13 (full 0):
 garbage-first heap   total 189440K, used 52662K [0x0000000080000000, 0x0000000100000000)
  region size 1024K, 2 young (2048K), 2 survivors (2048K)
 Metaspace       used 58757K, capacity 60229K, committed 60376K, reserved 1101824K
  class space    used 7484K, capacity 8067K, committed 8152K, reserved 1048576K
}
Event: 6.103 GC heap before
{Heap before GC invocations=14 (full 0):
 garbage-first heap   total 189440K, used 117174K [0x0000000080000000, 0x0000000100000000)
  region size 1024K, 65 young (66560K), 2 survivors (2048K)
 Metaspace       used 64732K, capacity 66268K, committed 66392K, reserved 1107968K
  class space    used 8230K, capacity 8768K, committed 8792K, reserved 1048576K
}
Event: 6.111 GC heap after
{Heap after GC invocations=15 (full 0):
 garbage-first heap   total 189440K, used 57783K [0x0000000080000000, 0x0000000100000000)
  region size 1024K, 7 young (7168K), 7 survivors (7168K)
 Metaspace       used 64732K, capacity 66268K, committed 66392K, reserved 1107968K
  class space    used 8230K, capacity 8768K, committed 8792K, reserved 1048576K
}
Event: 6.592 GC heap before
{Heap before GC invocations=15 (full 0):
 garbage-first heap   total 189440K, used 123319K [0x0000000080000000, 0x0000000100000000)
  region size 1024K, 71 young (72704K), 7 survivors (7168K)
 Metaspace       used 67854K, capacity 69437K, committed 69720K, reserved 1110016K
  class space    used 8637K, capacity 9222K, committed 9304K, reserved 1048576K
}
Event: 6.601 GC heap after
{Heap after GC invocations=16 (full 0):
 garbage-first heap   total 227328K, used 61862K [0x0000000080000000, 0x0000000100000000)
  region size 1024K, 5 young (5120K), 5 survivors (5120K)
 Metaspace       used 67854K, capacity 69437K, committed 69720K, reserved 1110016K
  class space    used 8637K, capacity 9222K, committed 9304K, reserved 1048576K
}
Event: 7.621 GC heap before
{Heap before GC invocations=16 (full 0):
 garbage-first heap   total 227328K, used 144806K [0x0000000080000000, 0x0000000100000000)
  region size 1024K, 86 young (88064K), 5 survivors (5120K)
 Metaspace       used 75791K, capacity 77445K, committed 77656K, reserved 1116160K
  class space    used 9857K, capacity 10486K, committed 10584K, reserved 1048576K
}
Event: 7.636 GC heap after
{Heap after GC invocations=17 (full 0):
 garbage-first heap   total 227328K, used 67073K [0x0000000080000000, 0x0000000100000000)
  region size 1024K, 10 young (10240K), 10 survivors (10240K)
 Metaspace       used 75791K, capacity 77445K, committed 77656K, reserved 1116160K
  class space    used 9857K, capacity 10486K, committed 10584K, reserved 1048576K
}
Event: 8.793 GC heap before
{Heap before GC invocations=17 (full 0):
 garbage-first heap   total 227328K, used 153089K [0x0000000080000000, 0x0000000100000000)
  region size 1024K, 94 young (96256K), 10 survivors (10240K)
 Metaspace       used 83981K, capacity 85929K, committed 86104K, reserved 1124352K
  class space    used 11018K, capacity 11756K, committed 11864K, reserved 1048576K
}
Event: 8.807 GC heap after
{Heap after GC invocations=18 (full 0):
 garbage-first heap   total 227328K, used 72996K [0x0000000080000000, 0x0000000100000000)
  region size 1024K, 12 young (12288K), 12 survivors (12288K)
 Metaspace       used 83981K, capacity 85929K, committed 86104K, reserved 1124352K
  class space    used 11018K, capacity 11756K, committed 11864K, reserved 1048576K
}
Event: 9.819 GC heap before
{Heap before GC invocations=18 (full 0):
 garbage-first heap   total 227328K, used 157988K [0x0000000080000000, 0x0000000100000000)
  region size 1024K, 96 young (98304K), 12 survivors (12288K)
 Metaspace       used 85838K, capacity 87991K, committed 88152K, reserved 1126400K
  class space    used 11211K, capacity 12011K, committed 12120K, reserved 1048576K
}
Event: 9.835 GC heap after
{Heap after GC invocations=19 (full 0):
 garbage-first heap   total 227328K, used 79023K [0x0000000080000000, 0x0000000100000000)
  region size 1024K, 12 young (12288K), 12 survivors (12288K)
 Metaspace       used 85838K, capacity 87991K, committed 88152K, reserved 1126400K
  class space    used 11211K, capacity 12011K, committed 12120K, reserved 1048576K
}
Event: 10.439 GC heap before
{Heap before GC invocations=19 (full 0):
 garbage-first heap   total 227328K, used 164015K [0x0000000080000000, 0x0000000100000000)
  region size 1024K, 96 young (98304K), 12 survivors (12288K)
 Metaspace       used 88784K, capacity 90996K, committed 91096K, reserved 1128448K
  class space    used 11590K, capacity 12412K, committed 12504K, reserved 1048576K
}
Event: 10.453 GC heap after
{Heap after GC invocations=20 (full 0):
 garbage-first heap   total 227328K, used 83373K [0x0000000080000000, 0x0000000100000000)
  region size 1024K, 11 young (11264K), 11 survivors (11264K)
 Metaspace       used 88784K, capacity 90996K, committed 91096K, reserved 1128448K
  class space    used 11590K, capacity 12412K, committed 12504K, reserved 1048576K
}
Event: 11.218 GC heap before
{Heap before GC invocations=20 (full 0):
 garbage-first heap   total 227328K, used 169389K [0x0000000080000000, 0x0000000100000000)
  region size 1024K, 96 young (98304K), 11 survivors (11264K)
 Metaspace       used 92405K, capacity 94536K, committed 94808K, reserved 1130496K
  class space    used 12006K, capacity 12819K, committed 12888K, reserved 1048576K
}

Deoptimization events (20 events):
Event: 10.824 Thread 0x000001dadcc7c000 Uncommon trap: trap_request=0xffffff4d fr.pc=0x000001dac52eecfc relative=0x000000000000005c
Event: 10.824 Thread 0x000001dadcc7c000 Uncommon trap: reason=unstable_if action=reinterpret pc=0x000001dac52eecfc method=java.lang.String.valueOf(Ljava/lang/Object;)Ljava/lang/String; @ 1 c2
Event: 10.824 Thread 0x000001dadcc7c000 DEOPT PACKING pc=0x000001dac52eecfc sp=0x00000081b93fba80
Event: 10.824 Thread 0x000001dadcc7c000 DEOPT UNPACKING pc=0x000001dabd58a1af sp=0x00000081b93fba20 mode 2
Event: 10.831 Thread 0x000001dadcc7c000 Uncommon trap: trap_request=0xffffffde fr.pc=0x000001dac557c3fc relative=0x0000000000003adc
Event: 10.831 Thread 0x000001dadcc7c000 Uncommon trap: reason=class_check action=maybe_recompile pc=0x000001dac557c3fc method=org.gradle.internal.snapshot.impl.DefaultValueSnapshotter.processValue(Ljava/lang/Object;Lorg/gradle/internal/snapshot/impl/DefaultValueSnapshotter$ValueVisitor;)Ljava/l
Event: 10.831 Thread 0x000001dadcc7c000 DEOPT PACKING pc=0x000001dac557c3fc sp=0x00000081b93fca90
Event: 10.831 Thread 0x000001dadcc7c000 DEOPT UNPACKING pc=0x000001dabd58a1af sp=0x00000081b93fca88 mode 2
Event: 10.899 Thread 0x000001dadcc7c000 Uncommon trap: trap_request=0xffffff7e fr.pc=0x000001dac55656e8 relative=0x0000000000000d28
Event: 10.899 Thread 0x000001dadcc7c000 Uncommon trap: reason=predicate action=maybe_recompile pc=0x000001dac55656e8 method=com.google.common.collect.RegularImmutableMap.fromEntryArray(I[Ljava/util/Map$Entry;)Lcom/google/common/collect/ImmutableMap; @ 59 c2
Event: 10.899 Thread 0x000001dadcc7c000 DEOPT PACKING pc=0x000001dac55656e8 sp=0x00000081b93fc8d0
Event: 10.899 Thread 0x000001dadcc7c000 DEOPT UNPACKING pc=0x000001dabd58a1af sp=0x00000081b93fc820 mode 2
Event: 11.055 Thread 0x000001dad7fb9000 DEOPT PACKING pc=0x000001dabe6e25d7 sp=0x00000081b8ffe3f0
Event: 11.055 Thread 0x000001dad7fb9000 DEOPT UNPACKING pc=0x000001dabd58a95e sp=0x00000081b8ffd848 mode 0
Event: 11.082 Thread 0x000001dadcc79800 DEOPT PACKING pc=0x000001dabefe88d5 sp=0x00000081b91fb570
Event: 11.082 Thread 0x000001dadcc79800 DEOPT UNPACKING pc=0x000001dabd58a95e sp=0x00000081b91faa90 mode 0
Event: 11.194 Thread 0x000001dad7fb6000 Uncommon trap: trap_request=0xffffff7e fr.pc=0x000001dac55f9900 relative=0x0000000000001620
Event: 11.194 Thread 0x000001dad7fb6000 Uncommon trap: reason=predicate action=maybe_recompile pc=0x000001dac55f9900 method=java.util.TimSort.reverseRange([Ljava/lang/Object;II)V @ 5 c2
Event: 11.194 Thread 0x000001dad7fb6000 DEOPT PACKING pc=0x000001dac55f9900 sp=0x00000081b87fd9a0
Event: 11.194 Thread 0x000001dad7fb6000 DEOPT UNPACKING pc=0x000001dabd58a1af sp=0x00000081b87fd870 mode 2

Classes redefined (0 events):
No events

Internal exceptions (20 events):
Event: 8.710 Thread 0x000001dad63f7800 Exception <a 'java/lang/NoSuchMethodError'{0x0000000088e33130}: <clinit>> (0x0000000088e33130) thrown at [./src/hotspot/share/prims/jni.cpp, line 1365]
Event: 8.711 Thread 0x000001dadcc7c000 Exception <a 'java/lang/NoSuchMethodError'{0x0000000088e0b780}: 'java.lang.Object java.lang.invoke.DirectMethodHandle$Holder.invokeInterface(java.lang.Object, java.lang.Object, int)'> (0x0000000088e0b780) thrown at [./src/hotspot/share/interpreter/linkResolver.cpp, line 773]
Event: 8.712 Thread 0x000001dadcc7c000 Exception <a 'java/lang/NoSuchMethodError'{0x0000000088e1e1c0}: 'void java.lang.invoke.DirectMethodHandle$Holder.invokeStatic(java.lang.Object, java.lang.Object, java.lang.Object, int)'> (0x0000000088e1e1c0) thrown at [./src/hotspot/share/interpreter/linkResolver.cpp, line 773]
Event: 8.735 Thread 0x000001dadcc7c000 Implicit null exception at 0x000001dac5264ff7 to 0x000001dac5265194
Event: 8.740 Thread 0x000001dadcc7c000 Exception <a 'java/lang/IncompatibleClassChangeError'{0x0000000088233f38}: Found class java.lang.Object, but interface was expected> (0x0000000088233f38) thrown at [./src/hotspot/share/interpreter/linkResolver.cpp, line 839]
Event: 8.938 Thread 0x000001dadcc7c000 Exception <a 'java/lang/NoSuchMethodError'{0x000000008d62d058}: 'void java.lang.invoke.DirectMethodHandle$Holder.invokeStatic(java.lang.Object, java.lang.Object, java.lang.Object, java.lang.Object, int, java.lang.Object, java.lang.Object)'> (0x000000008d62d058) thrown at [./src/hotspot/share/interpreter/linkResolver.cpp, line 773]
Event: 8.958 Thread 0x000001dad7e6d800 Exception <a 'java/lang/NoSuchMethodError'{0x000000008d1faf60}: 'java.lang.Object java.lang.invoke.DirectMethodHandle$Holder.invokeSpecialIFC(java.lang.Object, java.lang.Object, java.lang.Object)'> (0x000000008d1faf60) thrown at [./src/hotspot/share/interpreter/linkResolver.cpp, line 773]
Event: 8.958 Thread 0x000001dad61c2800 Exception <a 'java/lang/NoSuchMethodError'{0x000000008d1bfca0}: 'java.lang.Object java.lang.invoke.DirectMethodHandle$Holder.invokeSpecialIFC(java.lang.Object, java.lang.Object, java.lang.Object)'> (0x000000008d1bfca0) thrown at [./src/hotspot/share/interpreter/linkResolver.cpp, line 773]
Event: 8.958 Thread 0x000001dad61cc000 Exception <a 'java/lang/NoSuchMethodError'{0x000000008d0068a8}: 'java.lang.Object java.lang.invoke.DirectMethodHandle$Holder.invokeSpecialIFC(java.lang.Object, java.lang.Object, java.lang.Object)'> (0x000000008d0068a8) thrown at [./src/hotspot/share/interpreter/linkResolver.cpp, line 773]
Event: 8.958 Thread 0x000001dadcc7c000 Exception <a 'java/lang/NoSuchMethodError'{0x000000008d1d4238}: 'java.lang.Object java.lang.invoke.DirectMethodHandle$Holder.invokeSpecialIFC(java.lang.Object, java.lang.Object, java.lang.Object)'> (0x000000008d1d4238) thrown at [./src/hotspot/share/interpreter/linkResolver.cpp, line 773]
Event: 8.983 Thread 0x000001dadcc7c000 Exception <a 'java/lang/NoSuchMethodError'{0x000000008cead750}: 'int java.lang.invoke.DirectMethodHandle$Holder.invokeStaticInit(java.lang.Object, java.lang.Object, java.lang.Object, java.lang.Object, java.lang.Object)'> (0x000000008cead750) thrown at [./src/hotspot/share/interpreter/linkResolver.cpp, line 773]
Event: 9.041 Thread 0x000001dad7e6d800 Exception <a 'java/lang/NoSuchMethodError'{0x000000008ca60748}: 'void java.lang.invoke.DirectMethodHandle$Holder.invokeVirtual(java.lang.Object, java.lang.Object)'> (0x000000008ca60748) thrown at [./src/hotspot/share/interpreter/linkResolver.cpp, line 773]
Event: 9.687 Thread 0x000001dad7fb4800 Implicit null exception at 0x000001dac55238e1 to 0x000001dac5523e54
Event: 10.030 Thread 0x000001dadcc7c000 Exception <a 'java/lang/NoSuchMethodError'{0x000000008c6f1418}: <clinit>> (0x000000008c6f1418) thrown at [./src/hotspot/share/prims/jni.cpp, line 1365]
Event: 10.030 Thread 0x000001dadcc7c000 Exception <a 'java/lang/NoSuchMethodError'{0x000000008c6f2a20}: <clinit>> (0x000000008c6f2a20) thrown at [./src/hotspot/share/prims/jni.cpp, line 1365]
Event: 10.030 Thread 0x000001dadcc7c000 Exception <a 'java/lang/NoSuchMethodError'{0x000000008c6f5620}: <clinit>> (0x000000008c6f5620) thrown at [./src/hotspot/share/prims/jni.cpp, line 1365]
Event: 10.030 Thread 0x000001dadcc7c000 Exception <a 'java/lang/NoSuchMethodError'{0x000000008c50cba0}: <clinit>> (0x000000008c50cba0) thrown at [./src/hotspot/share/prims/jni.cpp, line 1365]
Event: 10.030 Thread 0x000001dadcc7c000 Exception <a 'java/lang/NoSuchMethodError'{0x000000008c50ddd8}: <clinit>> (0x000000008c50ddd8) thrown at [./src/hotspot/share/prims/jni.cpp, line 1365]
Event: 10.824 Thread 0x000001dadcc7c000 Implicit null exception at 0x000001dac52eecac to 0x000001dac52eeceb
Event: 10.838 Thread 0x000001dadcc7c000 Exception <a 'java/lang/NoSuchMethodError'{0x000000008ada1be8}: 'int java.lang.invoke.DirectMethodHandle$Holder.invokeSpecial(java.lang.Object, java.lang.Object, java.lang.Object, java.lang.Object, java.lang.Object)'> (0x000000008ada1be8) thrown at [./src/hotspot/share/interpreter/linkResolver.cpp, line 773]

Events (20 events):
Event: 10.890 loading class org/gradle/util/internal/VersionNumber$AbstractScheme$Scanner done
Event: 10.891 loading class org/gradle/jvm/toolchain/internal/DefaultToolchainJavaCompiler
Event: 10.891 loading class org/gradle/jvm/toolchain/internal/DefaultToolchainJavaCompiler done
Event: 10.904 loading class org/gradle/internal/execution/history/changes/ClasspathCompareStrategy$TrackingVisitor
Event: 10.904 loading class org/gradle/internal/execution/history/changes/ClasspathCompareStrategy$TrackingVisitor done
Event: 10.904 loading class org/gradle/internal/execution/history/changes/ClasspathCompareStrategy$ChangeState
Event: 10.904 loading class org/gradle/internal/execution/history/changes/ClasspathCompareStrategy$ChangeState done
Event: 10.909 Executing VM operation: RevokeBias
Event: 10.909 Executing VM operation: RevokeBias done
Event: 10.911 Executing VM operation: RevokeBias
Event: 10.911 Executing VM operation: RevokeBias done
Event: 10.930 loading class org/gradle/internal/Try$1
Event: 10.930 loading class org/gradle/internal/Try$1 done
Event: 10.930 Executing VM operation: RevokeBias
Event: 10.930 Executing VM operation: RevokeBias done
Event: 10.930 Executing VM operation: RevokeBias
Event: 10.931 Executing VM operation: RevokeBias done
Event: 11.050 Executing VM operation: RevokeBias
Event: 11.050 Executing VM operation: RevokeBias done
Event: 11.218 Executing VM operation: G1CollectForAllocation


Dynamic libraries:
0x00007ff6de6d0000 - 0x00007ff6de6da000 	D:\Program Files\Android\Android Studio2\jre\bin\java.exe
0x00007ff8bf740000 - 0x00007ff8bf92e000 	C:\Windows\SYSTEM32\ntdll.dll
0x00007ff8bf2c0000 - 0x00007ff8bf373000 	C:\Windows\System32\KERNEL32.DLL
0x00007ff8bc480000 - 0x00007ff8bc71a000 	C:\Windows\System32\KERNELBASE.dll
0x00007ff8bdf00000 - 0x00007ff8bdfa7000 	C:\Windows\System32\ADVAPI32.DLL
0x00007ff8be600000 - 0x00007ff8be69e000 	C:\Windows\System32\msvcrt.dll
0x00007ff8be6a0000 - 0x00007ff8be73f000 	C:\Windows\System32\sechost.dll
0x00007ff8be060000 - 0x00007ff8be17d000 	C:\Windows\System32\RPCRT4.dll
0x00007ff8bba90000 - 0x00007ff8bbb8a000 	C:\Windows\System32\ucrtbase.dll
0x00007ff8b1d50000 - 0x00007ff8b1d69000 	D:\Program Files\Android\Android Studio2\jre\bin\jli.dll
0x00007ff8b1d70000 - 0x00007ff8b1d87000 	D:\Program Files\Android\Android Studio2\jre\bin\VCRUNTIME140.dll
0x00007ff8be180000 - 0x00007ff8be317000 	C:\Windows\System32\USER32.dll
0x00007ff8bc920000 - 0x00007ff8bc940000 	C:\Windows\System32\win32u.dll
0x00007ff8bea70000 - 0x00007ff8bea99000 	C:\Windows\System32\GDI32.dll
0x00007ff8bc2e0000 - 0x00007ff8bc47c000 	C:\Windows\System32\gdi32full.dll
0x00007ff8bb8c0000 - 0x00007ff8bb960000 	C:\Windows\System32\msvcp_win.dll
0x00007ff8afac0000 - 0x00007ff8afd39000 	C:\Windows\WinSxS\amd64_microsoft.windows.common-controls_6595b64144ccf1df_6.0.17763.3165_none_de7375f653495041\COMCTL32.dll
0x00007ff8beb10000 - 0x00007ff8bee3b000 	C:\Windows\System32\combase.dll
0x00007ff8bb7e0000 - 0x00007ff8bb862000 	C:\Windows\System32\bcryptPrimitives.dll
0x00007ff8bded0000 - 0x00007ff8bdefe000 	C:\Windows\System32\IMM32.DLL
0x00007ff8b1c50000 - 0x00007ff8b1ced000 	D:\Program Files\Android\Android Studio2\jre\bin\msvcp140.dll
0x00007ff88e930000 - 0x00007ff88f415000 	D:\Program Files\Android\Android Studio2\jre\bin\server\jvm.dll
0x00007ff8beb00000 - 0x00007ff8beb08000 	C:\Windows\System32\PSAPI.DLL
0x00007ff8a1790000 - 0x00007ff8a1799000 	C:\Windows\SYSTEM32\WSOCK32.dll
0x00007ff8bf380000 - 0x00007ff8bf3ed000 	C:\Windows\System32\WS2_32.dll
0x00007ff8b9890000 - 0x00007ff8b98b4000 	C:\Windows\SYSTEM32\WINMM.dll
0x00007ff8b9740000 - 0x00007ff8b976d000 	C:\Windows\SYSTEM32\winmmbase.dll
0x00007ff8bb870000 - 0x00007ff8bb8ba000 	C:\Windows\System32\cfgmgr32.dll
0x00007ff8b7290000 - 0x00007ff8b729a000 	C:\Windows\SYSTEM32\VERSION.dll
0x00007ff8bb710000 - 0x00007ff8bb721000 	C:\Windows\System32\kernel.appcore.dll
0x00007ff8abaa0000 - 0x00007ff8abab1000 	D:\Program Files\Android\Android Studio2\jre\bin\verify.dll
0x00007ff8a88b0000 - 0x00007ff8a8a9d000 	C:\Windows\SYSTEM32\DBGHELP.DLL
0x00007ff8a8800000 - 0x00007ff8a882a000 	C:\Windows\SYSTEM32\dbgcore.DLL
0x00007ff89f890000 - 0x00007ff89f8b9000 	D:\Program Files\Android\Android Studio2\jre\bin\java.dll
0x00007ff8acc50000 - 0x00007ff8acc5b000 	D:\Program Files\Android\Android Studio2\jre\bin\jimage.dll
0x00007ff8a4e40000 - 0x00007ff8a4e58000 	D:\Program Files\Android\Android Studio2\jre\bin\zip.dll
0x00007ff8bc970000 - 0x00007ff8bde68000 	C:\Windows\System32\SHELL32.dll
0x00007ff8be7b0000 - 0x00007ff8be857000 	C:\Windows\System32\shcore.dll
0x00007ff8bbb90000 - 0x00007ff8bc2d7000 	C:\Windows\System32\windows.storage.dll
0x00007ff8bb730000 - 0x00007ff8bb753000 	C:\Windows\System32\profapi.dll
0x00007ff8bb760000 - 0x00007ff8bb7bd000 	C:\Windows\System32\powrprof.dll
0x00007ff8be750000 - 0x00007ff8be7a2000 	C:\Windows\System32\shlwapi.dll
0x00007ff8bba70000 - 0x00007ff8bba87000 	C:\Windows\System32\cryptsp.dll
0x00007ff89f7e0000 - 0x00007ff89f7fa000 	D:\Program Files\Android\Android Studio2\jre\bin\net.dll
0x00007ff8b26a0000 - 0x00007ff8b2791000 	C:\Windows\SYSTEM32\WINHTTP.dll
0x00007ff8baf00000 - 0x00007ff8baf67000 	C:\Windows\system32\mswsock.dll
0x00007ff89eee0000 - 0x00007ff89eef4000 	D:\Program Files\Android\Android Studio2\jre\bin\nio.dll
0x00007ff8b1bf0000 - 0x00007ff8b1c17000 	C:\Users\Administrator\.gradle\native\e1d6ef7f7dcc3fd88c89a11ec53ec762bb8ba0a96d01ffa2cd45eb1d1d8dd5c5\windows-amd64\native-platform.dll
0x00007ff892f30000 - 0x00007ff893074000 	C:\Users\Administrator\.gradle\native\5664cfc778a61ccfe75a443a1ab52a65af34e5dc3c78e0209fed803814484fcb\windows-amd64\native-platform-file-events.dll
0x00007ff8a88a0000 - 0x00007ff8a88aa000 	D:\Program Files\Android\Android Studio2\jre\bin\management.dll
0x00007ff8a8730000 - 0x00007ff8a873d000 	D:\Program Files\Android\Android Studio2\jre\bin\management_ext.dll
0x00007ff8baa80000 - 0x00007ff8baab3000 	C:\Windows\system32\rsaenh.dll
0x00007ff8bc940000 - 0x00007ff8bc966000 	C:\Windows\System32\bcrypt.dll
0x00007ff8bb640000 - 0x00007ff8bb669000 	C:\Windows\SYSTEM32\USERENV.dll
0x00007ff8bb0d0000 - 0x00007ff8bb0dc000 	C:\Windows\SYSTEM32\CRYPTBASE.dll
0x00007ff8bac10000 - 0x00007ff8bac4d000 	C:\Windows\SYSTEM32\IPHLPAPI.DLL
0x00007ff8bf3f0000 - 0x00007ff8bf3f8000 	C:\Windows\System32\NSI.dll
0x00007ff8b5f80000 - 0x00007ff8b5f96000 	C:\Windows\SYSTEM32\dhcpcsvc6.DLL
0x00007ff8b5f60000 - 0x00007ff8b5f7c000 	C:\Windows\SYSTEM32\dhcpcsvc.DLL
0x00007ff8bac50000 - 0x00007ff8bad16000 	C:\Windows\SYSTEM32\DNSAPI.dll

dbghelp: loaded successfully - version: 4.0.5 - missing functions: none
symbol engine: initialized successfully - sym options: 0x614 - pdb path: .;D:\Program Files\Android\Android Studio2\jre\bin;C:\Windows\SYSTEM32;C:\Windows\WinSxS\amd64_microsoft.windows.common-controls_6595b64144ccf1df_6.0.17763.3165_none_de7375f653495041;D:\Program Files\Android\Android Studio2\jre\bin\server;C:\Users\Administrator\.gradle\native\e1d6ef7f7dcc3fd88c89a11ec53ec762bb8ba0a96d01ffa2cd45eb1d1d8dd5c5\windows-amd64;C:\Users\Administrator\.gradle\native\5664cfc778a61ccfe75a443a1ab52a65af34e5dc3c78e0209fed803814484fcb\windows-amd64

VM Arguments:
jvm_args: --add-opens=java.base/java.util=ALL-UNNAMED --add-opens=java.base/java.lang=ALL-UNNAMED --add-opens=java.base/java.lang.invoke=ALL-UNNAMED --add-opens=java.base/java.util=ALL-UNNAMED --add-opens=java.prefs/java.util.prefs=ALL-UNNAMED --add-opens=java.prefs/java.util.prefs=ALL-UNNAMED --add-opens=java.base/java.nio.charset=ALL-UNNAMED --add-opens=java.base/java.net=ALL-UNNAMED --add-opens=java.base/java.util.concurrent.atomic=ALL-UNNAMED -Xmx2048m -Dfile.encoding=UTF-8 -Duser.country=CN -Duser.language=zh -Duser.variant 
java_command: org.gradle.launcher.daemon.bootstrap.GradleDaemon 7.3.3
java_class_path (initial): C:\Users\Administrator\.gradle\wrapper\dists\gradle-7.3.3-bin\6a41zxkdtcxs8rphpq6y0069z\gradle-7.3.3\lib\gradle-launcher-7.3.3.jar
Launcher Type: SUN_STANDARD

[Global flags]
     intx CICompilerCount                          = 3                                         {product} {ergonomic}
     uint ConcGCThreads                            = 1                                         {product} {ergonomic}
     uint G1ConcRefinementThreads                  = 4                                         {product} {ergonomic}
   size_t G1HeapRegionSize                         = 1048576                                   {product} {ergonomic}
    uintx GCDrainStackTargetSize                   = 64                                        {product} {ergonomic}
   size_t InitialHeapSize                          = 134217728                                 {product} {ergonomic}
   size_t MarkStackSize                            = 4194304                                   {product} {ergonomic}
   size_t MaxHeapSize                              = 2147483648                                {product} {command line}
   size_t MaxNewSize                               = 1287651328                                {product} {ergonomic}
   size_t MinHeapDeltaBytes                        = 1048576                                   {product} {ergonomic}
    uintx NonNMethodCodeHeapSize                   = 5830732                                {pd product} {ergonomic}
    uintx NonProfiledCodeHeapSize                  = 122913754                              {pd product} {ergonomic}
    uintx ProfiledCodeHeapSize                     = 122913754                              {pd product} {ergonomic}
    uintx ReservedCodeCacheSize                    = 251658240                              {pd product} {ergonomic}
     bool SegmentedCodeCache                       = true                                      {product} {ergonomic}
     bool UseCompressedClassPointers               = true                                 {lp64_product} {ergonomic}
     bool UseCompressedOops                        = true                                 {lp64_product} {ergonomic}
     bool UseG1GC                                  = true                                      {product} {ergonomic}
     bool UseLargePagesIndividualAllocation        = false                                  {pd product} {ergonomic}

Logging:
Log output configuration:
 #0: stdout all=warning uptime,level,tags
 #1: stderr all=off uptime,level,tags

Environment Variables:
JAVA_HOME=D:\java\java11
CLASSPATH=.;D:\java\java11\lib\dt.jar;D:\java\java11\lib\tools.jar
PATH=C:\Program Files\Common Files\Oracle\Java\javapath;C:\ProgramData\Oracle\Java\javapath;C:\Windows\system32;C:\Windows;C:\Windows\System32\Wbem;C:\Windows\System32\WindowsPowerShell\v1.0\;C:\Windows\System32\OpenSSH\;D:\java\java11\bin;D:\java\java11\jre\bin;D:\android_sdk\Android\sdk\tools;D:\android_sdk\Android\sdk\platform-tools;%CURL_HOME%\I386;%CURL_HOME%;D:\Program Files\Git\bin;D:\Program Files\Python\Scripts\;D:\Program Files\Python\;C:\Users\Administrator\AppData\Local\Microsoft\WindowsApps;;D:\Program Files\JetBrains\PyCharm 2021.2\bin;
USERNAME=Administrator
OS=Windows_NT
PROCESSOR_IDENTIFIER=Intel64 Family 6 Model 60 Stepping 3, GenuineIntel



---------------  S Y S T E M  ---------------

OS: Windows 10 , 64 bit Build 17763 (10.0.17763.2989)
OS uptime: 2 days 3:59 hours

CPU:total 4 (initial active 4) (4 cores per cpu, 1 threads per core) family 6 model 60 stepping 3 microcode 0x28, cmov, cx8, fxsr, mmx, sse, sse2, sse3, ssse3, sse4.1, sse4.2, popcnt, avx, avx2, aes, clmul, erms, lzcnt, tsc, tscinvbit, bmi1, bmi2, fma

Memory: 4k page, system-wide physical 8079M (2405M free)
TotalPageFile size 11369M (AvailPageFile size 48M)
current process WorkingSet (physical memory assigned to process): 497M, peak: 501M
current process commit charge ("private bytes"): 527M, peak: 573M

vm_info: OpenJDK 64-Bit Server VM (11.0.12+7-b1504.28-7817840) for windows-amd64 JRE (11.0.12+7-b1504.28-7817840), built on Oct 13 2021 22:12:33 by "builder" with MS VC++ 14.0 (VS2015)

END.
