#
# There is insufficient memory for the Java Runtime Environment to continue.
# Native memory allocation (malloc) failed to allocate 334256 bytes for Chunk::new
# Possible reasons:
#   The system is out of physical RAM or swap space
#   The process is running with CompressedOops enabled, and the Java Heap may be blocking the growth of the native heap
# Possible solutions:
#   Reduce memory load on the system
#   Increase physical memory or swap space
#   Check if swap backing store is full
#   Decrease Java heap size (-Xmx/-Xms)
#   Decrease number of Java threads
#   Decrease Java thread stack sizes (-Xss)
#   Set larger code cache with -XX:ReservedCodeCacheSize=
#   JVM is running with Unscaled Compressed Oops mode in which the Java heap is
#     placed in the first 4GB address space. The Java Heap base address is the
#     maximum limit for the native heap growth. Please use -XX:HeapBaseMinAddress
#     to set the Java Heap base and to place the Java Heap above 4GB virtual address.
# This output file may be truncated or incomplete.
#
#  Out of Memory Error (./src/hotspot/share/memory/arena.cpp:197), pid=12480, tid=6040
#
# JRE version: OpenJDK Runtime Environment (11.0.12+7) (build 11.0.12+7-b1504.28-7817840)
# Java VM: OpenJDK 64-Bit Server VM (11.0.12+7-b1504.28-7817840, mixed mode, tiered, compressed oops, g1 gc, windows-amd64)
# No core dump will be written. Minidumps are not enabled by default on client versions of Windows
#

---------------  S U M M A R Y ------------

Command Line: --add-opens=java.base/java.util=ALL-UNNAMED --add-opens=java.base/java.lang=ALL-UNNAMED --add-opens=java.base/java.lang.invoke=ALL-UNNAMED --add-opens=java.base/java.util=ALL-UNNAMED --add-opens=java.prefs/java.util.prefs=ALL-UNNAMED --add-opens=java.prefs/java.util.prefs=ALL-UNNAMED --add-opens=java.base/java.nio.charset=ALL-UNNAMED --add-opens=java.base/java.net=ALL-UNNAMED --add-opens=java.base/java.util.concurrent.atomic=ALL-UNNAMED -Xmx2048m -Dfile.encoding=UTF-8 -Duser.country=CN -Duser.language=zh -Duser.variant org.gradle.launcher.daemon.bootstrap.GradleDaemon 7.3.3

Host: Intel(R) Core(TM) i5-4590 CPU @ 3.30GHz, 4 cores, 7G,  Windows 10 , 64 bit Build 17763 (10.0.17763.2989)
Time: Mon Jul 25 00:24:52 2022 ?D1¨²¡À¨º¡Á?¨º¡À?? elapsed time: 14.386820 seconds (0d 0h 0m 14s)

---------------  T H R E A D  ---------------

Current thread (0x0000025b48b94800):  JavaThread "C2 CompilerThread1" daemon [_thread_in_native, id=6040, stack(0x000000eaed000000,0x000000eaed100000)]


Current CompileTask:
C2:  14386 12618       4       org.gradle.cache.internal.btree.KeyHasher$MessageDigestStream::getChecksum (41 bytes)

Stack: [0x000000eaed000000,0x000000eaed100000]
Native frames: (J=compiled Java code, j=interpreted, Vv=VM code, C=native code)
V  [jvm.dll+0x5fbcea]
V  [jvm.dll+0x731905]
V  [jvm.dll+0x732f1d]
V  [jvm.dll+0x7335d3]
V  [jvm.dll+0x247bf8]
V  [jvm.dll+0xc018c]
V  [jvm.dll+0xc06cc]
V  [jvm.dll+0x2bcc04]
V  [jvm.dll+0x5113a8]
V  [jvm.dll+0x208303]
V  [jvm.dll+0x201fe0]
V  [jvm.dll+0x1ff71f]
V  [jvm.dll+0x18868c]
V  [jvm.dll+0x20e0d7]
V  [jvm.dll+0x20c901]
V  [jvm.dll+0x6f9b7f]
V  [jvm.dll+0x6f26a5]
V  [jvm.dll+0x5fabf6]
C  [ucrtbase.dll+0x2268a]
C  [KERNEL32.DLL+0x17974]
C  [ntdll.dll+0x5a2f1]


---------------  P R O C E S S  ---------------

Threads class SMR info:
_java_thread_list=0x0000025b4506ebe0, length=95, elements={
0x0000025b296c9800, 0x0000025b431ad800, 0x0000025b431b1000, 0x0000025b431d0800,
0x0000025b431d3000, 0x0000025b431d4000, 0x0000025b439f9800, 0x0000025b43a49000,
0x0000025b43a55000, 0x0000025b43bab800, 0x0000025b455be800, 0x0000025b45ae1800,
0x0000025b45bef000, 0x0000025b46790800, 0x0000025b45b6f800, 0x0000025b47592800,
0x0000025b44ab5000, 0x0000025b475e7000, 0x0000025b44cf9000, 0x0000025b45ad0800,
0x0000025b45ad5800, 0x0000025b45ad1800, 0x0000025b45ad5000, 0x0000025b45ad2800,
0x0000025b45ad4000, 0x0000025b45ad6800, 0x0000025b45ad3000, 0x0000025b45ad7000,
0x0000025b48bce800, 0x0000025b48bcf800, 0x0000025b48bca800, 0x0000025b48bd0800,
0x0000025b48bd2000, 0x0000025b48bcc800, 0x0000025b48bd7000, 0x0000025b48bd8800,
0x0000025b48bd3000, 0x0000025b48bd6000, 0x0000025b48bd5000, 0x0000025b48bd3800,
0x0000025b48bd7800, 0x0000025b48bd9800, 0x0000025b48bd4800, 0x0000025b4973d800,
0x0000025b4973e000, 0x0000025b49739000, 0x0000025b4973a000, 0x0000025b49740800,
0x0000025b4973b000, 0x0000025b4973f000, 0x0000025b49741800, 0x0000025b49740000,
0x0000025b4973b800, 0x0000025b49742000, 0x0000025b4973c800, 0x0000025b49743000,
0x0000025b49746800, 0x0000025b49747000, 0x0000025b49748000, 0x0000025b49744000,
0x0000025b49744800, 0x0000025b49745800, 0x0000025b4a934800, 0x0000025b4a935000,
0x0000025b4a931000, 0x0000025b4a932800, 0x0000025b4a933800, 0x0000025b4a932000,
0x0000025b4a936000, 0x0000025b4a930800, 0x0000025b4a939800, 0x0000025b4a93a000,
0x0000025b4a93b000, 0x0000025b4a93c800, 0x0000025b4a937000, 0x0000025b4a93b800,
0x0000025b4a93d800, 0x0000025b4a937800, 0x0000025b4a93e000, 0x0000025b4a93f000,
0x0000025b48b8e000, 0x0000025b48b8b800, 0x0000025b48b8c800, 0x0000025b48b8a800,
0x0000025b48b8d000, 0x0000025b48b8f000, 0x0000025b48b8a000, 0x0000025b48b89000,
0x0000025b48b90800, 0x0000025b48b94800, 0x0000025b48b93800, 0x0000025b48b8f800,
0x0000025b48b97000, 0x0000025b48b95800, 0x0000025b48b96000
}

Java Threads: ( => current thread )
  0x0000025b296c9800 JavaThread "main" [_thread_blocked, id=13728, stack(0x000000eaebf00000,0x000000eaec000000)]
  0x0000025b431ad800 JavaThread "Reference Handler" daemon [_thread_blocked, id=13540, stack(0x000000eaec600000,0x000000eaec700000)]
  0x0000025b431b1000 JavaThread "Finalizer" daemon [_thread_blocked, id=4600, stack(0x000000eaec700000,0x000000eaec800000)]
  0x0000025b431d0800 JavaThread "Signal Dispatcher" daemon [_thread_blocked, id=13456, stack(0x000000eaec800000,0x000000eaec900000)]
  0x0000025b431d3000 JavaThread "Attach Listener" daemon [_thread_blocked, id=8420, stack(0x000000eaec900000,0x000000eaeca00000)]
  0x0000025b431d4000 JavaThread "Service Thread" daemon [_thread_blocked, id=6024, stack(0x000000eaeca00000,0x000000eaecb00000)]
  0x0000025b439f9800 JavaThread "C2 CompilerThread0" daemon [_thread_in_native, id=13484, stack(0x000000eaecb00000,0x000000eaecc00000)]
  0x0000025b43a49000 JavaThread "C1 CompilerThread0" daemon [_thread_blocked, id=13812, stack(0x000000eaecc00000,0x000000eaecd00000)]
  0x0000025b43a55000 JavaThread "Sweeper thread" daemon [_thread_blocked, id=4112, stack(0x000000eaecd00000,0x000000eaece00000)]
  0x0000025b43bab800 JavaThread "Common-Cleaner" daemon [_thread_blocked, id=6552, stack(0x000000eaece00000,0x000000eaecf00000)]
  0x0000025b455be800 JavaThread "Daemon health stats" [_thread_blocked, id=10584, stack(0x000000eaed300000,0x000000eaed400000)]
  0x0000025b45ae1800 JavaThread "Incoming local TCP Connector on port 58742" [_thread_in_native, id=13756, stack(0x000000eaed400000,0x000000eaed500000)]
  0x0000025b45bef000 JavaThread "Daemon periodic checks" [_thread_blocked, id=6796, stack(0x000000eaed500000,0x000000eaed600000)]
  0x0000025b46790800 JavaThread "Daemon" [_thread_blocked, id=10680, stack(0x000000eaed600000,0x000000eaed700000)]
  0x0000025b45b6f800 JavaThread "Handler for socket connection from /127.0.0.1:58742 to /127.0.0.1:58743" [_thread_in_native, id=14332, stack(0x000000eaed700000,0x000000eaed800000)]
  0x0000025b47592800 JavaThread "Cancel handler" [_thread_blocked, id=13504, stack(0x000000eaed800000,0x000000eaed900000)]
  0x0000025b44ab5000 JavaThread "Daemon worker" [_thread_blocked, id=5648, stack(0x000000eaed900000,0x000000eaeda00000)]
  0x0000025b475e7000 JavaThread "Asynchronous log dispatcher for DefaultDaemonConnection: socket connection from /127.0.0.1:58742 to /127.0.0.1:58743" [_thread_blocked, id=12420, stack(0x000000eaeda00000,0x000000eaedb00000)]
  0x0000025b44cf9000 JavaThread "Stdin handler" [_thread_blocked, id=9752, stack(0x000000eaedb00000,0x000000eaedc00000)]
  0x0000025b45ad0800 JavaThread "Daemon client event forwarder" [_thread_blocked, id=14224, stack(0x000000eaedc00000,0x000000eaedd00000)]
  0x0000025b45ad5800 JavaThread "Cache worker for journal cache (C:\Users\Administrator\.gradle\caches\journal-1)" [_thread_blocked, id=13860, stack(0x000000eaedd00000,0x000000eaede00000)]
  0x0000025b45ad1800 JavaThread "File lock request listener" [_thread_in_native, id=2376, stack(0x000000eaede00000,0x000000eaedf00000)]
  0x0000025b45ad5000 JavaThread "Cache worker for file hash cache (C:\Users\Administrator\.gradle\caches\7.3.3\fileHashes)" [_thread_blocked, id=11500, stack(0x000000eaedf00000,0x000000eaee000000)]
  0x0000025b45ad2800 JavaThread "Cache worker for file hash cache (E:\workspace_smar\cooler_monitor\.gradle\7.3.3\fileHashes)" [_thread_blocked, id=13780, stack(0x000000eaee100000,0x000000eaee200000)]
  0x0000025b45ad4000 JavaThread "File watcher server" daemon [_thread_in_native, id=13552, stack(0x000000eaee200000,0x000000eaee300000)]
  0x0000025b45ad6800 JavaThread "File watcher consumer" daemon [_thread_blocked, id=13528, stack(0x000000eaee300000,0x000000eaee400000)]
  0x0000025b45ad3000 JavaThread "Cache worker for checksums cache (E:\workspace_smar\cooler_monitor\.gradle\7.3.3\checksums)" [_thread_blocked, id=8968, stack(0x000000eaee400000,0x000000eaee500000)]
  0x0000025b45ad7000 JavaThread "Cache worker for cache directory md-supplier (C:\Users\Administrator\.gradle\caches\7.3.3\md-supplier)" [_thread_blocked, id=13704, stack(0x000000eaee500000,0x000000eaee600000)]
  0x0000025b48bce800 JavaThread "Cache worker for cache directory md-rule (C:\Users\Administrator\.gradle\caches\7.3.3\md-rule)" [_thread_blocked, id=13924, stack(0x000000eaee600000,0x000000eaee700000)]
  0x0000025b48bcf800 JavaThread "Cache worker for execution history cache (C:\Users\Administrator\.gradle\caches\7.3.3\executionHistory)" [_thread_blocked, id=13876, stack(0x000000eaee700000,0x000000eaee800000)]
  0x0000025b48bca800 JavaThread "jar transforms" [_thread_blocked, id=13880, stack(0x000000eaee800000,0x000000eaee900000)]
  0x0000025b48bd0800 JavaThread "Cache worker for file content cache (C:\Users\Administrator\.gradle\caches\7.3.3\fileContent)" [_thread_blocked, id=13884, stack(0x000000eaee900000,0x000000eaeea00000)]
  0x0000025b48bd2000 JavaThread "jar transforms Thread 2" [_thread_blocked, id=13088, stack(0x000000eaeea00000,0x000000eaeeb00000)]
  0x0000025b48bcc800 JavaThread "Cache worker for dependencies-accessors (E:\workspace_smar\cooler_monitor\.gradle\7.3.3\dependencies-accessors)" [_thread_blocked, id=13572, stack(0x000000eaeeb00000,0x000000eaeec00000)]
  0x0000025b48bd7000 JavaThread "jar transforms Thread 3" [_thread_blocked, id=4388, stack(0x000000eaeec00000,0x000000eaeed00000)]
  0x0000025b48bd8800 JavaThread "Cache worker for Build Output Cleanup Cache (E:\workspace_smar\cooler_monitor\.gradle\buildOutputCleanup)" [_thread_blocked, id=14144, stack(0x000000eaeed00000,0x000000eaeee00000)]
  0x0000025b48bd3000 JavaThread "Unconstrained build operations" [_thread_blocked, id=13892, stack(0x000000eaeee00000,0x000000eaeef00000)]
  0x0000025b48bd6000 JavaThread "Unconstrained build operations Thread 2" [_thread_blocked, id=13564, stack(0x000000eaeef00000,0x000000eaef000000)]
  0x0000025b48bd5000 JavaThread "Unconstrained build operations Thread 3" [_thread_blocked, id=7704, stack(0x000000eaef000000,0x000000eaef100000)]
  0x0000025b48bd3800 JavaThread "Unconstrained build operations Thread 4" [_thread_blocked, id=13440, stack(0x000000eaef100000,0x000000eaef200000)]
  0x0000025b48bd7800 JavaThread "Unconstrained build operations Thread 5" [_thread_blocked, id=13708, stack(0x000000eaef200000,0x000000eaef300000)]
  0x0000025b48bd9800 JavaThread "Unconstrained build operations Thread 6" [_thread_blocked, id=13932, stack(0x000000eaef300000,0x000000eaef400000)]
  0x0000025b48bd4800 JavaThread "Unconstrained build operations Thread 7" [_thread_blocked, id=6980, stack(0x000000eaef400000,0x000000eaef500000)]
  0x0000025b4973d800 JavaThread "Unconstrained build operations Thread 8" [_thread_blocked, id=1424, stack(0x000000eaef500000,0x000000eaef600000)]
  0x0000025b4973e000 JavaThread "Unconstrained build operations Thread 9" [_thread_blocked, id=3100, stack(0x000000eaef600000,0x000000eaef700000)]
  0x0000025b49739000 JavaThread "Unconstrained build operations Thread 10" [_thread_blocked, id=13468, stack(0x000000eaef700000,0x000000eaef800000)]
  0x0000025b4973a000 JavaThread "Unconstrained build operations Thread 11" [_thread_blocked, id=13964, stack(0x000000eaef800000,0x000000eaef900000)]
  0x0000025b49740800 JavaThread "Unconstrained build operations Thread 12" [_thread_blocked, id=11120, stack(0x000000eaef900000,0x000000eaefa00000)]
  0x0000025b4973b000 JavaThread "Unconstrained build operations Thread 13" [_thread_blocked, id=11752, stack(0x000000eaefa00000,0x000000eaefb00000)]
  0x0000025b4973f000 JavaThread "Unconstrained build operations Thread 14" [_thread_blocked, id=13464, stack(0x000000eaefb00000,0x000000eaefc00000)]
  0x0000025b49741800 JavaThread "Unconstrained build operations Thread 15" [_thread_blocked, id=13996, stack(0x000000eaefc00000,0x000000eaefd00000)]
  0x0000025b49740000 JavaThread "Unconstrained build operations Thread 16" [_thread_blocked, id=7004, stack(0x000000eaefd00000,0x000000eaefe00000)]
  0x0000025b4973b800 JavaThread "Unconstrained build operations Thread 17" [_thread_blocked, id=4852, stack(0x000000eaefe00000,0x000000eaeff00000)]
  0x0000025b49742000 JavaThread "Unconstrained build operations Thread 18" [_thread_blocked, id=6620, stack(0x000000eaeff00000,0x000000eaf0000000)]
  0x0000025b4973c800 JavaThread "Unconstrained build operations Thread 19" [_thread_blocked, id=11584, stack(0x000000eaf0000000,0x000000eaf0100000)]
  0x0000025b49743000 JavaThread "Unconstrained build operations Thread 20" [_thread_blocked, id=9900, stack(0x000000eaf0100000,0x000000eaf0200000)]
  0x0000025b49746800 JavaThread "Unconstrained build operations Thread 21" [_thread_blocked, id=11084, stack(0x000000eaf0200000,0x000000eaf0300000)]
  0x0000025b49747000 JavaThread "Unconstrained build operations Thread 22" [_thread_blocked, id=14284, stack(0x000000eaf0300000,0x000000eaf0400000)]
  0x0000025b49748000 JavaThread "Unconstrained build operations Thread 23" [_thread_blocked, id=13320, stack(0x000000eaf0400000,0x000000eaf0500000)]
  0x0000025b49744000 JavaThread "Unconstrained build operations Thread 24" [_thread_blocked, id=13644, stack(0x000000eaf0500000,0x000000eaf0600000)]
  0x0000025b49744800 JavaThread "Unconstrained build operations Thread 25" [_thread_blocked, id=5000, stack(0x000000eaf0600000,0x000000eaf0700000)]
  0x0000025b49745800 JavaThread "Unconstrained build operations Thread 26" [_thread_blocked, id=12972, stack(0x000000eaf0700000,0x000000eaf0800000)]
  0x0000025b4a934800 JavaThread "Unconstrained build operations Thread 27" [_thread_blocked, id=6828, stack(0x000000eaf0800000,0x000000eaf0900000)]
  0x0000025b4a935000 JavaThread "Unconstrained build operations Thread 28" [_thread_blocked, id=6648, stack(0x000000eaf0900000,0x000000eaf0a00000)]
  0x0000025b4a931000 JavaThread "Unconstrained build operations Thread 29" [_thread_blocked, id=5676, stack(0x000000eaf0a00000,0x000000eaf0b00000)]
  0x0000025b4a932800 JavaThread "Unconstrained build operations Thread 30" [_thread_blocked, id=13976, stack(0x000000eaf0b00000,0x000000eaf0c00000)]
  0x0000025b4a933800 JavaThread "Unconstrained build operations Thread 31" [_thread_blocked, id=13972, stack(0x000000eaf0c00000,0x000000eaf0d00000)]
  0x0000025b4a932000 JavaThread "Unconstrained build operations Thread 32" [_thread_blocked, id=9812, stack(0x000000eaf0d00000,0x000000eaf0e00000)]
  0x0000025b4a936000 JavaThread "Unconstrained build operations Thread 33" [_thread_blocked, id=5764, stack(0x000000eaf0e00000,0x000000eaf0f00000)]
  0x0000025b4a930800 JavaThread "Unconstrained build operations Thread 34" [_thread_blocked, id=5664, stack(0x000000eaf0f00000,0x000000eaf1000000)]
  0x0000025b4a939800 JavaThread "Unconstrained build operations Thread 35" [_thread_blocked, id=13344, stack(0x000000eaf1000000,0x000000eaf1100000)]
  0x0000025b4a93a000 JavaThread "Unconstrained build operations Thread 36" [_thread_blocked, id=13360, stack(0x000000eaf1100000,0x000000eaf1200000)]
  0x0000025b4a93b000 JavaThread "Unconstrained build operations Thread 37" [_thread_blocked, id=11160, stack(0x000000eaf1200000,0x000000eaf1300000)]
  0x0000025b4a93c800 JavaThread "Unconstrained build operations Thread 38" [_thread_blocked, id=8744, stack(0x000000eaf1300000,0x000000eaf1400000)]
  0x0000025b4a937000 JavaThread "Unconstrained build operations Thread 39" [_thread_blocked, id=6784, stack(0x000000eaf1400000,0x000000eaf1500000)]
  0x0000025b4a93b800 JavaThread "Unconstrained build operations Thread 40" [_thread_blocked, id=13764, stack(0x000000eaf1500000,0x000000eaf1600000)]
  0x0000025b4a93d800 JavaThread "jar transforms Thread 4" [_thread_blocked, id=7708, stack(0x000000eaf1600000,0x000000eaf1700000)]
  0x0000025b4a937800 JavaThread "Memory manager" [_thread_blocked, id=14172, stack(0x000000eaf1700000,0x000000eaf1800000)]
  0x0000025b4a93e000 JavaThread "build event listener" [_thread_blocked, id=3412, stack(0x000000eaf1800000,0x000000eaf1900000)]
  0x0000025b4a93f000 JavaThread "build event listener" [_thread_blocked, id=12132, stack(0x000000eaf1900000,0x000000eaf1a00000)]
  0x0000025b48b8e000 JavaThread "Execution worker for ':'" [_thread_blocked, id=13632, stack(0x000000eaf1a00000,0x000000eaf1b00000)]
  0x0000025b48b8b800 JavaThread "Execution worker for ':' Thread 2" [_thread_blocked, id=232, stack(0x000000eaf1b00000,0x000000eaf1c00000)]
  0x0000025b48b8c800 JavaThread "Execution worker for ':' Thread 3" [_thread_blocked, id=13640, stack(0x000000eaf1c00000,0x000000eaf1d00000)]
  0x0000025b48b8a800 JavaThread "Cache worker for execution history cache (E:\workspace_smar\cooler_monitor\.gradle\7.3.3\executionHistory)" [_thread_blocked, id=6484, stack(0x000000eaf1d00000,0x000000eaf1e00000)]
  0x0000025b48b8d000 JavaThread "RMI Scheduler(0)" daemon [_thread_blocked, id=12612, stack(0x000000eaf1e00000,0x000000eaf1f00000)]
  0x0000025b48b8f000 JavaThread "RMI GC Daemon" daemon [_thread_blocked, id=8040, stack(0x000000eaf2000000,0x000000eaf2100000)]
  0x0000025b48b8a000 JavaThread "RMI TCP Accept-0" daemon [_thread_in_native, id=6064, stack(0x000000eaf2100000,0x000000eaf2200000)]
  0x0000025b48b89000 JavaThread "RMI Reaper" [_thread_blocked, id=2204, stack(0x000000eaf2200000,0x000000eaf2300000)]
  0x0000025b48b90800 JavaThread "RMI TCP Connection(1)-127.0.0.1" daemon [_thread_in_native, id=13380, stack(0x000000eaf2300000,0x000000eaf2400000)]
=>0x0000025b48b94800 JavaThread "C2 CompilerThread1" daemon [_thread_in_native, id=6040, stack(0x000000eaed000000,0x000000eaed100000)]
  0x0000025b48b93800 JavaThread "WorkerExecutor Queue" [_thread_blocked, id=12440, stack(0x000000eaf1f00000,0x000000eaf2000000)]
  0x0000025b48b8f800 JavaThread "WorkerExecutor Queue Thread 2" [_thread_blocked, id=9628, stack(0x000000eaf2400000,0x000000eaf2500000)]
  0x0000025b48b97000 JavaThread "WorkerExecutor Queue Thread 3" [_thread_blocked, id=13124, stack(0x000000eaf2500000,0x000000eaf2600000)]
  0x0000025b48b95800 JavaThread "WorkerExecutor Queue Thread 4" [_thread_blocked, id=3336, stack(0x000000eaf2600000,0x000000eaf2700000)]
  0x0000025b48b96000 JavaThread "WorkerExecutor Queue Thread 5" [_thread_blocked, id=8144, stack(0x000000eaf2700000,0x000000eaf2800000)]

Other Threads:
  0x0000025b431a8000 VMThread "VM Thread" [stack: 0x000000eaec500000,0x000000eaec600000] [id=13888]
  0x0000025b43bbf000 WatcherThread [stack: 0x000000eaecf00000,0x000000eaed000000] [id=13948]
  0x0000025b296dc800 GCTaskThread "GC Thread#0" [stack: 0x000000eaec000000,0x000000eaec100000] [id=13820]
  0x0000025b44272800 GCTaskThread "GC Thread#1" [stack: 0x000000eaed100000,0x000000eaed200000] [id=13804]
  0x0000025b44223800 GCTaskThread "GC Thread#2" [stack: 0x000000eaed200000,0x000000eaed300000] [id=13500]
  0x0000025b45e05000 GCTaskThread "GC Thread#3" [stack: 0x000000eaee000000,0x000000eaee100000] [id=13864]
  0x0000025b29710000 ConcurrentGCThread "G1 Main Marker" [stack: 0x000000eaec100000,0x000000eaec200000] [id=9780]
  0x0000025b29711000 ConcurrentGCThread "G1 Conc#0" [stack: 0x000000eaec200000,0x000000eaec300000] [id=11316]
  0x0000025b2978e000 ConcurrentGCThread "G1 Refine#0" [stack: 0x000000eaec300000,0x000000eaec400000] [id=13516]
  0x0000025b42ff6800 ConcurrentGCThread "G1 Young RemSet Sampling" [stack: 0x000000eaec400000,0x000000eaec500000] [id=9080]

Threads with active compile tasks:
C2 CompilerThread0  14433 12515       4       sun.invoke.util.VerifyAccess::isClassAccessible (182 bytes)
C1 CompilerThread0  14433 12645       3       kotlin.reflect.jvm.internal.impl.metadata.jvm.JvmProtoBuf$StringTableTypes$Record::initFields (38 bytes)
C2 CompilerThread1  14433 12618       4       org.gradle.cache.internal.btree.KeyHasher$MessageDigestStream::getChecksum (41 bytes)

VM state:at safepoint (normal execution)

VM Mutex/Monitor currently owned by a thread:  ([mutex/lock_event])
[0x0000025b296c59a0] Threads_lock - owner thread: 0x0000025b431a8000
[0x0000025b296c55b0] Heap_lock - owner thread: 0x0000025b43a49000
[0x0000025b296c7650] MethodData_lock - owner thread: 0x0000025b43a49000

Heap address: 0x0000000080000000, size: 2048 MB, Compressed Oops mode: 32-bit
Narrow klass base: 0x0000000000000000, Narrow klass shift: 3
Compressed class space size: 1073741824 Address: 0x0000000100000000

Heap:
 garbage-first heap   total 227328K, used 94929K [0x0000000080000000, 0x0000000100000000)
  region size 1024K, 9 young (9216K), 9 survivors (9216K)
 Metaspace       used 108132K, capacity 111071K, committed 111148K, reserved 1153024K
  class space    used 14333K, capacity 15450K, committed 15488K, reserved 1048576K
Heap Regions: E=young(eden), S=young(survivor), O=old, HS=humongous(starts), HC=humongous(continues), CS=collection set, F=free, A=archive, TAMS=top-at-mark-start (previous, next)
|   0|0x0000000080000000, 0x0000000080100000, 0x0000000080100000|100%|HS|  |TAMS 0x0000000080100000, 0x0000000080100000| Complete 
|   1|0x0000000080100000, 0x0000000080200000, 0x0000000080200000|100%|HC|  |TAMS 0x0000000080200000, 0x0000000080200000| Complete 
|   2|0x0000000080200000, 0x0000000080300000, 0x0000000080300000|100%|HC|  |TAMS 0x0000000080300000, 0x0000000080300000| Complete 
|   3|0x0000000080300000, 0x0000000080400000, 0x0000000080400000|100%| O|  |TAMS 0x0000000080400000, 0x0000000080400000| Untracked 
|   4|0x0000000080400000, 0x0000000080500000, 0x0000000080500000|100%| O|  |TAMS 0x0000000080500000, 0x0000000080500000| Untracked 
|   5|0x0000000080500000, 0x0000000080600000, 0x0000000080600000|100%| O|  |TAMS 0x0000000080600000, 0x0000000080600000| Untracked 
|   6|0x0000000080600000, 0x0000000080700000, 0x0000000080700000|100%| O|  |TAMS 0x0000000080700000, 0x0000000080700000| Untracked 
|   7|0x0000000080700000, 0x0000000080800000, 0x0000000080800000|100%| O|  |TAMS 0x0000000080800000, 0x0000000080800000| Untracked 
|   8|0x0000000080800000, 0x0000000080900000, 0x0000000080900000|100%| O|  |TAMS 0x0000000080900000, 0x0000000080900000| Untracked 
|   9|0x0000000080900000, 0x0000000080a00000, 0x0000000080a00000|100%| O|  |TAMS 0x0000000080a00000, 0x0000000080a00000| Untracked 
|  10|0x0000000080a00000, 0x0000000080b00000, 0x0000000080b00000|100%| O|  |TAMS 0x0000000080b00000, 0x0000000080b00000| Untracked 
|  11|0x0000000080b00000, 0x0000000080c00000, 0x0000000080c00000|100%| O|  |TAMS 0x0000000080c00000, 0x0000000080c00000| Untracked 
|  12|0x0000000080c00000, 0x0000000080d00000, 0x0000000080d00000|100%| O|  |TAMS 0x0000000080d00000, 0x0000000080d00000| Untracked 
|  13|0x0000000080d00000, 0x0000000080e00000, 0x0000000080e00000|100%| O|  |TAMS 0x0000000080e00000, 0x0000000080e00000| Untracked 
|  14|0x0000000080e00000, 0x0000000080f00000, 0x0000000080f00000|100%| O|  |TAMS 0x0000000080f00000, 0x0000000080f00000| Untracked 
|  15|0x0000000080f00000, 0x0000000081000000, 0x0000000081000000|100%| O|  |TAMS 0x0000000081000000, 0x0000000081000000| Untracked 
|  16|0x0000000081000000, 0x0000000081100000, 0x0000000081100000|100%| O|  |TAMS 0x0000000081100000, 0x0000000081100000| Untracked 
|  17|0x0000000081100000, 0x0000000081200000, 0x0000000081200000|100%|HS|  |TAMS 0x0000000081200000, 0x0000000081200000| Complete 
|  18|0x0000000081200000, 0x0000000081300000, 0x0000000081300000|100%| O|  |TAMS 0x0000000081300000, 0x0000000081300000| Untracked 
|  19|0x0000000081300000, 0x0000000081400000, 0x0000000081400000|100%| O|  |TAMS 0x0000000081400000, 0x0000000081400000| Untracked 
|  20|0x0000000081400000, 0x0000000081500000, 0x0000000081500000|100%| O|  |TAMS 0x0000000081500000, 0x0000000081500000| Untracked 
|  21|0x0000000081500000, 0x0000000081600000, 0x0000000081600000|100%| O|  |TAMS 0x0000000081600000, 0x0000000081600000| Untracked 
|  22|0x0000000081600000, 0x0000000081700000, 0x0000000081700000|100%| O|  |TAMS 0x0000000081700000, 0x0000000081700000| Untracked 
|  23|0x0000000081700000, 0x0000000081800000, 0x0000000081800000|100%| O|  |TAMS 0x0000000081800000, 0x0000000081800000| Untracked 
|  24|0x0000000081800000, 0x0000000081900000, 0x0000000081900000|100%|HS|  |TAMS 0x0000000081900000, 0x0000000081900000| Complete 
|  25|0x0000000081900000, 0x0000000081a00000, 0x0000000081a00000|100%|HS|  |TAMS 0x0000000081a00000, 0x0000000081a00000| Complete 
|  26|0x0000000081a00000, 0x0000000081b00000, 0x0000000081b00000|100%|HS|  |TAMS 0x0000000081b00000, 0x0000000081b00000| Complete 
|  27|0x0000000081b00000, 0x0000000081c00000, 0x0000000081c00000|100%|HC|  |TAMS 0x0000000081c00000, 0x0000000081c00000| Complete 
|  28|0x0000000081c00000, 0x0000000081d00000, 0x0000000081d00000|100%|HC|  |TAMS 0x0000000081d00000, 0x0000000081d00000| Complete 
|  29|0x0000000081d00000, 0x0000000081e00000, 0x0000000081e00000|100%|HS|  |TAMS 0x0000000081e00000, 0x0000000081e00000| Complete 
|  30|0x0000000081e00000, 0x0000000081f00000, 0x0000000081f00000|100%|HC|  |TAMS 0x0000000081f00000, 0x0000000081f00000| Complete 
|  31|0x0000000081f00000, 0x0000000082000000, 0x0000000082000000|100%| O|  |TAMS 0x0000000082000000, 0x0000000082000000| Untracked 
|  32|0x0000000082000000, 0x0000000082100000, 0x0000000082100000|100%| O|  |TAMS 0x0000000082100000, 0x0000000082100000| Untracked 
|  33|0x0000000082100000, 0x0000000082200000, 0x0000000082200000|100%| O|  |TAMS 0x0000000082200000, 0x0000000082200000| Untracked 
|  34|0x0000000082200000, 0x0000000082300000, 0x0000000082300000|100%| O|  |TAMS 0x0000000082300000, 0x0000000082300000| Untracked 
|  35|0x0000000082300000, 0x0000000082400000, 0x0000000082400000|100%| O|  |TAMS 0x0000000082400000, 0x0000000082400000| Untracked 
|  36|0x0000000082400000, 0x0000000082500000, 0x0000000082500000|100%| O|  |TAMS 0x0000000082500000, 0x0000000082500000| Untracked 
|  37|0x0000000082500000, 0x0000000082600000, 0x0000000082600000|100%| O|  |TAMS 0x0000000082600000, 0x0000000082600000| Untracked 
|  38|0x0000000082600000, 0x0000000082700000, 0x0000000082700000|100%| O|  |TAMS 0x0000000082700000, 0x0000000082700000| Untracked 
|  39|0x0000000082700000, 0x0000000082800000, 0x0000000082800000|100%| O|  |TAMS 0x0000000082800000, 0x0000000082800000| Untracked 
|  40|0x0000000082800000, 0x0000000082900000, 0x0000000082900000|100%| O|  |TAMS 0x0000000082900000, 0x0000000082900000| Untracked 
|  41|0x0000000082900000, 0x0000000082a00000, 0x0000000082a00000|100%| O|  |TAMS 0x0000000082a00000, 0x0000000082a00000| Untracked 
|  42|0x0000000082a00000, 0x0000000082b00000, 0x0000000082b00000|100%| O|  |TAMS 0x0000000082b00000, 0x0000000082b00000| Untracked 
|  43|0x0000000082b00000, 0x0000000082c00000, 0x0000000082c00000|100%| O|  |TAMS 0x0000000082c00000, 0x0000000082c00000| Untracked 
|  44|0x0000000082c00000, 0x0000000082d00000, 0x0000000082d00000|100%| O|  |TAMS 0x0000000082d00000, 0x0000000082d00000| Untracked 
|  45|0x0000000082d00000, 0x0000000082e00000, 0x0000000082e00000|100%| O|  |TAMS 0x0000000082e00000, 0x0000000082e00000| Untracked 
|  46|0x0000000082e00000, 0x0000000082f00000, 0x0000000082f00000|100%| O|  |TAMS 0x0000000082f00000, 0x0000000082f00000| Untracked 
|  47|0x0000000082f00000, 0x0000000083000000, 0x0000000083000000|100%| O|  |TAMS 0x0000000083000000, 0x0000000083000000| Untracked 
|  48|0x0000000083000000, 0x0000000083100000, 0x0000000083100000|100%| O|  |TAMS 0x0000000083100000, 0x0000000083100000| Untracked 
|  49|0x0000000083100000, 0x0000000083200000, 0x0000000083200000|100%| O|  |TAMS 0x0000000083192600, 0x0000000083200000| Untracked 
|  50|0x0000000083200000, 0x0000000083300000, 0x0000000083300000|100%| O|  |TAMS 0x0000000083200000, 0x0000000083300000| Untracked 
|  51|0x0000000083300000, 0x0000000083400000, 0x0000000083400000|100%| O|  |TAMS 0x0000000083300000, 0x0000000083400000| Untracked 
|  52|0x0000000083400000, 0x0000000083500000, 0x0000000083500000|100%| O|  |TAMS 0x0000000083400000, 0x0000000083500000| Untracked 
|  53|0x0000000083500000, 0x0000000083600000, 0x0000000083600000|100%| O|  |TAMS 0x0000000083500000, 0x0000000083600000| Untracked 
|  54|0x0000000083600000, 0x0000000083700000, 0x0000000083700000|100%| O|  |TAMS 0x0000000083600000, 0x0000000083700000| Untracked 
|  55|0x0000000083700000, 0x0000000083800000, 0x0000000083800000|100%| O|  |TAMS 0x0000000083700000, 0x0000000083800000| Untracked 
|  56|0x0000000083800000, 0x0000000083900000, 0x0000000083900000|100%| O|  |TAMS 0x0000000083800000, 0x0000000083900000| Untracked 
|  57|0x0000000083900000, 0x0000000083a00000, 0x0000000083a00000|100%| O|  |TAMS 0x0000000083900000, 0x0000000083a00000| Untracked 
|  58|0x0000000083a00000, 0x0000000083b00000, 0x0000000083b00000|100%| O|  |TAMS 0x0000000083a00000, 0x0000000083b00000| Untracked 
|  59|0x0000000083b00000, 0x0000000083c00000, 0x0000000083c00000|100%| O|  |TAMS 0x0000000083b00000, 0x0000000083c00000| Untracked 
|  60|0x0000000083c00000, 0x0000000083d00000, 0x0000000083d00000|100%| O|  |TAMS 0x0000000083c00000, 0x0000000083d00000| Untracked 
|  61|0x0000000083d00000, 0x0000000083e00000, 0x0000000083e00000|100%| O|  |TAMS 0x0000000083d00000, 0x0000000083e00000| Untracked 
|  62|0x0000000083e00000, 0x0000000083f00000, 0x0000000083f00000|100%| O|  |TAMS 0x0000000083e00000, 0x0000000083f00000| Untracked 
|  63|0x0000000083f00000, 0x0000000084000000, 0x0000000084000000|100%| O|  |TAMS 0x0000000083f00000, 0x0000000084000000| Untracked 
|  64|0x0000000084000000, 0x0000000084100000, 0x0000000084100000|100%| O|  |TAMS 0x0000000084000000, 0x0000000084100000| Untracked 
|  65|0x0000000084100000, 0x0000000084200000, 0x0000000084200000|100%| O|  |TAMS 0x0000000084100000, 0x0000000084200000| Untracked 
|  66|0x0000000084200000, 0x0000000084300000, 0x0000000084300000|100%| O|  |TAMS 0x0000000084200000, 0x0000000084300000| Untracked 
|  67|0x0000000084300000, 0x0000000084400000, 0x0000000084400000|100%| O|  |TAMS 0x0000000084300000, 0x0000000084400000| Untracked 
|  68|0x0000000084400000, 0x0000000084500000, 0x0000000084500000|100%| O|  |TAMS 0x0000000084400000, 0x0000000084500000| Untracked 
|  69|0x0000000084500000, 0x0000000084600000, 0x0000000084600000|100%| O|  |TAMS 0x0000000084500000, 0x0000000084600000| Untracked 
|  70|0x0000000084600000, 0x0000000084700000, 0x0000000084700000|100%| O|  |TAMS 0x0000000084600000, 0x0000000084700000| Untracked 
|  71|0x0000000084700000, 0x0000000084800000, 0x0000000084800000|100%| O|  |TAMS 0x0000000084700000, 0x0000000084800000| Untracked 
|  72|0x0000000084800000, 0x0000000084900000, 0x0000000084900000|100%| O|  |TAMS 0x0000000084800000, 0x0000000084900000| Untracked 
|  73|0x0000000084900000, 0x0000000084a00000, 0x0000000084a00000|100%| O|  |TAMS 0x0000000084900000, 0x0000000084a00000| Untracked 
|  74|0x0000000084a00000, 0x0000000084b00000, 0x0000000084b00000|100%| O|  |TAMS 0x0000000084a00000, 0x0000000084b00000| Untracked 
|  75|0x0000000084b00000, 0x0000000084c00000, 0x0000000084c00000|100%| O|  |TAMS 0x0000000084b00000, 0x0000000084c00000| Untracked 
|  76|0x0000000084c00000, 0x0000000084d00000, 0x0000000084d00000|100%| O|  |TAMS 0x0000000084c00000, 0x0000000084d00000| Untracked 
|  77|0x0000000084d00000, 0x0000000084e00000, 0x0000000084e00000|100%| O|  |TAMS 0x0000000084d00000, 0x0000000084e00000| Untracked 
|  78|0x0000000084e00000, 0x0000000084f00000, 0x0000000084f00000|100%| O|  |TAMS 0x0000000084e00000, 0x0000000084f00000| Untracked 
|  79|0x0000000084f00000, 0x0000000085000000, 0x0000000085000000|100%| O|  |TAMS 0x0000000084f00000, 0x0000000085000000| Untracked 
|  80|0x0000000085000000, 0x0000000085100000, 0x0000000085100000|100%| O|  |TAMS 0x0000000085000000, 0x0000000085100000| Untracked 
|  81|0x0000000085100000, 0x0000000085200000, 0x0000000085200000|100%| O|  |TAMS 0x0000000085100000, 0x0000000085200000| Untracked 
|  82|0x0000000085200000, 0x0000000085300000, 0x0000000085300000|100%| O|  |TAMS 0x0000000085200000, 0x0000000085300000| Untracked 
|  83|0x0000000085300000, 0x00000000853d4a00, 0x0000000085400000| 83%| O|  |TAMS 0x0000000085300000, 0x00000000853d4a00| Untracked 
|  84|0x0000000085400000, 0x0000000085400000, 0x0000000085500000|  0%| F|  |TAMS 0x0000000085400000, 0x0000000085400000| Untracked 
|  85|0x0000000085500000, 0x0000000085500000, 0x0000000085600000|  0%| F|  |TAMS 0x0000000085500000, 0x0000000085500000| Untracked 
|  86|0x0000000085600000, 0x0000000085600000, 0x0000000085700000|  0%| F|  |TAMS 0x0000000085600000, 0x0000000085600000| Untracked 
|  87|0x0000000085700000, 0x0000000085700000, 0x0000000085800000|  0%| F|  |TAMS 0x0000000085700000, 0x0000000085700000| Untracked 
|  88|0x0000000085800000, 0x0000000085800000, 0x0000000085900000|  0%| F|  |TAMS 0x0000000085800000, 0x0000000085800000| Untracked 
|  89|0x0000000085900000, 0x0000000085900000, 0x0000000085a00000|  0%| F|  |TAMS 0x0000000085900000, 0x0000000085900000| Untracked 
|  90|0x0000000085a00000, 0x0000000085a00000, 0x0000000085b00000|  0%| F|  |TAMS 0x0000000085a00000, 0x0000000085a00000| Untracked 
|  91|0x0000000085b00000, 0x0000000085b00000, 0x0000000085c00000|  0%| F|  |TAMS 0x0000000085b00000, 0x0000000085b00000| Untracked 
|  92|0x0000000085c00000, 0x0000000085c00000, 0x0000000085d00000|  0%| F|  |TAMS 0x0000000085c00000, 0x0000000085c00000| Untracked 
|  93|0x0000000085d00000, 0x0000000085d00000, 0x0000000085e00000|  0%| F|  |TAMS 0x0000000085d00000, 0x0000000085d00000| Untracked 
|  94|0x0000000085e00000, 0x0000000085e00000, 0x0000000085f00000|  0%| F|  |TAMS 0x0000000085e00000, 0x0000000085e00000| Untracked 
|  95|0x0000000085f00000, 0x0000000085f00000, 0x0000000086000000|  0%| F|  |TAMS 0x0000000085f00000, 0x0000000085f00000| Untracked 
|  96|0x0000000086000000, 0x0000000086000000, 0x0000000086100000|  0%| F|  |TAMS 0x0000000086000000, 0x0000000086000000| Untracked 
|  97|0x0000000086100000, 0x0000000086100000, 0x0000000086200000|  0%| F|  |TAMS 0x0000000086100000, 0x0000000086100000| Untracked 
|  98|0x0000000086200000, 0x0000000086200000, 0x0000000086300000|  0%| F|  |TAMS 0x0000000086200000, 0x0000000086200000| Untracked 
|  99|0x0000000086300000, 0x0000000086300000, 0x0000000086400000|  0%| F|  |TAMS 0x0000000086300000, 0x0000000086300000| Untracked 
| 100|0x0000000086400000, 0x0000000086400000, 0x0000000086500000|  0%| F|  |TAMS 0x0000000086400000, 0x0000000086400000| Untracked 
| 101|0x0000000086500000, 0x0000000086500000, 0x0000000086600000|  0%| F|  |TAMS 0x0000000086500000, 0x0000000086500000| Untracked 
| 102|0x0000000086600000, 0x0000000086600000, 0x0000000086700000|  0%| F|  |TAMS 0x0000000086600000, 0x0000000086600000| Untracked 
| 103|0x0000000086700000, 0x0000000086700000, 0x0000000086800000|  0%| F|  |TAMS 0x0000000086700000, 0x0000000086700000| Untracked 
| 104|0x0000000086800000, 0x0000000086800000, 0x0000000086900000|  0%| F|  |TAMS 0x0000000086800000, 0x0000000086800000| Untracked 
| 105|0x0000000086900000, 0x0000000086900000, 0x0000000086a00000|  0%| F|  |TAMS 0x0000000086900000, 0x0000000086900000| Untracked 
| 106|0x0000000086a00000, 0x0000000086a00000, 0x0000000086b00000|  0%| F|  |TAMS 0x0000000086a00000, 0x0000000086a00000| Untracked 
| 107|0x0000000086b00000, 0x0000000086b00000, 0x0000000086c00000|  0%| F|  |TAMS 0x0000000086b00000, 0x0000000086b00000| Untracked 
| 108|0x0000000086c00000, 0x0000000086c00000, 0x0000000086d00000|  0%| F|  |TAMS 0x0000000086c00000, 0x0000000086c00000| Untracked 
| 109|0x0000000086d00000, 0x0000000086d00000, 0x0000000086e00000|  0%| F|  |TAMS 0x0000000086d00000, 0x0000000086d00000| Untracked 
| 110|0x0000000086e00000, 0x0000000086e00000, 0x0000000086f00000|  0%| F|  |TAMS 0x0000000086e00000, 0x0000000086e00000| Untracked 
| 111|0x0000000086f00000, 0x0000000086f00000, 0x0000000087000000|  0%| F|  |TAMS 0x0000000086f00000, 0x0000000086f00000| Untracked 
| 112|0x0000000087000000, 0x0000000087000000, 0x0000000087100000|  0%| F|  |TAMS 0x0000000087000000, 0x0000000087000000| Untracked 
| 113|0x0000000087100000, 0x0000000087100000, 0x0000000087200000|  0%| F|  |TAMS 0x0000000087100000, 0x0000000087100000| Untracked 
| 114|0x0000000087200000, 0x0000000087200000, 0x0000000087300000|  0%| F|  |TAMS 0x0000000087200000, 0x0000000087200000| Untracked 
| 115|0x0000000087300000, 0x0000000087300000, 0x0000000087400000|  0%| F|  |TAMS 0x0000000087300000, 0x0000000087300000| Untracked 
| 116|0x0000000087400000, 0x0000000087400000, 0x0000000087500000|  0%| F|  |TAMS 0x0000000087400000, 0x0000000087400000| Untracked 
| 117|0x0000000087500000, 0x0000000087500000, 0x0000000087600000|  0%| F|  |TAMS 0x0000000087500000, 0x0000000087500000| Untracked 
| 118|0x0000000087600000, 0x0000000087600000, 0x0000000087700000|  0%| F|  |TAMS 0x0000000087600000, 0x0000000087600000| Untracked 
| 119|0x0000000087700000, 0x0000000087700000, 0x0000000087800000|  0%| F|  |TAMS 0x0000000087700000, 0x0000000087700000| Untracked 
| 120|0x0000000087800000, 0x0000000087800000, 0x0000000087900000|  0%| F|  |TAMS 0x0000000087800000, 0x0000000087800000| Untracked 
| 121|0x0000000087900000, 0x0000000087900000, 0x0000000087a00000|  0%| F|  |TAMS 0x0000000087900000, 0x0000000087900000| Untracked 
| 122|0x0000000087a00000, 0x0000000087a00000, 0x0000000087b00000|  0%| F|  |TAMS 0x0000000087a00000, 0x0000000087a00000| Untracked 
| 123|0x0000000087b00000, 0x0000000087b00000, 0x0000000087c00000|  0%| F|  |TAMS 0x0000000087b00000, 0x0000000087b00000| Untracked 
| 124|0x0000000087c00000, 0x0000000087c00000, 0x0000000087d00000|  0%| F|  |TAMS 0x0000000087c00000, 0x0000000087c00000| Untracked 
| 125|0x0000000087d00000, 0x0000000087d00000, 0x0000000087e00000|  0%| F|  |TAMS 0x0000000087d00000, 0x0000000087d00000| Untracked 
| 126|0x0000000087e00000, 0x0000000087e00000, 0x0000000087f00000|  0%| F|  |TAMS 0x0000000087e00000, 0x0000000087e00000| Untracked 
| 127|0x0000000087f00000, 0x0000000087f00000, 0x0000000088000000|  0%| F|  |TAMS 0x0000000087f00000, 0x0000000087f00000| Untracked 
| 128|0x0000000088000000, 0x0000000088000000, 0x0000000088100000|  0%| F|  |TAMS 0x0000000088000000, 0x0000000088000000| Untracked 
| 129|0x0000000088100000, 0x0000000088100000, 0x0000000088200000|  0%| F|  |TAMS 0x0000000088100000, 0x0000000088100000| Untracked 
| 130|0x0000000088200000, 0x0000000088200000, 0x0000000088300000|  0%| F|  |TAMS 0x0000000088200000, 0x0000000088200000| Untracked 
| 131|0x0000000088300000, 0x0000000088300000, 0x0000000088400000|  0%| F|  |TAMS 0x0000000088300000, 0x0000000088300000| Untracked 
| 132|0x0000000088400000, 0x0000000088400000, 0x0000000088500000|  0%| F|  |TAMS 0x0000000088400000, 0x0000000088400000| Untracked 
| 133|0x0000000088500000, 0x0000000088500000, 0x0000000088600000|  0%| F|  |TAMS 0x0000000088500000, 0x0000000088500000| Untracked 
| 134|0x0000000088600000, 0x0000000088600000, 0x0000000088700000|  0%| F|  |TAMS 0x0000000088600000, 0x0000000088600000| Untracked 
| 135|0x0000000088700000, 0x0000000088700000, 0x0000000088800000|  0%| F|  |TAMS 0x0000000088700000, 0x0000000088700000| Untracked 
| 136|0x0000000088800000, 0x0000000088800000, 0x0000000088900000|  0%| F|  |TAMS 0x0000000088800000, 0x0000000088800000| Untracked 
| 137|0x0000000088900000, 0x0000000088900000, 0x0000000088a00000|  0%| F|  |TAMS 0x0000000088900000, 0x0000000088900000| Untracked 
| 138|0x0000000088a00000, 0x0000000088a00000, 0x0000000088b00000|  0%| F|  |TAMS 0x0000000088a00000, 0x0000000088a00000| Untracked 
| 139|0x0000000088b00000, 0x0000000088b00000, 0x0000000088c00000|  0%| F|  |TAMS 0x0000000088b00000, 0x0000000088b00000| Untracked 
| 140|0x0000000088c00000, 0x0000000088c00000, 0x0000000088d00000|  0%| F|  |TAMS 0x0000000088c00000, 0x0000000088c00000| Untracked 
| 141|0x0000000088d00000, 0x0000000088d00000, 0x0000000088e00000|  0%| F|  |TAMS 0x0000000088d00000, 0x0000000088d00000| Untracked 
| 142|0x0000000088e00000, 0x0000000088edfb50, 0x0000000088f00000| 87%| S|CS|TAMS 0x0000000088e00000, 0x0000000088e00000| Complete 
| 143|0x0000000088f00000, 0x0000000089000000, 0x0000000089000000|100%| S|CS|TAMS 0x0000000088f00000, 0x0000000088f00000| Complete 
| 144|0x0000000089000000, 0x0000000089100000, 0x0000000089100000|100%| S|CS|TAMS 0x0000000089000000, 0x0000000089000000| Complete 
| 145|0x0000000089100000, 0x0000000089200000, 0x0000000089200000|100%| S|CS|TAMS 0x0000000089100000, 0x0000000089100000| Complete 
| 146|0x0000000089200000, 0x0000000089300000, 0x0000000089300000|100%| S|CS|TAMS 0x0000000089200000, 0x0000000089200000| Complete 
| 147|0x0000000089300000, 0x0000000089400000, 0x0000000089400000|100%| S|CS|TAMS 0x0000000089300000, 0x0000000089300000| Complete 
| 148|0x0000000089400000, 0x0000000089500000, 0x0000000089500000|100%| S|CS|TAMS 0x0000000089400000, 0x0000000089400000| Complete 
| 149|0x0000000089500000, 0x0000000089600000, 0x0000000089600000|100%| S|CS|TAMS 0x0000000089500000, 0x0000000089500000| Complete 
| 150|0x0000000089600000, 0x0000000089700000, 0x0000000089700000|100%| S|CS|TAMS 0x0000000089600000, 0x0000000089600000| Complete 
| 151|0x0000000089700000, 0x0000000089700000, 0x0000000089800000|  0%| F|  |TAMS 0x0000000089700000, 0x0000000089700000| Untracked 
| 152|0x0000000089800000, 0x0000000089800000, 0x0000000089900000|  0%| F|  |TAMS 0x0000000089800000, 0x0000000089800000| Untracked 
| 153|0x0000000089900000, 0x0000000089900000, 0x0000000089a00000|  0%| F|  |TAMS 0x0000000089900000, 0x0000000089900000| Untracked 
| 154|0x0000000089a00000, 0x0000000089a00000, 0x0000000089b00000|  0%| F|  |TAMS 0x0000000089a00000, 0x0000000089a00000| Untracked 
| 155|0x0000000089b00000, 0x0000000089b00000, 0x0000000089c00000|  0%| F|  |TAMS 0x0000000089b00000, 0x0000000089b00000| Untracked 
| 156|0x0000000089c00000, 0x0000000089c00000, 0x0000000089d00000|  0%| F|  |TAMS 0x0000000089c00000, 0x0000000089c00000| Untracked 
| 157|0x0000000089d00000, 0x0000000089d00000, 0x0000000089e00000|  0%| F|  |TAMS 0x0000000089d00000, 0x0000000089d00000| Untracked 
| 158|0x0000000089e00000, 0x0000000089e00000, 0x0000000089f00000|  0%| F|  |TAMS 0x0000000089e00000, 0x0000000089e00000| Untracked 
| 159|0x0000000089f00000, 0x0000000089f00000, 0x000000008a000000|  0%| F|  |TAMS 0x0000000089f00000, 0x0000000089f00000| Untracked 
| 160|0x000000008a000000, 0x000000008a000000, 0x000000008a100000|  0%| F|  |TAMS 0x000000008a000000, 0x000000008a000000| Untracked 
| 161|0x000000008a100000, 0x000000008a100000, 0x000000008a200000|  0%| F|  |TAMS 0x000000008a100000, 0x000000008a100000| Untracked 
| 162|0x000000008a200000, 0x000000008a200000, 0x000000008a300000|  0%| F|  |TAMS 0x000000008a200000, 0x000000008a200000| Untracked 
| 163|0x000000008a300000, 0x000000008a300000, 0x000000008a400000|  0%| F|  |TAMS 0x000000008a300000, 0x000000008a300000| Untracked 
| 164|0x000000008a400000, 0x000000008a400000, 0x000000008a500000|  0%| F|  |TAMS 0x000000008a400000, 0x000000008a400000| Untracked 
| 165|0x000000008a500000, 0x000000008a500000, 0x000000008a600000|  0%| F|  |TAMS 0x000000008a500000, 0x000000008a500000| Untracked 
| 166|0x000000008a600000, 0x000000008a600000, 0x000000008a700000|  0%| F|  |TAMS 0x000000008a600000, 0x000000008a600000| Untracked 
| 167|0x000000008a700000, 0x000000008a700000, 0x000000008a800000|  0%| F|  |TAMS 0x000000008a700000, 0x000000008a700000| Untracked 
| 168|0x000000008a800000, 0x000000008a800000, 0x000000008a900000|  0%| F|  |TAMS 0x000000008a800000, 0x000000008a800000| Untracked 
| 169|0x000000008a900000, 0x000000008a900000, 0x000000008aa00000|  0%| F|  |TAMS 0x000000008a900000, 0x000000008a900000| Untracked 
| 170|0x000000008aa00000, 0x000000008aa00000, 0x000000008ab00000|  0%| F|  |TAMS 0x000000008aa00000, 0x000000008aa00000| Untracked 
| 171|0x000000008ab00000, 0x000000008ab00000, 0x000000008ac00000|  0%| F|  |TAMS 0x000000008ab00000, 0x000000008ab00000| Untracked 
| 172|0x000000008ac00000, 0x000000008ac00000, 0x000000008ad00000|  0%| F|  |TAMS 0x000000008ac00000, 0x000000008ac00000| Untracked 
| 173|0x000000008ad00000, 0x000000008ad00000, 0x000000008ae00000|  0%| F|  |TAMS 0x000000008ad00000, 0x000000008ad00000| Untracked 
| 174|0x000000008ae00000, 0x000000008ae00000, 0x000000008af00000|  0%| F|  |TAMS 0x000000008ae00000, 0x000000008ae00000| Untracked 
| 175|0x000000008af00000, 0x000000008af00000, 0x000000008b000000|  0%| F|  |TAMS 0x000000008af00000, 0x000000008af00000| Untracked 
| 176|0x000000008b000000, 0x000000008b000000, 0x000000008b100000|  0%| F|  |TAMS 0x000000008b000000, 0x000000008b000000| Untracked 
| 177|0x000000008b100000, 0x000000008b100000, 0x000000008b200000|  0%| F|  |TAMS 0x000000008b100000, 0x000000008b100000| Untracked 
| 178|0x000000008b200000, 0x000000008b200000, 0x000000008b300000|  0%| F|  |TAMS 0x000000008b200000, 0x000000008b200000| Untracked 
| 179|0x000000008b300000, 0x000000008b300000, 0x000000008b400000|  0%| F|  |TAMS 0x000000008b300000, 0x000000008b300000| Untracked 
| 180|0x000000008b400000, 0x000000008b400000, 0x000000008b500000|  0%| F|  |TAMS 0x000000008b400000, 0x000000008b400000| Untracked 
| 181|0x000000008b500000, 0x000000008b500000, 0x000000008b600000|  0%| F|  |TAMS 0x000000008b500000, 0x000000008b500000| Untracked 
| 182|0x000000008b600000, 0x000000008b600000, 0x000000008b700000|  0%| F|  |TAMS 0x000000008b600000, 0x000000008b600000| Untracked 
| 183|0x000000008b700000, 0x000000008b700000, 0x000000008b800000|  0%| F|  |TAMS 0x000000008b700000, 0x000000008b700000| Untracked 
| 184|0x000000008b800000, 0x000000008b800000, 0x000000008b900000|  0%| F|  |TAMS 0x000000008b800000, 0x000000008b800000| Untracked 
| 185|0x000000008b900000, 0x000000008b900000, 0x000000008ba00000|  0%| F|  |TAMS 0x000000008b900000, 0x000000008b900000| Untracked 
| 186|0x000000008ba00000, 0x000000008ba00000, 0x000000008bb00000|  0%| F|  |TAMS 0x000000008ba00000, 0x000000008ba00000| Untracked 
| 187|0x000000008bb00000, 0x000000008bb00000, 0x000000008bc00000|  0%| F|  |TAMS 0x000000008bb00000, 0x000000008bb00000| Untracked 
| 188|0x000000008bc00000, 0x000000008bc00000, 0x000000008bd00000|  0%| F|  |TAMS 0x000000008bc00000, 0x000000008bc00000| Untracked 
| 189|0x000000008bd00000, 0x000000008bd00000, 0x000000008be00000|  0%| F|  |TAMS 0x000000008bd00000, 0x000000008bd00000| Untracked 
| 190|0x000000008be00000, 0x000000008be00000, 0x000000008bf00000|  0%| F|  |TAMS 0x000000008be00000, 0x000000008be00000| Untracked 
| 191|0x000000008bf00000, 0x000000008bf00000, 0x000000008c000000|  0%| F|  |TAMS 0x000000008bf00000, 0x000000008bf00000| Untracked 
| 192|0x000000008c000000, 0x000000008c000000, 0x000000008c100000|  0%| F|  |TAMS 0x000000008c000000, 0x000000008c000000| Untracked 
| 193|0x000000008c100000, 0x000000008c100000, 0x000000008c200000|  0%| F|  |TAMS 0x000000008c100000, 0x000000008c100000| Untracked 
| 194|0x000000008c200000, 0x000000008c200000, 0x000000008c300000|  0%| F|  |TAMS 0x000000008c200000, 0x000000008c200000| Untracked 
| 195|0x000000008c300000, 0x000000008c300000, 0x000000008c400000|  0%| F|  |TAMS 0x000000008c300000, 0x000000008c300000| Untracked 
| 196|0x000000008c400000, 0x000000008c400000, 0x000000008c500000|  0%| F|  |TAMS 0x000000008c400000, 0x000000008c400000| Untracked 
| 197|0x000000008c500000, 0x000000008c500000, 0x000000008c600000|  0%| F|  |TAMS 0x000000008c500000, 0x000000008c500000| Untracked 
| 198|0x000000008c600000, 0x000000008c600000, 0x000000008c700000|  0%| F|  |TAMS 0x000000008c600000, 0x000000008c600000| Untracked 
| 199|0x000000008c700000, 0x000000008c700000, 0x000000008c800000|  0%| F|  |TAMS 0x000000008c700000, 0x000000008c700000| Untracked 
| 200|0x000000008c800000, 0x000000008c800000, 0x000000008c900000|  0%| F|  |TAMS 0x000000008c800000, 0x000000008c800000| Untracked 
| 201|0x000000008c900000, 0x000000008c900000, 0x000000008ca00000|  0%| F|  |TAMS 0x000000008c900000, 0x000000008c900000| Untracked 
| 202|0x000000008ca00000, 0x000000008ca00000, 0x000000008cb00000|  0%| F|  |TAMS 0x000000008ca00000, 0x000000008ca00000| Untracked 
| 203|0x000000008cb00000, 0x000000008cb00000, 0x000000008cc00000|  0%| F|  |TAMS 0x000000008cb00000, 0x000000008cb00000| Untracked 
| 204|0x000000008cc00000, 0x000000008cc00000, 0x000000008cd00000|  0%| F|  |TAMS 0x000000008cc00000, 0x000000008cc00000| Untracked 
| 205|0x000000008cd00000, 0x000000008cd00000, 0x000000008ce00000|  0%| F|  |TAMS 0x000000008cd00000, 0x000000008cd00000| Untracked 
| 206|0x000000008ce00000, 0x000000008ce00000, 0x000000008cf00000|  0%| F|  |TAMS 0x000000008ce00000, 0x000000008ce00000| Untracked 
| 207|0x000000008cf00000, 0x000000008cf00000, 0x000000008d000000|  0%| F|  |TAMS 0x000000008cf00000, 0x000000008cf00000| Untracked 
| 208|0x000000008d000000, 0x000000008d000000, 0x000000008d100000|  0%| F|  |TAMS 0x000000008d000000, 0x000000008d000000| Untracked 
| 209|0x000000008d100000, 0x000000008d100000, 0x000000008d200000|  0%| F|  |TAMS 0x000000008d100000, 0x000000008d100000| Untracked 
| 210|0x000000008d200000, 0x000000008d200000, 0x000000008d300000|  0%| F|  |TAMS 0x000000008d200000, 0x000000008d200000| Untracked 
| 211|0x000000008d300000, 0x000000008d300000, 0x000000008d400000|  0%| F|  |TAMS 0x000000008d300000, 0x000000008d300000| Untracked 
| 212|0x000000008d400000, 0x000000008d400000, 0x000000008d500000|  0%| F|  |TAMS 0x000000008d400000, 0x000000008d400000| Untracked 
| 213|0x000000008d500000, 0x000000008d500000, 0x000000008d600000|  0%| F|  |TAMS 0x000000008d500000, 0x000000008d500000| Untracked 
| 214|0x000000008d600000, 0x000000008d600000, 0x000000008d700000|  0%| F|  |TAMS 0x000000008d600000, 0x000000008d600000| Untracked 
| 215|0x000000008d700000, 0x000000008d700000, 0x000000008d800000|  0%| F|  |TAMS 0x000000008d700000, 0x000000008d700000| Untracked 
| 216|0x000000008d800000, 0x000000008d800000, 0x000000008d900000|  0%| F|  |TAMS 0x000000008d800000, 0x000000008d800000| Untracked 
| 217|0x000000008d900000, 0x000000008d900000, 0x000000008da00000|  0%| F|  |TAMS 0x000000008d900000, 0x000000008d900000| Untracked 
| 218|0x000000008da00000, 0x000000008da00000, 0x000000008db00000|  0%| F|  |TAMS 0x000000008da00000, 0x000000008da00000| Untracked 
| 219|0x000000008db00000, 0x000000008db00000, 0x000000008dc00000|  0%| F|  |TAMS 0x000000008db00000, 0x000000008db00000| Untracked 
| 220|0x000000008dc00000, 0x000000008dc00000, 0x000000008dd00000|  0%| F|  |TAMS 0x000000008dc00000, 0x000000008dc00000| Untracked 
| 221|0x000000008dd00000, 0x000000008dd00000, 0x000000008de00000|  0%| F|  |TAMS 0x000000008dd00000, 0x000000008dd00000| Untracked 

Card table byte_map: [0x0000025b3c5c0000,0x0000025b3c9c0000] _byte_map_base: 0x0000025b3c1c0000

Marking Bits (Prev, Next): (CMBitMap*) 0x0000025b297073b8, (CMBitMap*) 0x0000025b297073f0
 Prev Bits: [0x0000025b3cdc0000, 0x0000025b3edc0000)
 Next Bits: [0x0000025b3edc0000, 0x0000025b40dc0000)

Polling page: 0x0000025b274c0000

Metaspace:

Usage:
  Non-class:     93.38 MB capacity,    91.60 MB ( 98%) used,     1.43 MB (  2%) free+waste,   357.50 KB ( <1%) overhead. 
      Class:     15.09 MB capacity,    14.00 MB ( 93%) used,   951.27 KB (  6%) free+waste,   165.50 KB (  1%) overhead. 
       Both:    108.47 MB capacity,   105.60 MB ( 97%) used,     2.36 MB (  2%) free+waste,   523.00 KB ( <1%) overhead. 

Virtual space:
  Non-class space:      102.00 MB reserved,      93.42 MB ( 92%) committed 
      Class space:        1.00 GB reserved,      15.13 MB (  1%) committed 
             Both:        1.10 GB reserved,     108.54 MB ( 10%) committed 

Chunk freelists:
   Non-Class:  39.00 KB
       Class:  0 bytes
        Both:  39.00 KB

MaxMetaspaceSize: 17179869184.00 GB
CompressedClassSpaceSize: 1.00 GB
Initial GC threshold: 20.80 MB
Current GC threshold: 109.36 MB
CDS: off

CodeHeap 'non-profiled nmethods': size=120064Kb used=7362Kb max_used=7362Kb free=112701Kb
 bounds [0x0000025b34c80000, 0x0000025b353c0000, 0x0000025b3c1c0000]
CodeHeap 'profiled nmethods': size=120000Kb used=26194Kb max_used=26194Kb free=93805Kb
 bounds [0x0000025b2d750000, 0x0000025b2f0f0000, 0x0000025b34c80000]
CodeHeap 'non-nmethods': size=5696Kb used=2450Kb max_used=2474Kb free=3245Kb
 bounds [0x0000025b2d1c0000, 0x0000025b2d430000, 0x0000025b2d750000]
 total_blobs=13564 nmethods=12581 adapters=895
 compilation: enabled
              stopped_count=0, restarted_count=0
 full_count=0

Compilation events (20 events):
Event: 14.377 Thread 0x0000025b43a49000 nmethod 12622 0x0000025b2f0d6d10 code [0x0000025b2f0d6f20, 0x0000025b2f0d73f8]
Event: 14.380 Thread 0x0000025b43a49000 12623       3       com.sun.org.apache.xerces.internal.xni.XMLString::<init> (5 bytes)
Event: 14.380 Thread 0x0000025b43a49000 nmethod 12623 0x0000025b2f0d7690 code [0x0000025b2f0d7840, 0x0000025b2f0d7998]
Event: 14.381 Thread 0x0000025b43a49000 12624       3       com.sun.org.apache.xerces.internal.util.PropertyState::isExceptional (8 bytes)
Event: 14.381 Thread 0x0000025b43a49000 nmethod 12624 0x0000025b2f0d7a90 code [0x0000025b2f0d7c40, 0x0000025b2f0d7d78]
Event: 14.381 Thread 0x0000025b43a49000 12625       3       com.sun.org.apache.xerces.internal.util.FeatureState::isExceptional (8 bytes)
Event: 14.381 Thread 0x0000025b43a49000 nmethod 12625 0x0000025b2f0d7e10 code [0x0000025b2f0d7fc0, 0x0000025b2f0d80f8]
Event: 14.381 Thread 0x0000025b43a49000 12626       3       com.sun.org.apache.xerces.internal.impl.XMLEntityScanner::skipChar (285 bytes)
Event: 14.381 Thread 0x0000025b43a49000 nmethod 12626 0x0000025b2f0d8190 code [0x0000025b2f0d83c0, 0x0000025b2f0d89a8]
Event: 14.381 Thread 0x0000025b43a49000 12627       3       com.sun.org.apache.xerces.internal.util.SymbolTable::addSymbol (110 bytes)
Event: 14.382 Thread 0x0000025b43a49000 nmethod 12627 0x0000025b2f0d8c10 code [0x0000025b2f0d8e00, 0x0000025b2f0d9278]
Event: 14.382 Thread 0x0000025b43a49000 12628       3       com.sun.org.apache.xerces.internal.impl.XMLEntityScanner::scanChar (236 bytes)
Event: 14.382 Thread 0x0000025b43a49000 nmethod 12628 0x0000025b2f0d9510 code [0x0000025b2f0d9720, 0x0000025b2f0d9c98]
Event: 14.382 Thread 0x0000025b43a49000 12629       3       com.sun.org.apache.xerces.internal.util.XMLChar::isNameStart (22 bytes)
Event: 14.382 Thread 0x0000025b43a49000 nmethod 12629 0x0000025b2f0d9f10 code [0x0000025b2f0da0c0, 0x0000025b2f0da278]
Event: 14.382 Thread 0x0000025b43a49000 12631       3       com.sun.org.apache.xerces.internal.utils.XMLLimitAnalyzer::addValue (260 bytes)
Event: 14.383 Thread 0x0000025b43a49000 nmethod 12631 0x0000025b2f0da390 code [0x0000025b2f0da6e0, 0x0000025b2f0dbbc8]
Event: 14.385 Thread 0x0000025b43a49000 12632       3       org.gradle.internal.fingerprint.impl.RelativePathFingerprintingStrategy$$Lambda$998/0x0000000100bb2040::visitEntry (18 bytes)
Event: 14.385 Thread 0x0000025b43a49000 nmethod 12632 0x0000025b2f0dc490 code [0x0000025b2f0dc640, 0x0000025b2f0dc788]
Event: 14.385 Thread 0x0000025b43a49000 12633       3       org.gradle.internal.fingerprint.impl.RelativePathFingerprintingStrategy::lambda$collectFingerprints$0 (130 bytes)

GC Heap History (20 events):
Event: 5.556 GC heap before
{Heap before GC invocations=10 (full 0):
 garbage-first heap   total 157696K, used 124183K [0x0000000080000000, 0x0000000100000000)
  region size 1024K, 91 young (93184K), 10 survivors (10240K)
 Metaspace       used 54019K, capacity 55362K, committed 55552K, reserved 1097728K
  class space    used 6898K, capacity 7387K, committed 7424K, reserved 1048576K
}
Event: 5.569 GC heap after
{Heap after GC invocations=11 (full 0):
 garbage-first heap   total 189440K, used 50176K [0x0000000080000000, 0x0000000100000000)
  region size 1024K, 12 young (12288K), 12 survivors (12288K)
 Metaspace       used 54019K, capacity 55362K, committed 55552K, reserved 1097728K
  class space    used 6898K, capacity 7387K, committed 7424K, reserved 1048576K
}
Event: 6.042 GC heap before
{Heap before GC invocations=11 (full 0):
 garbage-first heap   total 189440K, used 79872K [0x0000000080000000, 0x0000000100000000)
  region size 1024K, 42 young (43008K), 12 survivors (12288K)
 Metaspace       used 58405K, capacity 59813K, committed 59948K, reserved 1101824K
  class space    used 7437K, capacity 7992K, committed 8064K, reserved 1048576K
}
Event: 6.061 GC heap after
{Heap after GC invocations=12 (full 0):
 garbage-first heap   total 189440K, used 52276K [0x0000000080000000, 0x0000000100000000)
  region size 1024K, 2 young (2048K), 2 survivors (2048K)
 Metaspace       used 58405K, capacity 59813K, committed 59948K, reserved 1101824K
  class space    used 7437K, capacity 7992K, committed 8064K, reserved 1048576K
}
Event: 6.833 GC heap before
{Heap before GC invocations=13 (full 0):
 garbage-first heap   total 189440K, used 118836K [0x0000000080000000, 0x0000000100000000)
  region size 1024K, 67 young (68608K), 2 survivors (2048K)
 Metaspace       used 64913K, capacity 66429K, committed 66604K, reserved 1107968K
  class space    used 8243K, capacity 8800K, committed 8832K, reserved 1048576K
}
Event: 6.841 GC heap after
{Heap after GC invocations=14 (full 0):
 garbage-first heap   total 189440K, used 58572K [0x0000000080000000, 0x0000000100000000)
  region size 1024K, 8 young (8192K), 8 survivors (8192K)
 Metaspace       used 64913K, capacity 66429K, committed 66604K, reserved 1107968K
  class space    used 8243K, capacity 8800K, committed 8832K, reserved 1048576K
}
Event: 7.433 GC heap before
{Heap before GC invocations=15 (full 0):
 garbage-first heap   total 189440K, used 126156K [0x0000000080000000, 0x0000000100000000)
  region size 1024K, 74 young (75776K), 8 survivors (8192K)
 Metaspace       used 68070K, capacity 69645K, committed 69932K, reserved 1110016K
  class space    used 8639K, capacity 9248K, committed 9344K, reserved 1048576K
}
Event: 7.443 GC heap after
{Heap after GC invocations=16 (full 0):
 garbage-first heap   total 189440K, used 62158K [0x0000000080000000, 0x0000000100000000)
  region size 1024K, 5 young (5120K), 5 survivors (5120K)
 Metaspace       used 68070K, capacity 69645K, committed 69932K, reserved 1110016K
  class space    used 8639K, capacity 9248K, committed 9344K, reserved 1048576K
}
Event: 8.204 GC heap before
{Heap before GC invocations=16 (full 0):
 garbage-first heap   total 189440K, used 131790K [0x0000000080000000, 0x0000000100000000)
  region size 1024K, 73 young (74752K), 5 survivors (5120K)
 Metaspace       used 75177K, capacity 76921K, committed 77228K, reserved 1116160K
  class space    used 9763K, capacity 10401K, committed 10496K, reserved 1048576K
}
Event: 8.214 GC heap after
{Heap after GC invocations=17 (full 0):
 garbage-first heap   total 189440K, used 66503K [0x0000000080000000, 0x0000000100000000)
  region size 1024K, 10 young (10240K), 10 survivors (10240K)
 Metaspace       used 75177K, capacity 76921K, committed 77228K, reserved 1116160K
  class space    used 9763K, capacity 10401K, committed 10496K, reserved 1048576K
}
Event: 8.967 GC heap before
{Heap before GC invocations=17 (full 0):
 garbage-first heap   total 189440K, used 136135K [0x0000000080000000, 0x0000000100000000)
  region size 1024K, 78 young (79872K), 10 survivors (10240K)
 Metaspace       used 81970K, capacity 83742K, committed 84012K, reserved 1122304K
  class space    used 10685K, capacity 11370K, committed 11392K, reserved 1048576K
}
Event: 8.977 GC heap after
{Heap after GC invocations=18 (full 0):
 garbage-first heap   total 189440K, used 70808K [0x0000000080000000, 0x0000000100000000)
  region size 1024K, 9 young (9216K), 9 survivors (9216K)
 Metaspace       used 81970K, capacity 83742K, committed 84012K, reserved 1122304K
  class space    used 10685K, capacity 11370K, committed 11392K, reserved 1048576K
}
Event: 9.943 GC heap before
{Heap before GC invocations=18 (full 0):
 garbage-first heap   total 189440K, used 139416K [0x0000000080000000, 0x0000000100000000)
  region size 1024K, 77 young (78848K), 9 survivors (9216K)
 Metaspace       used 85171K, capacity 87181K, committed 87340K, reserved 1124352K
  class space    used 11137K, capacity 11904K, committed 11904K, reserved 1048576K
}
Event: 9.960 GC heap after
{Heap after GC invocations=19 (full 0):
 garbage-first heap   total 227328K, used 75923K [0x0000000080000000, 0x0000000100000000)
  region size 1024K, 10 young (10240K), 10 survivors (10240K)
 Metaspace       used 85171K, capacity 87181K, committed 87340K, reserved 1124352K
  class space    used 11137K, capacity 11904K, committed 11904K, reserved 1048576K
}
Event: 10.825 GC heap before
{Heap before GC invocations=19 (full 0):
 garbage-first heap   total 227328K, used 162963K [0x0000000080000000, 0x0000000100000000)
  region size 1024K, 96 young (98304K), 10 survivors (10240K)
 Metaspace       used 86398K, capacity 88459K, committed 88620K, reserved 1126400K
  class space    used 11250K, capacity 12038K, committed 12160K, reserved 1048576K
}
Event: 10.839 GC heap after
{Heap after GC invocations=20 (full 0):
 garbage-first heap   total 227328K, used 82151K [0x0000000080000000, 0x0000000100000000)
  region size 1024K, 12 young (12288K), 12 survivors (12288K)
 Metaspace       used 86398K, capacity 88459K, committed 88620K, reserved 1126400K
  class space    used 11250K, capacity 12038K, committed 12160K, reserved 1048576K
}
Event: 11.532 GC heap before
{Heap before GC invocations=20 (full 0):
 garbage-first heap   total 227328K, used 169191K [0x0000000080000000, 0x0000000100000000)
  region size 1024K, 98 young (100352K), 12 survivors (12288K)
 Metaspace       used 91909K, capacity 93944K, committed 94124K, reserved 1130496K
  class space    used 11931K, capacity 12711K, committed 12800K, reserved 1048576K
}
Event: 11.546 GC heap after
{Heap after GC invocations=21 (full 0):
 garbage-first heap   total 227328K, used 86290K [0x0000000080000000, 0x0000000100000000)
  region size 1024K, 11 young (11264K), 11 survivors (11264K)
 Metaspace       used 91909K, capacity 93944K, committed 94124K, reserved 1130496K
  class space    used 11931K, capacity 12711K, committed 12800K, reserved 1048576K
}
Event: 13.376 GC heap before
{Heap before GC invocations=21 (full 0):
 garbage-first heap   total 227328K, used 174354K [0x0000000080000000, 0x0000000100000000)
  region size 1024K, 98 young (100352K), 11 survivors (11264K)
 Metaspace       used 95178K, capacity 97470K, committed 97708K, reserved 1134592K
  class space    used 12405K, capacity 13312K, committed 13312K, reserved 1048576K
}
Event: 13.390 GC heap after
{Heap after GC invocations=22 (full 0):
 garbage-first heap   total 227328K, used 91639K [0x0000000080000000, 0x0000000100000000)
  region size 1024K, 10 young (10240K), 10 survivors (10240K)
 Metaspace       used 95178K, capacity 97470K, committed 97708K, reserved 1134592K
  class space    used 12405K, capacity 13312K, committed 13312K, reserved 1048576K
}

Deoptimization events (20 events):
Event: 14.252 Thread 0x0000025b48b93800 Uncommon trap: trap_request=0xffffff4d fr.pc=0x0000025b350064dc relative=0x00000000000000bc
Event: 14.252 Thread 0x0000025b48b93800 Uncommon trap: reason=unstable_if action=reinterpret pc=0x0000025b350064dc method=jdk.internal.misc.Unsafe.convEndian(ZS)S @ 4 c2
Event: 14.252 Thread 0x0000025b48b93800 DEOPT PACKING pc=0x0000025b350064dc sp=0x000000eaf1ffd760
Event: 14.252 Thread 0x0000025b48b93800 DEOPT UNPACKING pc=0x0000025b2d20a1af sp=0x000000eaf1ffd620 mode 2
Event: 14.275 Thread 0x0000025b48b93800 DEOPT PACKING pc=0x0000025b2efc501b sp=0x000000eaf1ffd570
Event: 14.275 Thread 0x0000025b48b93800 DEOPT UNPACKING pc=0x0000025b2d20a95e sp=0x000000eaf1ffc9e0 mode 0
Event: 14.301 Thread 0x0000025b4a936000 DEOPT PACKING pc=0x0000025b2f0477c7 sp=0x000000eaf0efd040
Event: 14.301 Thread 0x0000025b4a936000 DEOPT UNPACKING pc=0x0000025b2d20a95e sp=0x000000eaf0efc500 mode 0
Event: 14.376 Thread 0x0000025b48b8e000 Uncommon trap: trap_request=0xffffffde fr.pc=0x0000025b35280b00 relative=0x0000000000000fe0
Event: 14.376 Thread 0x0000025b48b8e000 Uncommon trap: reason=class_check action=maybe_recompile pc=0x0000025b35280b00 method=org.gradle.internal.snapshot.ChildMap$Entry.handleAncestorDescendantOrExactMatch(Lorg/gradle/internal/snapshot/VfsRelativePath;Lorg/gradle/internal/snapshot/CaseSensitiv
Event: 14.376 Thread 0x0000025b48b8e000 DEOPT PACKING pc=0x0000025b35280b00 sp=0x000000eaf1afc710
Event: 14.376 Thread 0x0000025b48b8e000 DEOPT UNPACKING pc=0x0000025b2d20a1af sp=0x000000eaf1afc6e0 mode 2
Event: 14.376 Thread 0x0000025b48b8e000 Uncommon trap: trap_request=0xffffffde fr.pc=0x0000025b35280b00 relative=0x0000000000000fe0
Event: 14.376 Thread 0x0000025b48b8e000 Uncommon trap: reason=class_check action=maybe_recompile pc=0x0000025b35280b00 method=org.gradle.internal.snapshot.ChildMap$Entry.handleAncestorDescendantOrExactMatch(Lorg/gradle/internal/snapshot/VfsRelativePath;Lorg/gradle/internal/snapshot/CaseSensitiv
Event: 14.376 Thread 0x0000025b48b8e000 DEOPT PACKING pc=0x0000025b35280b00 sp=0x000000eaf1afc5b0
Event: 14.376 Thread 0x0000025b48b8e000 DEOPT UNPACKING pc=0x0000025b2d20a1af sp=0x000000eaf1afc580 mode 2
Event: 14.376 Thread 0x0000025b48b8e000 Uncommon trap: trap_request=0xffffff4d fr.pc=0x0000025b351e1bc8 relative=0x0000000000000868
Event: 14.376 Thread 0x0000025b48b8e000 Uncommon trap: reason=unstable_if action=reinterpret pc=0x0000025b351e1bc8 method=org.gradle.internal.snapshot.VfsRelativePath.lengthOfCommonPrefix(Ljava/lang/String;Lorg/gradle/internal/snapshot/CaseSensitivity;)I @ 117 c2
Event: 14.376 Thread 0x0000025b48b8e000 DEOPT PACKING pc=0x0000025b351e1bc8 sp=0x000000eaf1afbe40
Event: 14.376 Thread 0x0000025b48b8e000 DEOPT UNPACKING pc=0x0000025b2d20a1af sp=0x000000eaf1afbdc8 mode 2

Classes redefined (0 events):
No events

Internal exceptions (20 events):
Event: 13.585 Thread 0x0000025b48b8f800 Exception <a 'sun/nio/fs/WindowsException'{0x000000008cf759c8}> (0x000000008cf759c8) thrown at [./src/hotspot/share/prims/jni.cpp, line 615]
Event: 13.704 Thread 0x0000025b48b8f800 Exception <a 'java/lang/NoSuchMethodError'{0x000000008cab34b0}: 'java.lang.Object java.lang.invoke.DirectMethodHandle$Holder.invokeStaticInit(java.lang.Object, java.lang.Object, java.lang.Object, java.lang.Object, java.lang.Object, java.lang.Object, java.lang.Object, java.lang.Object, java.lang.Object, java.lang.Object, java.lang.Object, java.lang.Object, java.lang.Object, java.lang.Object, java.lang.Object, java.lang.Object, java.lang.Object, java.lang.Object, int, java.lang.Object, java.lang.Object)'> (0
Event: 13.720 Thread 0x0000025b48b8f800 Exception <a 'java/lang/IncompatibleClassChangeError'{0x000000008c9a9d38}: Found class java.lang.Object, but interface was expected> (0x000000008c9a9d38) thrown at [./src/hotspot/share/interpreter/linkResolver.cpp, line 839]
Event: 13.755 Thread 0x0000025b48b8f800 Exception <a 'java/lang/NoSuchMethodError'{0x000000008c61b908}: 'java.lang.Object java.lang.invoke.DirectMethodHandle$Holder.invokeStatic(java.lang.Object, long)'> (0x000000008c61b908) thrown at [./src/hotspot/share/interpreter/linkResolver.cpp, line 773]
Event: 13.794 Thread 0x0000025b48b8f800 Exception <a 'java/lang/IncompatibleClassChangeError'{0x000000008c303ea8}: Found class java.lang.Object, but interface was expected> (0x000000008c303ea8) thrown at [./src/hotspot/share/interpreter/linkResolver.cpp, line 839]
Event: 13.868 Thread 0x0000025b48b8f800 Exception <a 'java/lang/NoSuchMethodError'{0x000000008be71270}: 'java.lang.Object java.lang.invoke.DirectMethodHandle$Holder.invokeStatic(java.lang.Object, int, java.lang.Object, java.lang.Object)'> (0x000000008be71270) thrown at [./src/hotspot/share/interpreter/linkResolver.cpp, line 773]
Event: 13.924 Thread 0x0000025b48b8f800 Exception <a 'java/lang/IncompatibleClassChangeError'{0x000000008ba59be8}: Found class java.lang.Object, but interface was expected> (0x000000008ba59be8) thrown at [./src/hotspot/share/interpreter/linkResolver.cpp, line 839]
Event: 13.924 Thread 0x0000025b48b8f800 Exception <a 'java/lang/IncompatibleClassChangeError'{0x000000008ba61078}: Found class java.lang.Object, but interface was expected> (0x000000008ba61078) thrown at [./src/hotspot/share/interpreter/linkResolver.cpp, line 839]
Event: 13.947 Thread 0x0000025b48b8f800 Exception <a 'java/lang/NoSuchMethodError'{0x000000008b9bdb28}: 'void java.lang.invoke.DirectMethodHandle$Holder.invokeSpecial(java.lang.Object, java.lang.Object, int, java.lang.Object)'> (0x000000008b9bdb28) thrown at [./src/hotspot/share/interpreter/linkResolver.cpp, line 773]
Event: 14.001 Thread 0x0000025b48b8f800 Exception <a 'java/lang/NoSuchMethodError'{0x000000008b507648}: 'java.lang.Object java.lang.invoke.DirectMethodHandle$Holder.newInvokeSpecial(java.lang.Object, int)'> (0x000000008b507648) thrown at [./src/hotspot/share/interpreter/linkResolver.cpp, line 773]
Event: 14.105 Thread 0x0000025b48b8f800 Exception <a 'java/lang/NoSuchMethodError'{0x000000008b04b690}: 'java.lang.Object java.lang.invoke.Invokers$Holder.linkToTargetMethod(java.lang.Object, int, java.lang.Object, java.lang.Object, java.lang.Object, java.lang.Object)'> (0x000000008b04b690) thrown at [./src/hotspot/share/interpreter/linkResolver.cpp, line 773]
Event: 14.106 Thread 0x0000025b48b8f800 Exception <a 'java/lang/NoSuchMethodError'{0x000000008b05f6c8}: 'java.lang.Object java.lang.invoke.Invokers$Holder.linkToTargetMethod(java.lang.Object, java.lang.Object, java.lang.Object, int, java.lang.Object, java.lang.Object, java.lang.Object)'> (0x000000008b05f6c8) thrown at [./src/hotspot/share/interpreter/linkResolver.cpp, line 773]
Event: 14.107 Thread 0x0000025b48b8f800 Exception <a 'java/lang/NoSuchMethodError'{0x000000008b0753a0}: 'void java.lang.invoke.DirectMethodHandle$Holder.invokeStatic(java.lang.Object, java.lang.Object, java.lang.Object, java.lang.Object, java.lang.Object, java.lang.Object, java.lang.Object, java.lang.Object)'> (0x000000008b0753a0) thrown at [./src/hotspot/share/interpreter/linkResolver.cpp, line 773]
Event: 14.128 Thread 0x0000025b48b8f800 Exception <a 'java/lang/IncompatibleClassChangeError'{0x000000008afd04f0}: Found class java.lang.Object, but interface was expected> (0x000000008afd04f0) thrown at [./src/hotspot/share/interpreter/linkResolver.cpp, line 839]
Event: 14.144 Thread 0x0000025b48b8f800 Exception <a 'java/lang/NoSuchMethodError'{0x000000008ad0af40}: 'void java.lang.invoke.DirectMethodHandle$Holder.invokeSpecial(java.lang.Object, java.lang.Object, int)'> (0x000000008ad0af40) thrown at [./src/hotspot/share/interpreter/linkResolver.cpp, line 773]
Event: 14.154 Thread 0x0000025b48b8f800 Exception <a 'sun/nio/fs/WindowsException'{0x000000008ad93da0}> (0x000000008ad93da0) thrown at [./src/hotspot/share/prims/jni.cpp, line 615]
Event: 14.185 Thread 0x0000025b48b8c800 Exception <a 'java/lang/NoSuchMethodError'{0x000000008ab247e8}: <clinit>> (0x000000008ab247e8) thrown at [./src/hotspot/share/prims/jni.cpp, line 1365]
Event: 14.232 Thread 0x0000025b48b93800 Exception <a 'sun/nio/fs/WindowsException'{0x000000008a79cf00}> (0x000000008a79cf00) thrown at [./src/hotspot/share/prims/jni.cpp, line 615]
Event: 14.335 Thread 0x0000025b48b93800 Exception <a 'java/lang/IncompatibleClassChangeError'{0x0000000089aa7438}: Found class java.lang.Object, but interface was expected> (0x0000000089aa7438) thrown at [./src/hotspot/share/interpreter/linkResolver.cpp, line 839]
Event: 14.368 Thread 0x0000025b48b93800 Exception <a 'sun/nio/fs/WindowsException'{0x000000008984c678}> (0x000000008984c678) thrown at [./src/hotspot/share/prims/jni.cpp, line 615]

Events (20 events):
Event: 14.368 loading class com/android/tools/r8/internal/fg
Event: 14.368 loading class com/android/tools/r8/internal/fg done
Event: 14.377 loading class com/google/common/collect/ImmutableList$Builder
Event: 14.377 loading class com/google/common/collect/ImmutableList$Builder done
Event: 14.377 loading class com/android/build/gradle/tasks/PackageAndroidArtifact
Event: 14.377 loading class com/android/build/gradle/tasks/PackageAndroidArtifact done
Event: 14.378 loading class com/android/builder/core/DefaultManifestParser
Event: 14.378 loading class com/android/builder/core/DefaultManifestParser done
Event: 14.378 loading class com/android/builder/core/DefaultManifestParser$1
Event: 14.378 loading class com/android/builder/core/DefaultManifestParser$1 done
Event: 14.380 loading class com/android/builder/core/DefaultManifestParser$Attribute
Event: 14.380 loading class com/android/builder/core/DefaultManifestParser$Attribute done
Event: 14.381 loading class com/android/manifmerger/PlaceholderHandler
Event: 14.381 loading class com/android/manifmerger/PlaceholderHandler done
Event: 14.382 loading class com/android/builder/packaging/PackagingUtils
Event: 14.382 loading class com/android/builder/packaging/PackagingUtils done
Event: 14.383 loading class com/android/tools/build/apkzlib/zfile/NativeLibrariesPackagingMode
Event: 14.383 loading class com/android/tools/build/apkzlib/zfile/NativeLibrariesPackagingMode done
Event: 14.384 loading class com/android/builder/packaging/DexPackagingMode
Event: 14.384 loading class com/android/builder/packaging/DexPackagingMode done


Dynamic libraries:
0x00007ff6de6d0000 - 0x00007ff6de6da000 	D:\Program Files\Android\Android Studio2\jre\bin\java.exe
0x00007ff8bf740000 - 0x00007ff8bf92e000 	C:\Windows\SYSTEM32\ntdll.dll
0x00007ff8bf2c0000 - 0x00007ff8bf373000 	C:\Windows\System32\KERNEL32.DLL
0x00007ff8bc480000 - 0x00007ff8bc71a000 	C:\Windows\System32\KERNELBASE.dll
0x00007ff8bdf00000 - 0x00007ff8bdfa7000 	C:\Windows\System32\ADVAPI32.DLL
0x00007ff8be600000 - 0x00007ff8be69e000 	C:\Windows\System32\msvcrt.dll
0x00007ff8be6a0000 - 0x00007ff8be73f000 	C:\Windows\System32\sechost.dll
0x00007ff8be060000 - 0x00007ff8be17d000 	C:\Windows\System32\RPCRT4.dll
0x00007ff8bba90000 - 0x00007ff8bbb8a000 	C:\Windows\System32\ucrtbase.dll
0x00007ff8b1d70000 - 0x00007ff8b1d87000 	D:\Program Files\Android\Android Studio2\jre\bin\VCRUNTIME140.dll
0x00007ff8b1d50000 - 0x00007ff8b1d69000 	D:\Program Files\Android\Android Studio2\jre\bin\jli.dll
0x00007ff8be180000 - 0x00007ff8be317000 	C:\Windows\System32\USER32.dll
0x00007ff8bc920000 - 0x00007ff8bc940000 	C:\Windows\System32\win32u.dll
0x00007ff8bea70000 - 0x00007ff8bea99000 	C:\Windows\System32\GDI32.dll
0x00007ff8bc2e0000 - 0x00007ff8bc47c000 	C:\Windows\System32\gdi32full.dll
0x00007ff8bb8c0000 - 0x00007ff8bb960000 	C:\Windows\System32\msvcp_win.dll
0x00007ff8afac0000 - 0x00007ff8afd39000 	C:\Windows\WinSxS\amd64_microsoft.windows.common-controls_6595b64144ccf1df_6.0.17763.3165_none_de7375f653495041\COMCTL32.dll
0x00007ff8beb10000 - 0x00007ff8bee3b000 	C:\Windows\System32\combase.dll
0x00007ff8bb7e0000 - 0x00007ff8bb862000 	C:\Windows\System32\bcryptPrimitives.dll
0x00007ff8bded0000 - 0x00007ff8bdefe000 	C:\Windows\System32\IMM32.DLL
0x00007ff8b1c50000 - 0x00007ff8b1ced000 	D:\Program Files\Android\Android Studio2\jre\bin\msvcp140.dll
0x00007ff88e930000 - 0x00007ff88f415000 	D:\Program Files\Android\Android Studio2\jre\bin\server\jvm.dll
0x00007ff8beb00000 - 0x00007ff8beb08000 	C:\Windows\System32\PSAPI.DLL
0x00007ff8b7290000 - 0x00007ff8b729a000 	C:\Windows\SYSTEM32\VERSION.dll
0x00007ff8a1790000 - 0x00007ff8a1799000 	C:\Windows\SYSTEM32\WSOCK32.dll
0x00007ff8b9890000 - 0x00007ff8b98b4000 	C:\Windows\SYSTEM32\WINMM.dll
0x00007ff8bf380000 - 0x00007ff8bf3ed000 	C:\Windows\System32\WS2_32.dll
0x00007ff8b9740000 - 0x00007ff8b976d000 	C:\Windows\SYSTEM32\WINMMBASE.dll
0x00007ff8bb870000 - 0x00007ff8bb8ba000 	C:\Windows\System32\cfgmgr32.dll
0x00007ff8bb710000 - 0x00007ff8bb721000 	C:\Windows\System32\kernel.appcore.dll
0x00007ff8abaa0000 - 0x00007ff8abab1000 	D:\Program Files\Android\Android Studio2\jre\bin\verify.dll
0x00007ff8a88b0000 - 0x00007ff8a8a9d000 	C:\Windows\SYSTEM32\DBGHELP.DLL
0x00007ff8a8800000 - 0x00007ff8a882a000 	C:\Windows\SYSTEM32\dbgcore.DLL
0x00007ff89f890000 - 0x00007ff89f8b9000 	D:\Program Files\Android\Android Studio2\jre\bin\java.dll
0x00007ff8acc50000 - 0x00007ff8acc5b000 	D:\Program Files\Android\Android Studio2\jre\bin\jimage.dll
0x00007ff8a4e40000 - 0x00007ff8a4e58000 	D:\Program Files\Android\Android Studio2\jre\bin\zip.dll
0x00007ff8bc970000 - 0x00007ff8bde68000 	C:\Windows\System32\SHELL32.dll
0x00007ff8be7b0000 - 0x00007ff8be857000 	C:\Windows\System32\shcore.dll
0x00007ff8bbb90000 - 0x00007ff8bc2d7000 	C:\Windows\System32\windows.storage.dll
0x00007ff8bb730000 - 0x00007ff8bb753000 	C:\Windows\System32\profapi.dll
0x00007ff8bb760000 - 0x00007ff8bb7bd000 	C:\Windows\System32\powrprof.dll
0x00007ff8be750000 - 0x00007ff8be7a2000 	C:\Windows\System32\shlwapi.dll
0x00007ff8bba70000 - 0x00007ff8bba87000 	C:\Windows\System32\cryptsp.dll
0x00007ff89f7e0000 - 0x00007ff89f7fa000 	D:\Program Files\Android\Android Studio2\jre\bin\net.dll
0x00007ff8b26a0000 - 0x00007ff8b2791000 	C:\Windows\SYSTEM32\WINHTTP.dll
0x00007ff8baf00000 - 0x00007ff8baf67000 	C:\Windows\system32\mswsock.dll
0x00007ff89eee0000 - 0x00007ff89eef4000 	D:\Program Files\Android\Android Studio2\jre\bin\nio.dll
0x00007ff8b1bf0000 - 0x00007ff8b1c17000 	C:\Users\Administrator\.gradle\native\e1d6ef7f7dcc3fd88c89a11ec53ec762bb8ba0a96d01ffa2cd45eb1d1d8dd5c5\windows-amd64\native-platform.dll
0x00007ff892f30000 - 0x00007ff893074000 	C:\Users\Administrator\.gradle\native\5664cfc778a61ccfe75a443a1ab52a65af34e5dc3c78e0209fed803814484fcb\windows-amd64\native-platform-file-events.dll
0x00007ff8a88a0000 - 0x00007ff8a88aa000 	D:\Program Files\Android\Android Studio2\jre\bin\management.dll
0x00007ff8a8730000 - 0x00007ff8a873d000 	D:\Program Files\Android\Android Studio2\jre\bin\management_ext.dll
0x00007ff8baa80000 - 0x00007ff8baab3000 	C:\Windows\system32\rsaenh.dll
0x00007ff8bc940000 - 0x00007ff8bc966000 	C:\Windows\System32\bcrypt.dll
0x00007ff8bb640000 - 0x00007ff8bb669000 	C:\Windows\SYSTEM32\USERENV.dll
0x00007ff8bb0d0000 - 0x00007ff8bb0dc000 	C:\Windows\SYSTEM32\CRYPTBASE.dll
0x00007ff8bac10000 - 0x00007ff8bac4d000 	C:\Windows\SYSTEM32\IPHLPAPI.DLL
0x00007ff8bf3f0000 - 0x00007ff8bf3f8000 	C:\Windows\System32\NSI.dll
0x00007ff8b5f80000 - 0x00007ff8b5f96000 	C:\Windows\SYSTEM32\dhcpcsvc6.DLL
0x00007ff8b5f60000 - 0x00007ff8b5f7c000 	C:\Windows\SYSTEM32\dhcpcsvc.DLL
0x00007ff8bac50000 - 0x00007ff8bad16000 	C:\Windows\SYSTEM32\DNSAPI.dll
0x00007ff8b1aa0000 - 0x00007ff8b1aa8000 	D:\Program Files\Android\Android Studio2\jre\bin\rmi.dll
0x00007ff8b1730000 - 0x00007ff8b1746000 	C:\Windows\system32\napinsp.dll
0x00007ff8b0f10000 - 0x00007ff8b0f2a000 	C:\Windows\system32\pnrpnsp.dll
0x00007ff8b1f60000 - 0x00007ff8b1f6e000 	C:\Windows\System32\winrnr.dll
0x00007ff8b7f60000 - 0x00007ff8b7f7b000 	C:\Windows\system32\NLAapi.dll
0x00007ff8a1ca0000 - 0x00007ff8a1cb5000 	C:\Windows\system32\wshbth.dll
0x00007ff8b3160000 - 0x00007ff8b316a000 	C:\Windows\System32\rasadhlp.dll
0x00007ff8b2ab0000 - 0x00007ff8b2b29000 	C:\Windows\System32\fwpuclnt.dll

dbghelp: loaded successfully - version: 4.0.5 - missing functions: none
symbol engine: initialized successfully - sym options: 0x614 - pdb path: .;D:\Program Files\Android\Android Studio2\jre\bin;C:\Windows\SYSTEM32;C:\Windows\WinSxS\amd64_microsoft.windows.common-controls_6595b64144ccf1df_6.0.17763.3165_none_de7375f653495041;D:\Program Files\Android\Android Studio2\jre\bin\server;C:\Users\Administrator\.gradle\native\e1d6ef7f7dcc3fd88c89a11ec53ec762bb8ba0a96d01ffa2cd45eb1d1d8dd5c5\windows-amd64;C:\Users\Administrator\.gradle\native\5664cfc778a61ccfe75a443a1ab52a65af34e5dc3c78e0209fed803814484fcb\windows-amd64

VM Arguments:
jvm_args: --add-opens=java.base/java.util=ALL-UNNAMED --add-opens=java.base/java.lang=ALL-UNNAMED --add-opens=java.base/java.lang.invoke=ALL-UNNAMED --add-opens=java.base/java.util=ALL-UNNAMED --add-opens=java.prefs/java.util.prefs=ALL-UNNAMED --add-opens=java.prefs/java.util.prefs=ALL-UNNAMED --add-opens=java.base/java.nio.charset=ALL-UNNAMED --add-opens=java.base/java.net=ALL-UNNAMED --add-opens=java.base/java.util.concurrent.atomic=ALL-UNNAMED -Xmx2048m -Dfile.encoding=UTF-8 -Duser.country=CN -Duser.language=zh -Duser.variant 
java_command: org.gradle.launcher.daemon.bootstrap.GradleDaemon 7.3.3
java_class_path (initial): C:\Users\Administrator\.gradle\wrapper\dists\gradle-7.3.3-bin\6a41zxkdtcxs8rphpq6y0069z\gradle-7.3.3\lib\gradle-launcher-7.3.3.jar
Launcher Type: SUN_STANDARD

[Global flags]
     intx CICompilerCount                          = 3                                         {product} {ergonomic}
     uint ConcGCThreads                            = 1                                         {product} {ergonomic}
     uint G1ConcRefinementThreads                  = 4                                         {product} {ergonomic}
   size_t G1HeapRegionSize                         = 1048576                                   {product} {ergonomic}
    uintx GCDrainStackTargetSize                   = 64                                        {product} {ergonomic}
   size_t InitialHeapSize                          = 134217728                                 {product} {ergonomic}
   size_t MarkStackSize                            = 4194304                                   {product} {ergonomic}
   size_t MaxHeapSize                              = 2147483648                                {product} {command line}
   size_t MaxNewSize                               = 1287651328                                {product} {ergonomic}
   size_t MinHeapDeltaBytes                        = 1048576                                   {product} {ergonomic}
    uintx NonNMethodCodeHeapSize                   = 5830732                                {pd product} {ergonomic}
    uintx NonProfiledCodeHeapSize                  = 122913754                              {pd product} {ergonomic}
    uintx ProfiledCodeHeapSize                     = 122913754                              {pd product} {ergonomic}
    uintx ReservedCodeCacheSize                    = 251658240                              {pd product} {ergonomic}
     bool SegmentedCodeCache                       = true                                      {product} {ergonomic}
     bool UseCompressedClassPointers               = true                                 {lp64_product} {ergonomic}
     bool UseCompressedOops                        = true                                 {lp64_product} {ergonomic}
     bool UseG1GC                                  = true                                      {product} {ergonomic}
     bool UseLargePagesIndividualAllocation        = false                                  {pd product} {ergonomic}

Logging:
Log output configuration:
 #0: stdout all=warning uptime,level,tags
 #1: stderr all=off uptime,level,tags

Environment Variables:
JAVA_HOME=D:\java\java11
CLASSPATH=.;D:\java\java11\lib\dt.jar;D:\java\java11\lib\tools.jar
PATH=C:\Program Files\Common Files\Oracle\Java\javapath;C:\ProgramData\Oracle\Java\javapath;C:\Windows\system32;C:\Windows;C:\Windows\System32\Wbem;C:\Windows\System32\WindowsPowerShell\v1.0\;C:\Windows\System32\OpenSSH\;D:\java\java11\bin;D:\java\java11\jre\bin;D:\android_sdk\Android\sdk\tools;D:\android_sdk\Android\sdk\platform-tools;%CURL_HOME%\I386;%CURL_HOME%;D:\Program Files\Git\bin;D:\Program Files\Python\Scripts\;D:\Program Files\Python\;C:\Users\Administrator\AppData\Local\Microsoft\WindowsApps;;D:\Program Files\JetBrains\PyCharm 2021.2\bin;
USERNAME=Administrator
OS=Windows_NT
PROCESSOR_IDENTIFIER=Intel64 Family 6 Model 60 Stepping 3, GenuineIntel



---------------  S Y S T E M  ---------------

OS: Windows 10 , 64 bit Build 17763 (10.0.17763.2989)
OS uptime: 2 days 3:56 hours

CPU:total 4 (initial active 4) (4 cores per cpu, 1 threads per core) family 6 model 60 stepping 3 microcode 0x28, cmov, cx8, fxsr, mmx, sse, sse2, sse3, ssse3, sse4.1, sse4.2, popcnt, avx, avx2, aes, clmul, erms, lzcnt, tsc, tscinvbit, bmi1, bmi2, fma

Memory: 4k page, system-wide physical 8079M (1367M free)
TotalPageFile size 11369M (AvailPageFile size 3M)
current process WorkingSet (physical memory assigned to process): 518M, peak: 518M
current process commit charge ("private bytes"): 547M, peak: 548M

vm_info: OpenJDK 64-Bit Server VM (11.0.12+7-b1504.28-7817840) for windows-amd64 JRE (11.0.12+7-b1504.28-7817840), built on Oct 13 2021 22:12:33 by "builder" with MS VC++ 14.0 (VS2015)

END.
