#
# There is insufficient memory for the Java Runtime Environment to continue.
# Native memory allocation (malloc) failed to allocate 531696 bytes for Chunk::new
# Possible reasons:
#   The system is out of physical RAM or swap space
#   The process is running with CompressedOops enabled, and the Java Heap may be blocking the growth of the native heap
# Possible solutions:
#   Reduce memory load on the system
#   Increase physical memory or swap space
#   Check if swap backing store is full
#   Decrease Java heap size (-Xmx/-Xms)
#   Decrease number of Java threads
#   Decrease Java thread stack sizes (-Xss)
#   Set larger code cache with -XX:ReservedCodeCacheSize=
#   JVM is running with Unscaled Compressed Oops mode in which the Java heap is
#     placed in the first 4GB address space. The Java Heap base address is the
#     maximum limit for the native heap growth. Please use -XX:HeapBaseMinAddress
#     to set the Java Heap base and to place the Java Heap above 4GB virtual address.
# This output file may be truncated or incomplete.
#
#  Out of Memory Error (./src/hotspot/share/memory/arena.cpp:197), pid=3832, tid=13884
#
# JRE version: OpenJDK Runtime Environment (11.0.12+7) (build 11.0.12+7-b1504.28-7817840)
# Java VM: OpenJDK 64-Bit Server VM (11.0.12+7-b1504.28-7817840, mixed mode, tiered, compressed oops, g1 gc, windows-amd64)
# No core dump will be written. Minidumps are not enabled by default on client versions of Windows
#

---------------  S U M M A R Y ------------

Command Line: --add-opens=java.base/java.util=ALL-UNNAMED --add-opens=java.base/java.lang=ALL-UNNAMED --add-opens=java.base/java.lang.invoke=ALL-UNNAMED --add-opens=java.base/java.util=ALL-UNNAMED --add-opens=java.prefs/java.util.prefs=ALL-UNNAMED --add-opens=java.prefs/java.util.prefs=ALL-UNNAMED --add-opens=java.base/java.nio.charset=ALL-UNNAMED --add-opens=java.base/java.net=ALL-UNNAMED --add-opens=java.base/java.util.concurrent.atomic=ALL-UNNAMED -Xmx2048m -Dfile.encoding=UTF-8 -Duser.country=CN -Duser.language=zh -Duser.variant org.gradle.launcher.daemon.bootstrap.GradleDaemon 7.3.3

Host: Intel(R) Core(TM) i5-4590 CPU @ 3.30GHz, 4 cores, 7G,  Windows 10 , 64 bit Build 17763 (10.0.17763.2989)
Time: Mon Jul 25 00:24:26 2022 ?D1¨²¡À¨º¡Á?¨º¡À?? elapsed time: 3580.596308 seconds (0d 0h 59m 40s)

---------------  T H R E A D  ---------------

Current thread (0x000001c3ec98c000):  JavaThread "C2 CompilerThread1" daemon [_thread_in_native, id=13884, stack(0x0000002122d00000,0x0000002122e00000)]


Current CompileTask:
C2:3580596 19819       4       org.gradle.api.internal.artifacts.ModuleComponentSelectorSerializer::read (50 bytes)

Stack: [0x0000002122d00000,0x0000002122e00000]
Native frames: (J=compiled Java code, j=interpreted, Vv=VM code, C=native code)
V  [jvm.dll+0x5fbcea]
V  [jvm.dll+0x731905]
V  [jvm.dll+0x732f1d]
V  [jvm.dll+0x7335d3]
V  [jvm.dll+0x247bf8]
V  [jvm.dll+0xc018c]
V  [jvm.dll+0xc06cc]
V  [jvm.dll+0x35b2db]
V  [jvm.dll+0x328803]
V  [jvm.dll+0x327cfa]
V  [jvm.dll+0x200602]
V  [jvm.dll+0x1ff794]
V  [jvm.dll+0x18868c]
V  [jvm.dll+0x20e0d7]
V  [jvm.dll+0x20c901]
V  [jvm.dll+0x6f9b7f]
V  [jvm.dll+0x6f26a5]
V  [jvm.dll+0x5fabf6]
C  [ucrtbase.dll+0x2268a]
C  [KERNEL32.DLL+0x17974]
C  [ntdll.dll+0x5a2f1]


---------------  P R O C E S S  ---------------

Threads class SMR info:
_java_thread_list=0x000001c3e8e4f3a0, length=86, elements={
0x000001c3cb2c5800, 0x000001c3e4ecb800, 0x000001c3e4ecf800, 0x000001c3e5748800,
0x000001c3e574a800, 0x000001c3e574b800, 0x000001c3e5750800, 0x000001c3e5755000,
0x000001c3e5759800, 0x000001c3e58b7800, 0x000001c3e6eaf000, 0x000001c3e89b5800,
0x000001c3e71bd000, 0x000001c3e85cf000, 0x000001c3e85cf800, 0x000001c3e85cb800,
0x000001c3e85cc800, 0x000001c3e85cd000, 0x000001c3e81d9000, 0x000001c3e81d6000,
0x000001c3e81d7800, 0x000001c3e81db000, 0x000001c3e81db800, 0x000001c3eab7e800,
0x000001c3eab7c000, 0x000001c3ec6e5000, 0x000001c3ec6e0800, 0x000001c3ec6e4800,
0x000001c3ec6e7000, 0x000001c3ec6e2000, 0x000001c3e81d7000, 0x000001c3ec97f000,
0x000001c3ec97d800, 0x000001c3ec980000, 0x000001c3ec981000, 0x000001c3ec97e800,
0x000001c3ec987800, 0x000001c3ec988000, 0x000001c3ec983800, 0x000001c3ec985800,
0x000001c3ec984000, 0x000001c3ec986800, 0x000001c3ec985000, 0x000001c3ec982800,
0x000001c3ec98c000, 0x000001c3ec98a000, 0x000001c3ec98a800, 0x000001c3ec989000,
0x000001c3ec98b800, 0x000001c3ec917800, 0x000001c3ec91a000, 0x000001c3ec914800,
0x000001c3ec91b000, 0x000001c3ec918800, 0x000001c3ec915800, 0x000001c3ec91c000,
0x000001c3ec916000, 0x000001c3ec91c800, 0x000001c3ec917000, 0x000001c3ec91f000,
0x000001c3ec921800, 0x000001c3ec91e800, 0x000001c3ec920800, 0x000001c3ec91d800,
0x000001c3ec922800, 0x000001c3ec923000, 0x000001c3ec920000, 0x000001c3eab73000,
0x000001c3eab71800, 0x000001c3eab74000, 0x000001c3eab75000, 0x000001c3eab75800,
0x000001c3eab76800, 0x000001c3eab77000, 0x000001c3eab78000, 0x000001c3eab72800,
0x000001c3eab7a800, 0x000001c3eab7b800, 0x000001c3eab79800, 0x000001c3eab79000,
0x000001c3eab80000, 0x000001c3eab7e000, 0x000001c3eab7d000, 0x000001c3ec6e1000,
0x000001c3ec6df800, 0x000001c3ec6e7800
}

Java Threads: ( => current thread )
  0x000001c3cb2c5800 JavaThread "main" [_thread_blocked, id=12612, stack(0x0000002120600000,0x0000002120700000)]
  0x000001c3e4ecb800 JavaThread "Reference Handler" daemon [_thread_blocked, id=7708, stack(0x0000002120d00000,0x0000002120e00000)]
  0x000001c3e4ecf800 JavaThread "Finalizer" daemon [_thread_blocked, id=9828, stack(0x0000002120e00000,0x0000002120f00000)]
  0x000001c3e5748800 JavaThread "Signal Dispatcher" daemon [_thread_blocked, id=9628, stack(0x0000002120f00000,0x0000002121000000)]
  0x000001c3e574a800 JavaThread "Attach Listener" daemon [_thread_blocked, id=2204, stack(0x0000002121000000,0x0000002121100000)]
  0x000001c3e574b800 JavaThread "Service Thread" daemon [_thread_blocked, id=6064, stack(0x0000002121100000,0x0000002121200000)]
  0x000001c3e5750800 JavaThread "C2 CompilerThread0" daemon [_thread_in_native, id=3292, stack(0x0000002121200000,0x0000002121300000)]
  0x000001c3e5755000 JavaThread "C1 CompilerThread0" daemon [_thread_blocked, id=5932, stack(0x0000002121300000,0x0000002121400000)]
  0x000001c3e5759800 JavaThread "Sweeper thread" daemon [_thread_blocked, id=11268, stack(0x0000002121400000,0x0000002121500000)]
  0x000001c3e58b7800 JavaThread "Common-Cleaner" daemon [_thread_blocked, id=9656, stack(0x0000002121500000,0x0000002121600000)]
  0x000001c3e6eaf000 JavaThread "Daemon health stats" [_thread_blocked, id=8040, stack(0x0000002121a00000,0x0000002121b00000)]
  0x000001c3e89b5800 JavaThread "Incoming local TCP Connector on port 54788" [_thread_in_native, id=5988, stack(0x0000002121b00000,0x0000002121c00000)]
  0x000001c3e71bd000 JavaThread "Daemon periodic checks" [_thread_blocked, id=13184, stack(0x0000002121c00000,0x0000002121d00000)]
  0x000001c3e85cf000 JavaThread "Cache worker for journal cache (C:\Users\Administrator\.gradle\caches\journal-1)" [_thread_blocked, id=8340, stack(0x0000002122500000,0x0000002122600000)]
  0x000001c3e85cf800 JavaThread "File lock request listener" [_thread_in_native, id=5892, stack(0x0000002122600000,0x0000002122700000)]
  0x000001c3e85cb800 JavaThread "Cache worker for file hash cache (C:\Users\Administrator\.gradle\caches\7.3.3\fileHashes)" [_thread_blocked, id=9208, stack(0x0000002122700000,0x0000002122800000)]
  0x000001c3e85cc800 JavaThread "File watcher server" daemon [_thread_in_native, id=6544, stack(0x0000002122900000,0x0000002122a00000)]
  0x000001c3e85cd000 JavaThread "File watcher consumer" daemon [_thread_blocked, id=8784, stack(0x0000002122a00000,0x0000002122b00000)]
  0x000001c3e81d9000 JavaThread "Cache worker for execution history cache (C:\Users\Administrator\.gradle\caches\7.3.3\executionHistory)" [_thread_blocked, id=12256, stack(0x0000002122e00000,0x0000002122f00000)]
  0x000001c3e81d6000 JavaThread "jar transforms" [_thread_blocked, id=3768, stack(0x0000002122f00000,0x0000002123000000)]
  0x000001c3e81d7800 JavaThread "Cache worker for file content cache (C:\Users\Administrator\.gradle\caches\7.3.3\fileContent)" [_thread_blocked, id=2656, stack(0x0000002123000000,0x0000002123100000)]
  0x000001c3e81db000 JavaThread "jar transforms Thread 2" [_thread_blocked, id=12480, stack(0x0000002123100000,0x0000002123200000)]
  0x000001c3e81db800 JavaThread "jar transforms Thread 3" [_thread_blocked, id=12388, stack(0x0000002123300000,0x0000002123400000)]
  0x000001c3eab7e800 JavaThread "jar transforms Thread 4" [_thread_blocked, id=8420, stack(0x0000002125d00000,0x0000002125e00000)]
  0x000001c3eab7c000 JavaThread "Memory manager" [_thread_blocked, id=6024, stack(0x0000002125e00000,0x0000002125f00000)]
  0x000001c3ec6e5000 JavaThread "RMI Scheduler(0)" daemon [_thread_blocked, id=12420, stack(0x0000002121700000,0x0000002121800000)]
  0x000001c3ec6e0800 JavaThread "RMI GC Daemon" daemon [_thread_blocked, id=10680, stack(0x0000002126600000,0x0000002126700000)]
  0x000001c3ec6e4800 JavaThread "RMI TCP Accept-0" daemon [_thread_in_native, id=5648, stack(0x0000002126700000,0x0000002126800000)]
  0x000001c3ec6e7000 JavaThread "RMI Reaper" [_thread_blocked, id=6796, stack(0x0000002126800000,0x0000002126900000)]
  0x000001c3ec6e2000 JavaThread "Cache worker for Java compile cache (C:\Users\Administrator\.gradle\caches\7.3.3\javaCompile)" [_thread_blocked, id=9752, stack(0x0000002126b00000,0x0000002126c00000)]
  0x000001c3e81d7000 JavaThread "ForkJoinPool.commonPool-worker-1" daemon [_thread_blocked, id=10156, stack(0x0000002126f00000,0x0000002127000000)]
  0x000001c3ec97f000 JavaThread "Daemon Thread 5" [_thread_blocked, id=13612, stack(0x0000002120300000,0x0000002120400000)]
  0x000001c3ec97d800 JavaThread "Handler for socket connection from /127.0.0.1:54788 to /127.0.0.1:58721" [_thread_in_native, id=14224, stack(0x0000002120400000,0x0000002120500000)]
  0x000001c3ec980000 JavaThread "Cancel handler" [_thread_blocked, id=13820, stack(0x0000002120500000,0x0000002120600000)]
  0x000001c3ec981000 JavaThread "Daemon worker Thread 5" [_thread_in_Java, id=13864, stack(0x0000002121d00000,0x0000002121e00000)]
  0x000001c3ec97e800 JavaThread "Asynchronous log dispatcher for DefaultDaemonConnection: socket connection from /127.0.0.1:54788 to /127.0.0.1:58721" [_thread_blocked, id=13668, stack(0x0000002121e00000,0x0000002121f00000)]
  0x000001c3ec987800 JavaThread "Stdin handler" [_thread_blocked, id=13860, stack(0x0000002122000000,0x0000002122100000)]
  0x000001c3ec988000 JavaThread "Daemon client event forwarder" [_thread_blocked, id=13704, stack(0x0000002122100000,0x0000002122200000)]
  0x000001c3ec983800 JavaThread "Cache worker for file hash cache (E:\workspace_smar\cooler_monitor\.gradle\7.3.3\fileHashes)" [_thread_blocked, id=12932, stack(0x0000002122200000,0x0000002122300000)]
  0x000001c3ec985800 JavaThread "Cache worker for checksums cache (E:\workspace_smar\cooler_monitor\.gradle\7.3.3\checksums)" [_thread_blocked, id=13672, stack(0x0000002122300000,0x0000002122400000)]
  0x000001c3ec984000 JavaThread "Cache worker for cache directory md-supplier (C:\Users\Administrator\.gradle\caches\7.3.3\md-supplier)" [_thread_blocked, id=13728, stack(0x0000002122400000,0x0000002122500000)]
  0x000001c3ec986800 JavaThread "Cache worker for cache directory md-rule (C:\Users\Administrator\.gradle\caches\7.3.3\md-rule)" [_thread_blocked, id=14332, stack(0x0000002122800000,0x0000002122900000)]
  0x000001c3ec985000 JavaThread "Cache worker for dependencies-accessors (E:\workspace_smar\cooler_monitor\.gradle\7.3.3\dependencies-accessors)" [_thread_blocked, id=7840, stack(0x0000002122b00000,0x0000002122c00000)]
  0x000001c3ec982800 JavaThread "Cache worker for Build Output Cleanup Cache (E:\workspace_smar\cooler_monitor\.gradle\buildOutputCleanup)" [_thread_blocked, id=13888, stack(0x0000002122c00000,0x0000002122d00000)]
=>0x000001c3ec98c000 JavaThread "C2 CompilerThread1" daemon [_thread_in_native, id=13884, stack(0x0000002122d00000,0x0000002122e00000)]
  0x000001c3ec98a000 JavaThread "Unconstrained build operations" [_thread_blocked, id=13684, stack(0x0000002123200000,0x0000002123300000)]
  0x000001c3ec98a800 JavaThread "Unconstrained build operations Thread 2" [_thread_blocked, id=13732, stack(0x0000002123400000,0x0000002123500000)]
  0x000001c3ec989000 JavaThread "Unconstrained build operations Thread 3" [_thread_blocked, id=13720, stack(0x0000002123500000,0x0000002123600000)]
  0x000001c3ec98b800 JavaThread "Unconstrained build operations Thread 4" [_thread_blocked, id=13948, stack(0x0000002123600000,0x0000002123700000)]
  0x000001c3ec917800 JavaThread "Unconstrained build operations Thread 5" [_thread_blocked, id=13744, stack(0x0000002123700000,0x0000002123800000)]
  0x000001c3ec91a000 JavaThread "Unconstrained build operations Thread 6" [_thread_blocked, id=2376, stack(0x0000002123800000,0x0000002123900000)]
  0x000001c3ec914800 JavaThread "Unconstrained build operations Thread 7" [_thread_blocked, id=6552, stack(0x0000002123900000,0x0000002123a00000)]
  0x000001c3ec91b000 JavaThread "Unconstrained build operations Thread 8" [_thread_blocked, id=5028, stack(0x0000002123a00000,0x0000002123b00000)]
  0x000001c3ec918800 JavaThread "Unconstrained build operations Thread 9" [_thread_blocked, id=10584, stack(0x0000002123b00000,0x0000002123c00000)]
  0x000001c3ec915800 JavaThread "Unconstrained build operations Thread 10" [_thread_blocked, id=5152, stack(0x0000002123c00000,0x0000002123d00000)]
  0x000001c3ec91c000 JavaThread "Unconstrained build operations Thread 11" [_thread_blocked, id=13812, stack(0x0000002123d00000,0x0000002123e00000)]
  0x000001c3ec916000 JavaThread "Unconstrained build operations Thread 12" [_thread_blocked, id=9780, stack(0x0000002123e00000,0x0000002123f00000)]
  0x000001c3ec91c800 JavaThread "Unconstrained build operations Thread 13" [_thread_blocked, id=13804, stack(0x0000002123f00000,0x0000002124000000)]
  0x000001c3ec917000 JavaThread "Unconstrained build operations Thread 14" [_thread_blocked, id=10776, stack(0x0000002124000000,0x0000002124100000)]
  0x000001c3ec91f000 JavaThread "Unconstrained build operations Thread 15" [_thread_blocked, id=7048, stack(0x0000002124100000,0x0000002124200000)]
  0x000001c3ec921800 JavaThread "Unconstrained build operations Thread 16" [_thread_blocked, id=7540, stack(0x0000002124200000,0x0000002124300000)]
  0x000001c3ec91e800 JavaThread "Unconstrained build operations Thread 17" [_thread_blocked, id=228, stack(0x0000002124300000,0x0000002124400000)]
  0x000001c3ec920800 JavaThread "Unconstrained build operations Thread 18" [_thread_blocked, id=13796, stack(0x0000002124400000,0x0000002124500000)]
  0x000001c3ec91d800 JavaThread "Unconstrained build operations Thread 19" [_thread_blocked, id=4112, stack(0x0000002124500000,0x0000002124600000)]
  0x000001c3ec922800 JavaThread "Unconstrained build operations Thread 20" [_thread_blocked, id=13456, stack(0x0000002124600000,0x0000002124700000)]
  0x000001c3ec923000 JavaThread "Unconstrained build operations Thread 21" [_thread_blocked, id=13460, stack(0x0000002124700000,0x0000002124800000)]
  0x000001c3ec920000 JavaThread "Unconstrained build operations Thread 22" [_thread_blocked, id=13484, stack(0x0000002124800000,0x0000002124900000)]
  0x000001c3eab73000 JavaThread "Unconstrained build operations Thread 23" [_thread_blocked, id=13496, stack(0x0000002124900000,0x0000002124a00000)]
  0x000001c3eab71800 JavaThread "Unconstrained build operations Thread 24" [_thread_blocked, id=13504, stack(0x0000002124a00000,0x0000002124b00000)]
  0x000001c3eab74000 JavaThread "Unconstrained build operations Thread 25" [_thread_blocked, id=9584, stack(0x0000002124b00000,0x0000002124c00000)]
  0x000001c3eab75000 JavaThread "Unconstrained build operations Thread 26" [_thread_blocked, id=13508, stack(0x0000002124c00000,0x0000002124d00000)]
  0x000001c3eab75800 JavaThread "Unconstrained build operations Thread 27" [_thread_blocked, id=13500, stack(0x0000002124d00000,0x0000002124e00000)]
  0x000001c3eab76800 JavaThread "Unconstrained build operations Thread 28" [_thread_blocked, id=13516, stack(0x0000002124e00000,0x0000002124f00000)]
  0x000001c3eab77000 JavaThread "Unconstrained build operations Thread 29" [_thread_blocked, id=13524, stack(0x0000002124f00000,0x0000002125000000)]
  0x000001c3eab78000 JavaThread "Unconstrained build operations Thread 30" [_thread_blocked, id=13528, stack(0x0000002125000000,0x0000002125100000)]
  0x000001c3eab72800 JavaThread "Unconstrained build operations Thread 31" [_thread_blocked, id=13552, stack(0x0000002125100000,0x0000002125200000)]
  0x000001c3eab7a800 JavaThread "Unconstrained build operations Thread 32" [_thread_blocked, id=13540, stack(0x0000002125200000,0x0000002125300000)]
  0x000001c3eab7b800 JavaThread "Unconstrained build operations Thread 33" [_thread_blocked, id=13536, stack(0x0000002125300000,0x0000002125400000)]
  0x000001c3eab79800 JavaThread "Unconstrained build operations Thread 34" [_thread_blocked, id=13444, stack(0x0000002125400000,0x0000002125500000)]
  0x000001c3eab79000 JavaThread "Unconstrained build operations Thread 35" [_thread_blocked, id=7076, stack(0x0000002125500000,0x0000002125600000)]
  0x000001c3eab80000 JavaThread "Unconstrained build operations Thread 36" [_thread_blocked, id=8968, stack(0x0000002125600000,0x0000002125700000)]
  0x000001c3eab7e000 JavaThread "Unconstrained build operations Thread 37" [_thread_blocked, id=13556, stack(0x0000002125700000,0x0000002125800000)]
  0x000001c3eab7d000 JavaThread "Unconstrained build operations Thread 38" [_thread_blocked, id=13492, stack(0x0000002125800000,0x0000002125900000)]
  0x000001c3ec6e1000 JavaThread "Unconstrained build operations Thread 39" [_thread_blocked, id=9316, stack(0x0000002125900000,0x0000002125a00000)]
  0x000001c3ec6df800 JavaThread "Unconstrained build operations Thread 40" [_thread_blocked, id=12568, stack(0x0000002125a00000,0x0000002125b00000)]
  0x000001c3ec6e7800 JavaThread "build event listener" [_thread_blocked, id=4600, stack(0x0000002125b00000,0x0000002125c00000)]

Other Threads:
  0x000001c3e4ec5000 VMThread "VM Thread" [stack: 0x0000002120c00000,0x0000002120d00000] [id=6880]
  0x000001c3e58d0000 WatcherThread [stack: 0x0000002121600000,0x0000002121700000] [id=8292]
  0x000001c3cb2dc800 GCTaskThread "GC Thread#0" [stack: 0x0000002120700000,0x0000002120800000] [id=3780]
  0x000001c3e6400800 GCTaskThread "GC Thread#1" [stack: 0x0000002121800000,0x0000002121900000] [id=11256]
  0x000001c3e61de800 GCTaskThread "GC Thread#2" [stack: 0x0000002121900000,0x0000002121a00000] [id=8260]
  0x000001c3e65be000 GCTaskThread "GC Thread#3" [stack: 0x0000002121f00000,0x0000002122000000] [id=7776]
  0x000001c3cb312800 ConcurrentGCThread "G1 Main Marker" [stack: 0x0000002120800000,0x0000002120900000] [id=11728]
  0x000001c3cb314000 ConcurrentGCThread "G1 Conc#0" [stack: 0x0000002120900000,0x0000002120a00000] [id=12052]
  0x000001c3e4d16800 ConcurrentGCThread "G1 Refine#0" [stack: 0x0000002120a00000,0x0000002120b00000] [id=12128]
  0x000001c3e6457800 ConcurrentGCThread "G1 Refine#1" [stack: 0x0000002126300000,0x0000002126400000] [id=11316]
  0x000001c3e4d17000 ConcurrentGCThread "G1 Young RemSet Sampling" [stack: 0x0000002120b00000,0x0000002120c00000] [id=8348]

Threads with active compile tasks:
C2 CompilerThread03580682 19823       4       org.gradle.internal.resources.DefaultResourceLockCoordinationService$AcquireLocks::transform (62 bytes)
C2 CompilerThread13580682 19819       4       org.gradle.api.internal.artifacts.ModuleComponentSelectorSerializer::read (50 bytes)

VM state:not at safepoint (normal execution)

VM Mutex/Monitor currently owned by a thread: None

Heap address: 0x0000000080000000, size: 2048 MB, Compressed Oops mode: 32-bit
Narrow klass base: 0x0000000000000000, Narrow klass shift: 3
Compressed class space size: 1073741824 Address: 0x0000000100000000

Heap:
 garbage-first heap   total 227328K, used 171633K [0x0000000080000000, 0x0000000100000000)
  region size 1024K, 60 young (61440K), 3 survivors (3072K)
 Metaspace       used 116898K, capacity 120080K, committed 120892K, reserved 1155072K
  class space    used 14890K, capacity 16088K, committed 16408K, reserved 1048576K
Heap Regions: E=young(eden), S=young(survivor), O=old, HS=humongous(starts), HC=humongous(continues), CS=collection set, F=free, A=archive, TAMS=top-at-mark-start (previous, next)
|   0|0x0000000080000000, 0x0000000080100000, 0x0000000080100000|100%|HS|  |TAMS 0x0000000080100000, 0x0000000080000000| Complete 
|   1|0x0000000080100000, 0x0000000080200000, 0x0000000080200000|100%|HC|  |TAMS 0x0000000080200000, 0x0000000080100000| Complete 
|   2|0x0000000080200000, 0x0000000080300000, 0x0000000080300000|100%|HC|  |TAMS 0x0000000080300000, 0x0000000080200000| Complete 
|   3|0x0000000080300000, 0x0000000080400000, 0x0000000080400000|100%| O|  |TAMS 0x0000000080400000, 0x0000000080300000| Untracked 
|   4|0x0000000080400000, 0x0000000080500000, 0x0000000080500000|100%| O|  |TAMS 0x0000000080500000, 0x0000000080400000| Untracked 
|   5|0x0000000080500000, 0x0000000080600000, 0x0000000080600000|100%| O|  |TAMS 0x0000000080600000, 0x0000000080500000| Untracked 
|   6|0x0000000080600000, 0x0000000080700000, 0x0000000080700000|100%| O|  |TAMS 0x0000000080700000, 0x0000000080600000| Complete 
|   7|0x0000000080700000, 0x0000000080800000, 0x0000000080800000|100%| O|  |TAMS 0x0000000080800000, 0x0000000080700000| Untracked 
|   8|0x0000000080800000, 0x0000000080900000, 0x0000000080900000|100%| O|  |TAMS 0x0000000080900000, 0x0000000080800000| Untracked 
|   9|0x0000000080900000, 0x0000000080a00000, 0x0000000080a00000|100%| O|  |TAMS 0x0000000080a00000, 0x0000000080900000| Untracked 
|  10|0x0000000080a00000, 0x0000000080b00000, 0x0000000080b00000|100%| O|  |TAMS 0x0000000080b00000, 0x0000000080a00000| Untracked 
|  11|0x0000000080b00000, 0x0000000080c00000, 0x0000000080c00000|100%| O|  |TAMS 0x0000000080c00000, 0x0000000080b00000| Untracked 
|  12|0x0000000080c00000, 0x0000000080d00000, 0x0000000080d00000|100%| O|  |TAMS 0x0000000080d00000, 0x0000000080c00000| Untracked 
|  13|0x0000000080d00000, 0x0000000080e00000, 0x0000000080e00000|100%| O|  |TAMS 0x0000000080e00000, 0x0000000080d00000| Untracked 
|  14|0x0000000080e00000, 0x0000000080f00000, 0x0000000080f00000|100%| O|  |TAMS 0x0000000080f00000, 0x0000000080e00000| Complete 
|  15|0x0000000080f00000, 0x0000000081000000, 0x0000000081000000|100%| O|  |TAMS 0x0000000081000000, 0x0000000080f00000| Complete 
|  16|0x0000000081000000, 0x0000000081100000, 0x0000000081100000|100%|HS|  |TAMS 0x0000000081100000, 0x0000000081000000| Complete 
|  17|0x0000000081100000, 0x0000000081200000, 0x0000000081200000|100%| O|  |TAMS 0x0000000081200000, 0x0000000081100000| Complete 
|  18|0x0000000081200000, 0x0000000081300000, 0x0000000081300000|100%| O|  |TAMS 0x0000000081300000, 0x0000000081200000| Complete 
|  19|0x0000000081300000, 0x0000000081400000, 0x0000000081400000|100%| O|  |TAMS 0x0000000081400000, 0x0000000081300000| Complete 
|  20|0x0000000081400000, 0x0000000081500000, 0x0000000081500000|100%| O|  |TAMS 0x0000000081500000, 0x0000000081400000| Complete 
|  21|0x0000000081500000, 0x0000000081600000, 0x0000000081600000|100%| O|  |TAMS 0x0000000081600000, 0x0000000081500000| Complete 
|  22|0x0000000081600000, 0x0000000081700000, 0x0000000081700000|100%| O|  |TAMS 0x0000000081700000, 0x0000000081600000| Complete 
|  23|0x0000000081700000, 0x0000000081800000, 0x0000000081800000|100%|HS|  |TAMS 0x0000000081800000, 0x0000000081700000| Complete 
|  24|0x0000000081800000, 0x0000000081900000, 0x0000000081900000|100%|HS|  |TAMS 0x0000000081900000, 0x0000000081800000| Complete 
|  25|0x0000000081900000, 0x0000000081a00000, 0x0000000081a00000|100%|HS|  |TAMS 0x0000000081a00000, 0x0000000081900000| Complete 
|  26|0x0000000081a00000, 0x0000000081b00000, 0x0000000081b00000|100%|HC|  |TAMS 0x0000000081b00000, 0x0000000081a00000| Complete 
|  27|0x0000000081b00000, 0x0000000081c00000, 0x0000000081c00000|100%|HC|  |TAMS 0x0000000081c00000, 0x0000000081b00000| Complete 
|  28|0x0000000081c00000, 0x0000000081d00000, 0x0000000081d00000|100%|HS|  |TAMS 0x0000000081d00000, 0x0000000081c00000| Complete 
|  29|0x0000000081d00000, 0x0000000081e00000, 0x0000000081e00000|100%|HC|  |TAMS 0x0000000081e00000, 0x0000000081d00000| Complete 
|  30|0x0000000081e00000, 0x0000000081f00000, 0x0000000081f00000|100%| O|  |TAMS 0x0000000081f00000, 0x0000000081e00000| Untracked 
|  31|0x0000000081f00000, 0x0000000082000000, 0x0000000082000000|100%| O|  |TAMS 0x0000000082000000, 0x0000000081f00000| Untracked 
|  32|0x0000000082000000, 0x0000000082100000, 0x0000000082100000|100%| O|  |TAMS 0x0000000082100000, 0x0000000082000000| Untracked 
|  33|0x0000000082100000, 0x0000000082200000, 0x0000000082200000|100%|HS|  |TAMS 0x0000000082100000, 0x0000000082100000| Complete 
|  34|0x0000000082200000, 0x0000000082300000, 0x0000000082300000|100%| O|  |TAMS 0x0000000082300000, 0x0000000082200000| Complete 
|  35|0x0000000082300000, 0x0000000082400000, 0x0000000082400000|100%| O|  |TAMS 0x0000000082400000, 0x0000000082300000| Untracked 
|  36|0x0000000082400000, 0x0000000082400000, 0x0000000082500000|  0%| F|  |TAMS 0x0000000082400000, 0x0000000082400000| Untracked 
|  37|0x0000000082500000, 0x0000000082600000, 0x0000000082600000|100%| O|  |TAMS 0x0000000082600000, 0x0000000082500000| Complete 
|  38|0x0000000082600000, 0x0000000082700000, 0x0000000082700000|100%| O|  |TAMS 0x0000000082700000, 0x0000000082600000| Complete 
|  39|0x0000000082700000, 0x0000000082800000, 0x0000000082800000|100%| O|  |TAMS 0x0000000082800000, 0x0000000082700000| Untracked 
|  40|0x0000000082800000, 0x0000000082900000, 0x0000000082900000|100%| O|  |TAMS 0x0000000082900000, 0x0000000082800000| Untracked 
|  41|0x0000000082900000, 0x0000000082a00000, 0x0000000082a00000|100%| O|  |TAMS 0x0000000082a00000, 0x0000000082900000| Untracked 
|  42|0x0000000082a00000, 0x0000000082b00000, 0x0000000082b00000|100%| O|  |TAMS 0x0000000082b00000, 0x0000000082a00000| Untracked 
|  43|0x0000000082b00000, 0x0000000082c00000, 0x0000000082c00000|100%| O|  |TAMS 0x0000000082c00000, 0x0000000082b00000| Untracked 
|  44|0x0000000082c00000, 0x0000000082d00000, 0x0000000082d00000|100%| O|  |TAMS 0x0000000082d00000, 0x0000000082c00000| Complete 
|  45|0x0000000082d00000, 0x0000000082e00000, 0x0000000082e00000|100%| O|  |TAMS 0x0000000082e00000, 0x0000000082d00000| Complete 
|  46|0x0000000082e00000, 0x0000000082f00000, 0x0000000082f00000|100%| O|  |TAMS 0x0000000082f00000, 0x0000000082e00000| Complete 
|  47|0x0000000082f00000, 0x0000000082f00000, 0x0000000083000000|  0%| F|  |TAMS 0x0000000082f00000, 0x0000000082f00000| Untracked 
|  48|0x0000000083000000, 0x0000000083100000, 0x0000000083100000|100%| O|  |TAMS 0x0000000083100000, 0x0000000083000000| Complete 
|  49|0x0000000083100000, 0x0000000083200000, 0x0000000083200000|100%| O|  |TAMS 0x0000000083200000, 0x0000000083100000| Complete 
|  50|0x0000000083200000, 0x0000000083300000, 0x0000000083300000|100%| O|  |TAMS 0x0000000083300000, 0x0000000083200000| Complete 
|  51|0x0000000083300000, 0x0000000083400000, 0x0000000083400000|100%|HS|  |TAMS 0x0000000083400000, 0x0000000083300000| Complete 
|  52|0x0000000083400000, 0x0000000083500000, 0x0000000083500000|100%|HC|  |TAMS 0x0000000083500000, 0x0000000083400000| Complete 
|  53|0x0000000083500000, 0x0000000083600000, 0x0000000083600000|100%| O|  |TAMS 0x0000000083600000, 0x0000000083500000| Complete 
|  54|0x0000000083600000, 0x0000000083700000, 0x0000000083700000|100%| O|  |TAMS 0x0000000083700000, 0x0000000083600000| Complete 
|  55|0x0000000083700000, 0x0000000083800000, 0x0000000083800000|100%| O|  |TAMS 0x0000000083800000, 0x0000000083700000| Complete 
|  56|0x0000000083800000, 0x0000000083900000, 0x0000000083900000|100%| O|  |TAMS 0x0000000083900000, 0x0000000083800000| Complete 
|  57|0x0000000083900000, 0x0000000083a00000, 0x0000000083a00000|100%| O|  |TAMS 0x0000000083a00000, 0x0000000083900000| Complete 
|  58|0x0000000083a00000, 0x0000000083a00000, 0x0000000083b00000|  0%| F|  |TAMS 0x0000000083a00000, 0x0000000083a00000| Untracked 
|  59|0x0000000083b00000, 0x0000000083c00000, 0x0000000083c00000|100%| O|  |TAMS 0x0000000083c00000, 0x0000000083b00000| Untracked 
|  60|0x0000000083c00000, 0x0000000083d00000, 0x0000000083d00000|100%| O|  |TAMS 0x0000000083d00000, 0x0000000083c00000| Complete 
|  61|0x0000000083d00000, 0x0000000083e00000, 0x0000000083e00000|100%|HS|  |TAMS 0x0000000083d00000, 0x0000000083d00000| Complete 
|  62|0x0000000083e00000, 0x0000000083f00000, 0x0000000083f00000|100%|HC|  |TAMS 0x0000000083e00000, 0x0000000083e00000| Complete 
|  63|0x0000000083f00000, 0x0000000084000000, 0x0000000084000000|100%|HS|  |TAMS 0x0000000083f00000, 0x0000000083f00000| Complete 
|  64|0x0000000084000000, 0x0000000084100000, 0x0000000084100000|100%|HC|  |TAMS 0x0000000084000000, 0x0000000084000000| Complete 
|  65|0x0000000084100000, 0x0000000084200000, 0x0000000084200000|100%| O|  |TAMS 0x0000000084200000, 0x0000000084100000| Complete 
|  66|0x0000000084200000, 0x0000000084300000, 0x0000000084300000|100%| O|  |TAMS 0x0000000084300000, 0x0000000084200000| Complete 
|  67|0x0000000084300000, 0x0000000084400000, 0x0000000084400000|100%|HS|  |TAMS 0x0000000084300000, 0x0000000084300000| Complete 
|  68|0x0000000084400000, 0x0000000084500000, 0x0000000084500000|100%|HC|  |TAMS 0x0000000084400000, 0x0000000084400000| Complete 
|  69|0x0000000084500000, 0x0000000084600000, 0x0000000084600000|100%|HS|  |TAMS 0x0000000084500000, 0x0000000084500000| Complete 
|  70|0x0000000084600000, 0x0000000084700000, 0x0000000084700000|100%|HC|  |TAMS 0x0000000084600000, 0x0000000084600000| Complete 
|  71|0x0000000084700000, 0x0000000084800000, 0x0000000084800000|100%| O|  |TAMS 0x0000000084800000, 0x0000000084700000| Complete 
|  72|0x0000000084800000, 0x0000000084900000, 0x0000000084900000|100%| O|  |TAMS 0x0000000084900000, 0x0000000084800000| Untracked 
|  73|0x0000000084900000, 0x0000000084a00000, 0x0000000084a00000|100%| O|  |TAMS 0x0000000084a00000, 0x0000000084900000| Complete 
|  74|0x0000000084a00000, 0x0000000084b00000, 0x0000000084b00000|100%| O|  |TAMS 0x0000000084b00000, 0x0000000084a00000| Complete 
|  75|0x0000000084b00000, 0x0000000084c00000, 0x0000000084c00000|100%| O|  |TAMS 0x0000000084c00000, 0x0000000084b00000| Complete 
|  76|0x0000000084c00000, 0x0000000084d00000, 0x0000000084d00000|100%| O|  |TAMS 0x0000000084d00000, 0x0000000084c00000| Untracked 
|  77|0x0000000084d00000, 0x0000000084d00000, 0x0000000084e00000|  0%| F|  |TAMS 0x0000000084d00000, 0x0000000084d00000| Untracked 
|  78|0x0000000084e00000, 0x0000000084f00000, 0x0000000084f00000|100%| O|  |TAMS 0x0000000084f00000, 0x0000000084e00000| Complete 
|  79|0x0000000084f00000, 0x0000000085000000, 0x0000000085000000|100%| O|  |TAMS 0x0000000085000000, 0x0000000084f00000| Untracked 
|  80|0x0000000085000000, 0x0000000085100000, 0x0000000085100000|100%| O|  |TAMS 0x0000000085100000, 0x0000000085000000| Complete 
|  81|0x0000000085100000, 0x0000000085200000, 0x0000000085200000|100%|HS|  |TAMS 0x0000000085100000, 0x0000000085100000| Complete 
|  82|0x0000000085200000, 0x0000000085300000, 0x0000000085300000|100%|HC|  |TAMS 0x0000000085200000, 0x0000000085200000| Complete 
|  83|0x0000000085300000, 0x0000000085400000, 0x0000000085400000|100%| O|  |TAMS 0x0000000085400000, 0x0000000085300000| Untracked 
|  84|0x0000000085400000, 0x0000000085500000, 0x0000000085500000|100%| O|  |TAMS 0x0000000085500000, 0x0000000085400000| Untracked 
|  85|0x0000000085500000, 0x0000000085600000, 0x0000000085600000|100%| O|  |TAMS 0x0000000085600000, 0x0000000085500000| Untracked 
|  86|0x0000000085600000, 0x0000000085700000, 0x0000000085700000|100%| O|  |TAMS 0x0000000085700000, 0x0000000085600000| Untracked 
|  87|0x0000000085700000, 0x0000000085800000, 0x0000000085800000|100%| O|  |TAMS 0x0000000085800000, 0x0000000085700000| Untracked 
|  88|0x0000000085800000, 0x0000000085900000, 0x0000000085900000|100%| O|  |TAMS 0x0000000085900000, 0x0000000085800000| Untracked 
|  89|0x0000000085900000, 0x0000000085a00000, 0x0000000085a00000|100%| O|  |TAMS 0x0000000085a00000, 0x0000000085900000| Untracked 
|  90|0x0000000085a00000, 0x0000000085b00000, 0x0000000085b00000|100%| O|  |TAMS 0x0000000085b00000, 0x0000000085a00000| Untracked 
|  91|0x0000000085b00000, 0x0000000085c00000, 0x0000000085c00000|100%| O|  |TAMS 0x0000000085c00000, 0x0000000085b00000| Complete 
|  92|0x0000000085c00000, 0x0000000085d00000, 0x0000000085d00000|100%| O|  |TAMS 0x0000000085d00000, 0x0000000085c00000| Untracked 
|  93|0x0000000085d00000, 0x0000000085d00000, 0x0000000085e00000|  0%| F|  |TAMS 0x0000000085d00000, 0x0000000085d00000| Untracked 
|  94|0x0000000085e00000, 0x0000000085f00000, 0x0000000085f00000|100%| O|  |TAMS 0x0000000085f00000, 0x0000000085e00000| Untracked 
|  95|0x0000000085f00000, 0x0000000085f00000, 0x0000000086000000|  0%| F|  |TAMS 0x0000000085f00000, 0x0000000085f00000| Untracked 
|  96|0x0000000086000000, 0x0000000086100000, 0x0000000086100000|100%| O|  |TAMS 0x0000000086100000, 0x0000000086000000| Untracked 
|  97|0x0000000086100000, 0x0000000086200000, 0x0000000086200000|100%| O|  |TAMS 0x0000000086200000, 0x0000000086100000| Complete 
|  98|0x0000000086200000, 0x0000000086300000, 0x0000000086300000|100%| O|  |TAMS 0x0000000086300000, 0x0000000086200000| Complete 
|  99|0x0000000086300000, 0x0000000086400000, 0x0000000086400000|100%| O|  |TAMS 0x0000000086400000, 0x0000000086300000| Complete 
| 100|0x0000000086400000, 0x0000000086400000, 0x0000000086500000|  0%| F|  |TAMS 0x0000000086400000, 0x0000000086400000| Untracked 
| 101|0x0000000086500000, 0x0000000086600000, 0x0000000086600000|100%| O|  |TAMS 0x0000000086600000, 0x0000000086500000| Complete 
| 102|0x0000000086600000, 0x0000000086600000, 0x0000000086700000|  0%| F|  |TAMS 0x0000000086600000, 0x0000000086600000| Untracked 
| 103|0x0000000086700000, 0x0000000086800000, 0x0000000086800000|100%| O|  |TAMS 0x0000000086800000, 0x0000000086700000| Complete 
| 104|0x0000000086800000, 0x0000000086900000, 0x0000000086900000|100%| O|  |TAMS 0x0000000086900000, 0x0000000086800000| Complete 
| 105|0x0000000086900000, 0x0000000086a00000, 0x0000000086a00000|100%| O|  |TAMS 0x0000000086a00000, 0x0000000086900000| Untracked 
| 106|0x0000000086a00000, 0x0000000086b00000, 0x0000000086b00000|100%| O|  |TAMS 0x0000000086b00000, 0x0000000086a00000| Untracked 
| 107|0x0000000086b00000, 0x0000000086c00000, 0x0000000086c00000|100%| O|  |TAMS 0x0000000086c00000, 0x0000000086b00000| Untracked 
| 108|0x0000000086c00000, 0x0000000086d00000, 0x0000000086d00000|100%| O|  |TAMS 0x0000000086d00000, 0x0000000086c00000| Complete 
| 109|0x0000000086d00000, 0x0000000086e00000, 0x0000000086e00000|100%| O|  |TAMS 0x0000000086e00000, 0x0000000086d00000| Complete 
| 110|0x0000000086e00000, 0x0000000086f00000, 0x0000000086f00000|100%| O|  |TAMS 0x0000000086f00000, 0x0000000086e00000| Untracked 
| 111|0x0000000086f00000, 0x0000000087000000, 0x0000000087000000|100%| O|  |TAMS 0x0000000087000000, 0x0000000086f00000| Untracked 
| 112|0x0000000087000000, 0x0000000087100000, 0x0000000087100000|100%| O|  |TAMS 0x0000000087100000, 0x0000000087000000| Untracked 
| 113|0x0000000087100000, 0x0000000087200000, 0x0000000087200000|100%| O|  |TAMS 0x0000000087200000, 0x0000000087100000| Untracked 
| 114|0x0000000087200000, 0x0000000087300000, 0x0000000087300000|100%| O|  |TAMS 0x0000000087300000, 0x0000000087200000| Untracked 
| 115|0x0000000087300000, 0x0000000087400000, 0x0000000087400000|100%| O|  |TAMS 0x0000000087400000, 0x0000000087300000| Complete 
| 116|0x0000000087400000, 0x0000000087500000, 0x0000000087500000|100%| O|  |TAMS 0x0000000087500000, 0x0000000087400000| Untracked 
| 117|0x0000000087500000, 0x0000000087548c00, 0x0000000087600000| 28%| O|  |TAMS 0x0000000087548c00, 0x0000000087500000| Untracked 
| 118|0x0000000087600000, 0x0000000087600000, 0x0000000087700000|  0%| F|  |TAMS 0x0000000087600000, 0x0000000087600000| Untracked 
| 119|0x0000000087700000, 0x0000000087700000, 0x0000000087800000|  0%| F|  |TAMS 0x0000000087700000, 0x0000000087700000| Untracked 
| 120|0x0000000087800000, 0x0000000087800000, 0x0000000087900000|  0%| F|  |TAMS 0x0000000087800000, 0x0000000087800000| Untracked 
| 121|0x0000000087900000, 0x0000000087900000, 0x0000000087a00000|  0%| F|  |TAMS 0x0000000087900000, 0x0000000087900000| Untracked 
| 122|0x0000000087a00000, 0x0000000087a00000, 0x0000000087b00000|  0%| F|  |TAMS 0x0000000087a00000, 0x0000000087a00000| Untracked 
| 123|0x0000000087b00000, 0x0000000087b00000, 0x0000000087c00000|  0%| F|  |TAMS 0x0000000087b00000, 0x0000000087b00000| Untracked 
| 124|0x0000000087c00000, 0x0000000087c00000, 0x0000000087d00000|  0%| F|  |TAMS 0x0000000087c00000, 0x0000000087c00000| Untracked 
| 125|0x0000000087d00000, 0x0000000087d00000, 0x0000000087e00000|  0%| F|  |TAMS 0x0000000087d00000, 0x0000000087d00000| Untracked 
| 126|0x0000000087e00000, 0x0000000087e00000, 0x0000000087f00000|  0%| F|  |TAMS 0x0000000087e00000, 0x0000000087e00000| Untracked 
| 127|0x0000000087f00000, 0x0000000087f00000, 0x0000000088000000|  0%| F|  |TAMS 0x0000000087f00000, 0x0000000087f00000| Untracked 
| 128|0x0000000088000000, 0x0000000088000000, 0x0000000088100000|  0%| F|  |TAMS 0x0000000088000000, 0x0000000088000000| Untracked 
| 129|0x0000000088100000, 0x0000000088100000, 0x0000000088200000|  0%| F|  |TAMS 0x0000000088100000, 0x0000000088100000| Untracked 
| 130|0x0000000088200000, 0x0000000088200000, 0x0000000088300000|  0%| F|  |TAMS 0x0000000088200000, 0x0000000088200000| Untracked 
| 131|0x0000000088300000, 0x0000000088300000, 0x0000000088400000|  0%| F|  |TAMS 0x0000000088300000, 0x0000000088300000| Untracked 
| 132|0x0000000088400000, 0x0000000088400000, 0x0000000088500000|  0%| F|  |TAMS 0x0000000088400000, 0x0000000088400000| Untracked 
| 133|0x0000000088500000, 0x0000000088500000, 0x0000000088600000|  0%| F|  |TAMS 0x0000000088500000, 0x0000000088500000| Untracked 
| 134|0x0000000088600000, 0x0000000088600000, 0x0000000088700000|  0%| F|  |TAMS 0x0000000088600000, 0x0000000088600000| Untracked 
| 135|0x0000000088700000, 0x0000000088700000, 0x0000000088800000|  0%| F|  |TAMS 0x0000000088700000, 0x0000000088700000| Untracked 
| 136|0x0000000088800000, 0x0000000088800000, 0x0000000088900000|  0%| F|  |TAMS 0x0000000088800000, 0x0000000088800000| Untracked 
| 137|0x0000000088900000, 0x0000000088900000, 0x0000000088a00000|  0%| F|  |TAMS 0x0000000088900000, 0x0000000088900000| Untracked 
| 138|0x0000000088a00000, 0x0000000088a00000, 0x0000000088b00000|  0%| F|  |TAMS 0x0000000088a00000, 0x0000000088a00000| Untracked 
| 139|0x0000000088b00000, 0x0000000088b00000, 0x0000000088c00000|  0%| F|  |TAMS 0x0000000088b00000, 0x0000000088b00000| Untracked 
| 140|0x0000000088c00000, 0x0000000088c00000, 0x0000000088d00000|  0%| F|  |TAMS 0x0000000088c00000, 0x0000000088c00000| Untracked 
| 141|0x0000000088d00000, 0x0000000088d00000, 0x0000000088e00000|  0%| F|  |TAMS 0x0000000088d00000, 0x0000000088d00000| Untracked 
| 142|0x0000000088e00000, 0x0000000088e00000, 0x0000000088f00000|  0%| F|  |TAMS 0x0000000088e00000, 0x0000000088e00000| Untracked 
| 143|0x0000000088f00000, 0x0000000088f00000, 0x0000000089000000|  0%| F|  |TAMS 0x0000000088f00000, 0x0000000088f00000| Untracked 
| 144|0x0000000089000000, 0x0000000089000000, 0x0000000089100000|  0%| F|  |TAMS 0x0000000089000000, 0x0000000089000000| Untracked 
| 145|0x0000000089100000, 0x0000000089100000, 0x0000000089200000|  0%| F|  |TAMS 0x0000000089100000, 0x0000000089100000| Untracked 
| 146|0x0000000089200000, 0x0000000089200000, 0x0000000089300000|  0%| F|  |TAMS 0x0000000089200000, 0x0000000089200000| Untracked 
| 147|0x0000000089300000, 0x0000000089300000, 0x0000000089400000|  0%| F|  |TAMS 0x0000000089300000, 0x0000000089300000| Untracked 
| 148|0x0000000089400000, 0x0000000089400000, 0x0000000089500000|  0%| F|  |TAMS 0x0000000089400000, 0x0000000089400000| Untracked 
| 149|0x0000000089500000, 0x0000000089500000, 0x0000000089600000|  0%| F|  |TAMS 0x0000000089500000, 0x0000000089500000| Untracked 
| 150|0x0000000089600000, 0x0000000089600000, 0x0000000089700000|  0%| F|  |TAMS 0x0000000089600000, 0x0000000089600000| Untracked 
| 151|0x0000000089700000, 0x0000000089700000, 0x0000000089800000|  0%| F|  |TAMS 0x0000000089700000, 0x0000000089700000| Untracked 
| 152|0x0000000089800000, 0x0000000089800000, 0x0000000089900000|  0%| F|  |TAMS 0x0000000089800000, 0x0000000089800000| Untracked 
| 153|0x0000000089900000, 0x0000000089900000, 0x0000000089a00000|  0%| F|  |TAMS 0x0000000089900000, 0x0000000089900000| Untracked 
| 154|0x0000000089a00000, 0x0000000089a00000, 0x0000000089b00000|  0%| F|  |TAMS 0x0000000089a00000, 0x0000000089a00000| Untracked 
| 155|0x0000000089b00000, 0x0000000089b00000, 0x0000000089c00000|  0%| F|  |TAMS 0x0000000089b00000, 0x0000000089b00000| Untracked 
| 156|0x0000000089c00000, 0x0000000089c00000, 0x0000000089d00000|  0%| F|  |TAMS 0x0000000089c00000, 0x0000000089c00000| Untracked 
| 157|0x0000000089d00000, 0x0000000089d00000, 0x0000000089e00000|  0%| F|  |TAMS 0x0000000089d00000, 0x0000000089d00000| Untracked 
| 158|0x0000000089e00000, 0x0000000089e00000, 0x0000000089f00000|  0%| F|  |TAMS 0x0000000089e00000, 0x0000000089e00000| Untracked 
| 159|0x0000000089f00000, 0x0000000089f00000, 0x000000008a000000|  0%| F|  |TAMS 0x0000000089f00000, 0x0000000089f00000| Untracked 
| 160|0x000000008a000000, 0x000000008a000000, 0x000000008a100000|  0%| F|  |TAMS 0x000000008a000000, 0x000000008a000000| Untracked 
| 161|0x000000008a100000, 0x000000008a100000, 0x000000008a200000|  0%| F|  |TAMS 0x000000008a100000, 0x000000008a100000| Untracked 
| 162|0x000000008a200000, 0x000000008a2a90a8, 0x000000008a300000| 66%| E|  |TAMS 0x000000008a200000, 0x000000008a200000| Complete 
| 163|0x000000008a300000, 0x000000008a400000, 0x000000008a400000|100%| E|CS|TAMS 0x000000008a300000, 0x000000008a300000| Complete 
| 164|0x000000008a400000, 0x000000008a500000, 0x000000008a500000|100%| E|CS|TAMS 0x000000008a400000, 0x000000008a400000| Complete 
| 165|0x000000008a500000, 0x000000008a600000, 0x000000008a600000|100%| E|CS|TAMS 0x000000008a500000, 0x000000008a500000| Complete 
| 166|0x000000008a600000, 0x000000008a700000, 0x000000008a700000|100%| E|CS|TAMS 0x000000008a600000, 0x000000008a600000| Complete 
| 167|0x000000008a700000, 0x000000008a800000, 0x000000008a800000|100%| E|CS|TAMS 0x000000008a700000, 0x000000008a700000| Complete 
| 168|0x000000008a800000, 0x000000008a900000, 0x000000008a900000|100%| E|CS|TAMS 0x000000008a800000, 0x000000008a800000| Complete 
| 169|0x000000008a900000, 0x000000008aa00000, 0x000000008aa00000|100%| E|CS|TAMS 0x000000008a900000, 0x000000008a900000| Complete 
| 170|0x000000008aa00000, 0x000000008ab00000, 0x000000008ab00000|100%| E|CS|TAMS 0x000000008aa00000, 0x000000008aa00000| Complete 
| 171|0x000000008ab00000, 0x000000008ac00000, 0x000000008ac00000|100%| E|CS|TAMS 0x000000008ab00000, 0x000000008ab00000| Complete 
| 172|0x000000008ac00000, 0x000000008ad00000, 0x000000008ad00000|100%| E|CS|TAMS 0x000000008ac00000, 0x000000008ac00000| Complete 
| 173|0x000000008ad00000, 0x000000008ae00000, 0x000000008ae00000|100%| E|CS|TAMS 0x000000008ad00000, 0x000000008ad00000| Complete 
| 174|0x000000008ae00000, 0x000000008af00000, 0x000000008af00000|100%| E|CS|TAMS 0x000000008ae00000, 0x000000008ae00000| Complete 
| 175|0x000000008af00000, 0x000000008b000000, 0x000000008b000000|100%| E|CS|TAMS 0x000000008af00000, 0x000000008af00000| Complete 
| 176|0x000000008b000000, 0x000000008b100000, 0x000000008b100000|100%| E|CS|TAMS 0x000000008b000000, 0x000000008b000000| Complete 
| 177|0x000000008b100000, 0x000000008b200000, 0x000000008b200000|100%| E|CS|TAMS 0x000000008b100000, 0x000000008b100000| Complete 
| 178|0x000000008b200000, 0x000000008b300000, 0x000000008b300000|100%| E|CS|TAMS 0x000000008b200000, 0x000000008b200000| Complete 
| 179|0x000000008b300000, 0x000000008b400000, 0x000000008b400000|100%| E|CS|TAMS 0x000000008b300000, 0x000000008b300000| Complete 
| 180|0x000000008b400000, 0x000000008b500000, 0x000000008b500000|100%| E|CS|TAMS 0x000000008b400000, 0x000000008b400000| Complete 
| 181|0x000000008b500000, 0x000000008b5539e8, 0x000000008b600000| 32%| S|CS|TAMS 0x000000008b500000, 0x000000008b500000| Complete 
| 182|0x000000008b600000, 0x000000008b700000, 0x000000008b700000|100%| S|CS|TAMS 0x000000008b600000, 0x000000008b600000| Complete 
| 183|0x000000008b700000, 0x000000008b800000, 0x000000008b800000|100%| S|CS|TAMS 0x000000008b700000, 0x000000008b700000| Complete 
| 184|0x000000008b800000, 0x000000008b900000, 0x000000008b900000|100%| E|CS|TAMS 0x000000008b800000, 0x000000008b800000| Complete 
| 185|0x000000008b900000, 0x000000008ba00000, 0x000000008ba00000|100%| E|CS|TAMS 0x000000008b900000, 0x000000008b900000| Complete 
| 186|0x000000008ba00000, 0x000000008bb00000, 0x000000008bb00000|100%| E|CS|TAMS 0x000000008ba00000, 0x000000008ba00000| Complete 
| 187|0x000000008bb00000, 0x000000008bc00000, 0x000000008bc00000|100%| E|CS|TAMS 0x000000008bb00000, 0x000000008bb00000| Complete 
| 188|0x000000008bc00000, 0x000000008bd00000, 0x000000008bd00000|100%| E|CS|TAMS 0x000000008bc00000, 0x000000008bc00000| Complete 
| 189|0x000000008bd00000, 0x000000008be00000, 0x000000008be00000|100%| E|CS|TAMS 0x000000008bd00000, 0x000000008bd00000| Complete 
| 190|0x000000008be00000, 0x000000008bf00000, 0x000000008bf00000|100%| E|CS|TAMS 0x000000008be00000, 0x000000008be00000| Complete 
| 191|0x000000008bf00000, 0x000000008c000000, 0x000000008c000000|100%| E|CS|TAMS 0x000000008bf00000, 0x000000008bf00000| Complete 
| 192|0x000000008c000000, 0x000000008c100000, 0x000000008c100000|100%| E|CS|TAMS 0x000000008c000000, 0x000000008c000000| Complete 
| 193|0x000000008c100000, 0x000000008c200000, 0x000000008c200000|100%| E|CS|TAMS 0x000000008c100000, 0x000000008c100000| Complete 
| 194|0x000000008c200000, 0x000000008c300000, 0x000000008c300000|100%| E|CS|TAMS 0x000000008c200000, 0x000000008c200000| Complete 
| 195|0x000000008c300000, 0x000000008c400000, 0x000000008c400000|100%| E|CS|TAMS 0x000000008c300000, 0x000000008c300000| Complete 
| 196|0x000000008c400000, 0x000000008c500000, 0x000000008c500000|100%| E|CS|TAMS 0x000000008c400000, 0x000000008c400000| Complete 
| 197|0x000000008c500000, 0x000000008c600000, 0x000000008c600000|100%| E|CS|TAMS 0x000000008c500000, 0x000000008c500000| Complete 
| 198|0x000000008c600000, 0x000000008c700000, 0x000000008c700000|100%| E|CS|TAMS 0x000000008c600000, 0x000000008c600000| Complete 
| 199|0x000000008c700000, 0x000000008c800000, 0x000000008c800000|100%| E|CS|TAMS 0x000000008c700000, 0x000000008c700000| Complete 
| 200|0x000000008c800000, 0x000000008c900000, 0x000000008c900000|100%| E|CS|TAMS 0x000000008c800000, 0x000000008c800000| Complete 
| 201|0x000000008c900000, 0x000000008ca00000, 0x000000008ca00000|100%| E|CS|TAMS 0x000000008c900000, 0x000000008c900000| Complete 
| 202|0x000000008ca00000, 0x000000008cb00000, 0x000000008cb00000|100%| E|CS|TAMS 0x000000008ca00000, 0x000000008ca00000| Complete 
| 203|0x000000008cb00000, 0x000000008cc00000, 0x000000008cc00000|100%| E|CS|TAMS 0x000000008cb00000, 0x000000008cb00000| Complete 
| 204|0x000000008cc00000, 0x000000008cd00000, 0x000000008cd00000|100%| E|CS|TAMS 0x000000008cc00000, 0x000000008cc00000| Complete 
| 205|0x000000008cd00000, 0x000000008ce00000, 0x000000008ce00000|100%| E|CS|TAMS 0x000000008cd00000, 0x000000008cd00000| Complete 
| 206|0x000000008ce00000, 0x000000008cf00000, 0x000000008cf00000|100%| E|CS|TAMS 0x000000008ce00000, 0x000000008ce00000| Complete 
| 207|0x000000008cf00000, 0x000000008d000000, 0x000000008d000000|100%| E|CS|TAMS 0x000000008cf00000, 0x000000008cf00000| Complete 
| 208|0x000000008d000000, 0x000000008d100000, 0x000000008d100000|100%| E|CS|TAMS 0x000000008d000000, 0x000000008d000000| Complete 
| 209|0x000000008d100000, 0x000000008d200000, 0x000000008d200000|100%| E|CS|TAMS 0x000000008d100000, 0x000000008d100000| Complete 
| 210|0x000000008d200000, 0x000000008d300000, 0x000000008d300000|100%| E|CS|TAMS 0x000000008d200000, 0x000000008d200000| Complete 
| 211|0x000000008d300000, 0x000000008d400000, 0x000000008d400000|100%| E|CS|TAMS 0x000000008d300000, 0x000000008d300000| Complete 
| 212|0x000000008d400000, 0x000000008d500000, 0x000000008d500000|100%| E|CS|TAMS 0x000000008d400000, 0x000000008d400000| Complete 
| 213|0x000000008d500000, 0x000000008d600000, 0x000000008d600000|100%| E|CS|TAMS 0x000000008d500000, 0x000000008d500000| Complete 
| 214|0x000000008d600000, 0x000000008d700000, 0x000000008d700000|100%| E|CS|TAMS 0x000000008d600000, 0x000000008d600000| Complete 
| 215|0x000000008d700000, 0x000000008d800000, 0x000000008d800000|100%| E|CS|TAMS 0x000000008d700000, 0x000000008d700000| Complete 
| 216|0x000000008d800000, 0x000000008d900000, 0x000000008d900000|100%| E|CS|TAMS 0x000000008d800000, 0x000000008d800000| Complete 
| 217|0x000000008d900000, 0x000000008da00000, 0x000000008da00000|100%| E|CS|TAMS 0x000000008d900000, 0x000000008d900000| Complete 
| 218|0x000000008da00000, 0x000000008db00000, 0x000000008db00000|100%| E|CS|TAMS 0x000000008da00000, 0x000000008da00000| Complete 
| 219|0x000000008db00000, 0x000000008dc00000, 0x000000008dc00000|100%| E|CS|TAMS 0x000000008db00000, 0x000000008db00000| Complete 
| 220|0x000000008dc00000, 0x000000008dd00000, 0x000000008dd00000|100%| E|CS|TAMS 0x000000008dc00000, 0x000000008dc00000| Complete 
| 221|0x000000008dd00000, 0x000000008de00000, 0x000000008de00000|100%| E|CS|TAMS 0x000000008dd00000, 0x000000008dd00000| Complete 

Card table byte_map: [0x000001c3de1c0000,0x000001c3de5c0000] _byte_map_base: 0x000001c3dddc0000

Marking Bits (Prev, Next): (CMBitMap*) 0x000001c3cb307d98, (CMBitMap*) 0x000001c3cb307dd0
 Prev Bits: [0x000001c3de9c0000, 0x000001c3e09c0000)
 Next Bits: [0x000001c3e09c0000, 0x000001c3e29c0000)

Polling page: 0x000001c3c9250000

Metaspace:

Usage:
  Non-class:    101.55 MB capacity,    99.62 MB ( 98%) used,     1.54 MB (  2%) free+waste,   402.00 KB ( <1%) overhead. 
      Class:     15.71 MB capacity,    14.54 MB ( 93%) used,  1021.66 KB (  6%) free+waste,   176.31 KB (  1%) overhead. 
       Both:    117.27 MB capacity,   114.16 MB ( 97%) used,     2.54 MB (  2%) free+waste,   578.31 KB ( <1%) overhead. 

Virtual space:
  Non-class space:      104.00 MB reserved,     102.04 MB ( 98%) committed 
      Class space:        1.00 GB reserved,      16.02 MB (  2%) committed 
             Both:        1.10 GB reserved,     118.06 MB ( 10%) committed 

Chunk freelists:
   Non-Class:  364.00 KB
       Class:  283.00 KB
        Both:  647.00 KB

MaxMetaspaceSize: 17179869184.00 GB
CompressedClassSpaceSize: 1.00 GB
Initial GC threshold: 20.80 MB
Current GC threshold: 196.35 MB
CDS: off

CodeHeap 'non-profiled nmethods': size=120064Kb used=12493Kb max_used=12493Kb free=107570Kb
 bounds [0x000001c3d6880000, 0x000001c3d74c0000, 0x000001c3dddc0000]
CodeHeap 'profiled nmethods': size=120000Kb used=44343Kb max_used=44654Kb free=75656Kb
 bounds [0x000001c3cf350000, 0x000001c3d1ef0000, 0x000001c3d6880000]
CodeHeap 'non-nmethods': size=5696Kb used=2474Kb max_used=2566Kb free=3221Kb
 bounds [0x000001c3cedc0000, 0x000001c3cf050000, 0x000001c3cf350000]
 total_blobs=20038 nmethods=19034 adapters=914
 compilation: enabled
              stopped_count=0, restarted_count=0
 full_count=0

Compilation events (20 events):
Event: 3580.469 Thread 0x000001c3e5755000 19816       3       org.gradle.api.internal.artifacts.ivyservice.resolveengine.excludes.simple.DefaultModuleIdSetExclude::excludes (11 bytes)
Event: 3580.469 Thread 0x000001c3e5755000 nmethod 19816 0x000001c3cf3f0d90 code [0x000001c3cf3f0f40, 0x000001c3cf3f1108]
Event: 3580.474 Thread 0x000001c3e5755000 19817       3       org.gradle.api.internal.artifacts.ivyservice.resolveengine.excludes.factories.DelegatingExcludeFactory::moduleId (11 bytes)
Event: 3580.474 Thread 0x000001c3e5755000 nmethod 19817 0x000001c3cf3ee090 code [0x000001c3cf3ee240, 0x000001c3cf3ee408]
Event: 3580.489 Thread 0x000001c3e5750800 nmethod 19813 0x000001c3d74aa290 code [0x000001c3d74aa500, 0x000001c3d74ab550]
Event: 3580.489 Thread 0x000001c3e5750800 19820   !   4       org.gradle.api.internal.artifacts.ivyservice.resolveengine.store.DefaultBinaryStore::write (127 bytes)
Event: 3580.490 Thread 0x000001c3e5755000 19821   !   3       java.lang.ThreadGroup::addUnstarted (40 bytes)
Event: 3580.490 Thread 0x000001c3e5755000 nmethod 19821 0x000001c3cf639790 code [0x000001c3cf639960, 0x000001c3cf639d08]
Event: 3580.494 Thread 0x000001c3ec98c000 nmethod 19792 0x000001c3d74abd90 code [0x000001c3d74abfa0, 0x000001c3d74ad158]
Event: 3580.494 Thread 0x000001c3ec98c000 19819       4       org.gradle.api.internal.artifacts.ModuleComponentSelectorSerializer::read (50 bytes)
Event: 3580.505 Thread 0x000001c3e5750800 nmethod 19820 0x000001c3d74adc90 code [0x000001c3d74adee0, 0x000001c3d74aead0]
Event: 3580.505 Thread 0x000001c3e5750800 19793       4       java.util.Optional::orElse (16 bytes)
Event: 3580.505 Thread 0x000001c3e5750800 nmethod 19793 0x000001c3d6932a90 code [0x000001c3d6932c20, 0x000001c3d6932c98]
Event: 3580.505 Thread 0x000001c3e5750800 19822   !   4       org.gradle.cache.internal.CacheAccessWorker::addToQueue (37 bytes)
Event: 3580.510 Thread 0x000001c3e5750800 nmethod 19822 0x000001c3d6932010 code [0x000001c3d6932200, 0x000001c3d69325a0]
Event: 3580.510 Thread 0x000001c3e5750800 19818       4       java.util.Comparator::thenComparing (19 bytes)
Event: 3580.512 Thread 0x000001c3e5750800 nmethod 19818 0x000001c3d74af090 code [0x000001c3d74af240, 0x000001c3d74af478]
Event: 3580.512 Thread 0x000001c3e5750800 19797       4       org.gradle.internal.service.DefaultServiceRegistry$ManagedObjectServiceProvider::requiredBy (20 bytes)
Event: 3580.517 Thread 0x000001c3e5750800 nmethod 19797 0x000001c3d74af590 code [0x000001c3d74af740, 0x000001c3d74afb18]
Event: 3580.517 Thread 0x000001c3e5750800 19823       4       org.gradle.internal.resources.DefaultResourceLockCoordinationService$AcquireLocks::transform (62 bytes)

GC Heap History (20 events):
Event: 26.037 GC heap before
{Heap before GC invocations=23 (full 0):
 garbage-first heap   total 227328K, used 145408K [0x0000000080000000, 0x0000000100000000)
  region size 1024K, 54 young (55296K), 11 survivors (11264K)
 Metaspace       used 107932K, capacity 110782K, committed 110908K, reserved 1144832K
  class space    used 14161K, capacity 15318K, committed 15384K, reserved 1048576K
}
Event: 26.061 GC heap after
{Heap after GC invocations=24 (full 0):
 garbage-first heap   total 227328K, used 106809K [0x0000000080000000, 0x0000000100000000)
  region size 1024K, 4 young (4096K), 4 survivors (4096K)
 Metaspace       used 107932K, capacity 110782K, committed 110908K, reserved 1144832K
  class space    used 14161K, capacity 15318K, committed 15384K, reserved 1048576K
}
Event: 27.042 GC heap before
{Heap before GC invocations=25 (full 0):
 garbage-first heap   total 227328K, used 172345K [0x0000000080000000, 0x0000000100000000)
  region size 1024K, 69 young (70656K), 4 survivors (4096K)
 Metaspace       used 110841K, capacity 114051K, committed 114108K, reserved 1148928K
  class space    used 14472K, capacity 15750K, committed 15768K, reserved 1048576K
}
Event: 27.052 GC heap after
{Heap after GC invocations=26 (full 0):
 garbage-first heap   total 227328K, used 109904K [0x0000000080000000, 0x0000000100000000)
  region size 1024K, 7 young (7168K), 7 survivors (7168K)
 Metaspace       used 110841K, capacity 114051K, committed 114108K, reserved 1148928K
  class space    used 14472K, capacity 15750K, committed 15768K, reserved 1048576K
}
Event: 28.018 GC heap before
{Heap before GC invocations=27 (full 0):
 garbage-first heap   total 227328K, used 159056K [0x0000000080000000, 0x0000000100000000)
  region size 1024K, 56 young (57344K), 7 survivors (7168K)
 Metaspace       used 113577K, capacity 116843K, committed 117052K, reserved 1150976K
  class space    used 14840K, capacity 16114K, committed 16152K, reserved 1048576K
}
Event: 28.028 GC heap after
{Heap after GC invocations=28 (full 0):
 garbage-first heap   total 227328K, used 109347K [0x0000000080000000, 0x0000000100000000)
  region size 1024K, 5 young (5120K), 5 survivors (5120K)
 Metaspace       used 113577K, capacity 116843K, committed 117052K, reserved 1150976K
  class space    used 14840K, capacity 16114K, committed 16152K, reserved 1048576K
}
Event: 1096.742 GC heap before
{Heap before GC invocations=29 (full 0):
 garbage-first heap   total 227328K, used 189219K [0x0000000080000000, 0x0000000100000000)
  region size 1024K, 73 young (74752K), 5 survivors (5120K)
 Metaspace       used 115369K, capacity 118836K, committed 119100K, reserved 1153024K
  class space    used 15023K, capacity 16350K, committed 16408K, reserved 1048576K
}
Event: 1096.753 GC heap after
{Heap after GC invocations=30 (full 0):
 garbage-first heap   total 227328K, used 110957K [0x0000000080000000, 0x0000000100000000)
  region size 1024K, 8 young (8192K), 8 survivors (8192K)
 Metaspace       used 115369K, capacity 118836K, committed 119100K, reserved 1153024K
  class space    used 15023K, capacity 16350K, committed 16408K, reserved 1048576K
}
Event: 1099.719 GC heap before
{Heap before GC invocations=30 (full 0):
 garbage-first heap   total 227328K, used 173421K [0x0000000080000000, 0x0000000100000000)
  region size 1024K, 71 young (72704K), 8 survivors (8192K)
 Metaspace       used 116075K, capacity 119555K, committed 119612K, reserved 1153024K
  class space    used 15035K, capacity 16371K, committed 16408K, reserved 1048576K
}
Event: 1099.738 GC heap after
{Heap after GC invocations=31 (full 0):
 garbage-first heap   total 227328K, used 115764K [0x0000000080000000, 0x0000000100000000)
  region size 1024K, 9 young (9216K), 9 survivors (9216K)
 Metaspace       used 116075K, capacity 119555K, committed 119612K, reserved 1153024K
  class space    used 15035K, capacity 16371K, committed 16408K, reserved 1048576K
}
Event: 2585.924 GC heap before
{Heap before GC invocations=32 (full 0):
 garbage-first heap   total 227328K, used 191540K [0x0000000080000000, 0x0000000100000000)
  region size 1024K, 74 young (75776K), 9 survivors (9216K)
 Metaspace       used 116211K, capacity 119580K, committed 119868K, reserved 1153024K
  class space    used 14970K, capacity 16250K, committed 16408K, reserved 1048576K
}
Event: 2585.936 GC heap after
{Heap after GC invocations=33 (full 0):
 garbage-first heap   total 227328K, used 109879K [0x0000000080000000, 0x0000000100000000)
  region size 1024K, 6 young (6144K), 6 survivors (6144K)
 Metaspace       used 116211K, capacity 119580K, committed 119868K, reserved 1153024K
  class space    used 14970K, capacity 16250K, committed 16408K, reserved 1048576K
}
Event: 2588.456 GC heap before
{Heap before GC invocations=33 (full 0):
 garbage-first heap   total 227328K, used 171319K [0x0000000080000000, 0x0000000100000000)
  region size 1024K, 68 young (69632K), 6 survivors (6144K)
 Metaspace       used 116667K, capacity 120029K, committed 120380K, reserved 1153024K
  class space    used 14990K, capacity 16285K, committed 16408K, reserved 1048576K
}
Event: 2588.468 GC heap after
{Heap after GC invocations=34 (full 0):
 garbage-first heap   total 227328K, used 113834K [0x0000000080000000, 0x0000000100000000)
  region size 1024K, 10 young (10240K), 10 survivors (10240K)
 Metaspace       used 116667K, capacity 120029K, committed 120380K, reserved 1153024K
  class space    used 14990K, capacity 16285K, committed 16408K, reserved 1048576K
}
Event: 2983.733 GC heap before
{Heap before GC invocations=35 (full 0):
 garbage-first heap   total 227328K, used 195754K [0x0000000080000000, 0x0000000100000000)
  region size 1024K, 78 young (79872K), 10 survivors (10240K)
 Metaspace       used 116558K, capacity 119736K, committed 120636K, reserved 1153024K
  class space    used 14879K, capacity 16070K, committed 16408K, reserved 1048576K
}
Event: 2983.756 GC heap after
{Heap after GC invocations=36 (full 0):
 garbage-first heap   total 227328K, used 112830K [0x0000000080000000, 0x0000000100000000)
  region size 1024K, 8 young (8192K), 8 survivors (8192K)
 Metaspace       used 116558K, capacity 119736K, committed 120636K, reserved 1153024K
  class space    used 14879K, capacity 16070K, committed 16408K, reserved 1048576K
}
Event: 2983.807 GC heap before
{Heap before GC invocations=36 (full 0):
 garbage-first heap   total 227328K, used 115902K [0x0000000080000000, 0x0000000100000000)
  region size 1024K, 11 young (11264K), 8 survivors (8192K)
 Metaspace       used 116562K, capacity 119736K, committed 120636K, reserved 1153024K
  class space    used 14879K, capacity 16070K, committed 16408K, reserved 1048576K
}
Event: 2983.842 GC heap after
{Heap after GC invocations=37 (full 0):
 garbage-first heap   total 227328K, used 99993K [0x0000000080000000, 0x0000000100000000)
  region size 1024K, 2 young (2048K), 2 survivors (2048K)
 Metaspace       used 116562K, capacity 119736K, committed 120636K, reserved 1153024K
  class space    used 14879K, capacity 16070K, committed 16408K, reserved 1048576K
}
Event: 2985.515 GC heap before
{Heap before GC invocations=37 (full 0):
 garbage-first heap   total 227328K, used 136857K [0x0000000080000000, 0x0000000100000000)
  region size 1024K, 38 young (38912K), 2 survivors (2048K)
 Metaspace       used 116715K, capacity 119937K, committed 120636K, reserved 1153024K
  class space    used 14888K, capacity 16085K, committed 16408K, reserved 1048576K
}
Event: 2985.520 GC heap after
{Heap after GC invocations=38 (full 0):
 garbage-first heap   total 227328K, used 103025K [0x0000000080000000, 0x0000000100000000)
  region size 1024K, 3 young (3072K), 3 survivors (3072K)
 Metaspace       used 116715K, capacity 119937K, committed 120636K, reserved 1153024K
  class space    used 14888K, capacity 16085K, committed 16408K, reserved 1048576K
}

Deoptimization events (20 events):
Event: 3299.081 Thread 0x000001c3ec980000 Uncommon trap: trap_request=0xffffffde fr.pc=0x000001c3d6a1b020 relative=0x0000000000000100
Event: 3299.081 Thread 0x000001c3ec980000 Uncommon trap: reason=class_check action=maybe_recompile pc=0x000001c3d6a1b020 method=jdk.internal.misc.Unsafe.allocateUninitializedArray(Ljava/lang/Class;I)Ljava/lang/Object; @ 48 c2
Event: 3299.081 Thread 0x000001c3ec980000 DEOPT PACKING pc=0x000001c3d6a1b020 sp=0x00000021203fd7e0
Event: 3299.081 Thread 0x000001c3ec980000 DEOPT UNPACKING pc=0x000001c3cee0a1af sp=0x00000021203fd768 mode 2
Event: 3299.082 Thread 0x000001c3ec980000 Uncommon trap: trap_request=0xffffffde fr.pc=0x000001c3d6a1b020 relative=0x0000000000000100
Event: 3299.082 Thread 0x000001c3ec980000 Uncommon trap: reason=class_check action=maybe_recompile pc=0x000001c3d6a1b020 method=jdk.internal.misc.Unsafe.allocateUninitializedArray(Ljava/lang/Class;I)Ljava/lang/Object; @ 48 c2
Event: 3299.082 Thread 0x000001c3ec980000 DEOPT PACKING pc=0x000001c3d6a1b020 sp=0x00000021203fd780
Event: 3299.082 Thread 0x000001c3ec980000 DEOPT UNPACKING pc=0x000001c3cee0a1af sp=0x00000021203fd708 mode 2
Event: 3314.629 Thread 0x000001c3ec980000 Uncommon trap: trap_request=0xffffffde fr.pc=0x000001c3d6a1b020 relative=0x0000000000000100
Event: 3314.629 Thread 0x000001c3ec980000 Uncommon trap: reason=class_check action=maybe_recompile pc=0x000001c3d6a1b020 method=jdk.internal.misc.Unsafe.allocateUninitializedArray(Ljava/lang/Class;I)Ljava/lang/Object; @ 48 c2
Event: 3314.629 Thread 0x000001c3ec980000 DEOPT PACKING pc=0x000001c3d6a1b020 sp=0x00000021203ff1f0
Event: 3314.629 Thread 0x000001c3ec980000 DEOPT UNPACKING pc=0x000001c3cee0a1af sp=0x00000021203ff178 mode 2
Event: 3580.397 Thread 0x000001c3ec981000 DEOPT PACKING pc=0x000001c3cf8f06f9 sp=0x0000002121dfb6e0
Event: 3580.397 Thread 0x000001c3ec981000 DEOPT UNPACKING pc=0x000001c3cee0a95e sp=0x0000002121dfaba8 mode 0
Event: 3580.437 Thread 0x000001c3ec981000 Uncommon trap: trap_request=0xffffffde fr.pc=0x000001c3d7133240 relative=0x00000000000013a0
Event: 3580.437 Thread 0x000001c3ec981000 Uncommon trap: reason=class_check action=maybe_recompile pc=0x000001c3d7133240 method=org.gradle.cache.internal.LockOnDemandCrossProcessCacheAccess.incrementLockCount()V @ 97 c2
Event: 3580.437 Thread 0x000001c3ec981000 DEOPT PACKING pc=0x000001c3d7133240 sp=0x0000002121df7810
Event: 3580.437 Thread 0x000001c3ec981000 DEOPT UNPACKING pc=0x000001c3cee0a1af sp=0x0000002121df7820 mode 2
Event: 3580.489 Thread 0x000001c3ec981000 DEOPT PACKING pc=0x000001c3cfc7e42b sp=0x0000002121df9540
Event: 3580.489 Thread 0x000001c3ec981000 DEOPT UNPACKING pc=0x000001c3cee0a95e sp=0x0000002121df89d8 mode 0

Classes redefined (0 events):
No events

Internal exceptions (20 events):
Event: 2588.597 Thread 0x000001c3ec97d800 Exception <a 'sun/nio/fs/WindowsException'{0x000000008dd8f920}> (0x000000008dd8f920) thrown at [./src/hotspot/share/prims/jni.cpp, line 615]
Event: 2588.597 Thread 0x000001c3ec97d800 Exception <a 'sun/nio/fs/WindowsException'{0x000000008dd91200}> (0x000000008dd91200) thrown at [./src/hotspot/share/prims/jni.cpp, line 615]
Event: 2983.261 Thread 0x000001c3eab75800 Exception <a 'sun/nio/fs/WindowsException'{0x000000008ba449b8}> (0x000000008ba449b8) thrown at [./src/hotspot/share/prims/jni.cpp, line 615]
Event: 2983.315 Thread 0x000001c3eab75800 Implicit null exception at 0x000001c3d73ca061 to 0x000001c3d73ca168
Event: 2983.432 Thread 0x000001c3eab75800 Exception <a 'sun/nio/fs/WindowsException'{0x000000008afa0b40}> (0x000000008afa0b40) thrown at [./src/hotspot/share/prims/jni.cpp, line 615]
Event: 2983.447 Thread 0x000001c3eab75800 Exception <a 'sun/nio/fs/WindowsException'{0x000000008ae4fd88}> (0x000000008ae4fd88) thrown at [./src/hotspot/share/prims/jni.cpp, line 615]
Event: 2983.448 Thread 0x000001c3eab75800 Exception <a 'sun/nio/fs/WindowsException'{0x000000008ae510b0}> (0x000000008ae510b0) thrown at [./src/hotspot/share/prims/jni.cpp, line 615]
Event: 2983.448 Thread 0x000001c3eab75800 Exception <a 'sun/nio/fs/WindowsException'{0x000000008ae52428}> (0x000000008ae52428) thrown at [./src/hotspot/share/prims/jni.cpp, line 615]
Event: 2983.448 Thread 0x000001c3eab75800 Exception <a 'sun/nio/fs/WindowsException'{0x000000008ae539f8}> (0x000000008ae539f8) thrown at [./src/hotspot/share/prims/jni.cpp, line 615]
Event: 2983.461 Thread 0x000001c3eab75800 Implicit null exception at 0x000001c3d6b669fe to 0x000001c3d6b69374
Event: 2984.054 Thread 0x000001c3ec6eb800 Exception <a 'java/lang/InterruptedException'{0x000000008ce69de0}> (0x000000008ce69de0) thrown at [./src/hotspot/share/runtime/objectMonitor.cpp, line 1635]
Event: 2985.260 Thread 0x000001c3ec6ec800 Implicit null exception at 0x000001c3d718bc5d to 0x000001c3d718dd00
Event: 2985.260 Thread 0x000001c3ec6ec800 Implicit null exception at 0x000001c3d6a39d47 to 0x000001c3d6a3a0d8
Event: 2985.397 Thread 0x000001c3e85d1000 Exception <a 'sun/nio/fs/WindowsException'{0x000000008c1737d0}> (0x000000008c1737d0) thrown at [./src/hotspot/share/prims/jni.cpp, line 615]
Event: 2985.448 Thread 0x000001c3e85d1000 Exception <a 'sun/nio/fs/WindowsException'{0x000000008bea2c30}> (0x000000008bea2c30) thrown at [./src/hotspot/share/prims/jni.cpp, line 615]
Event: 2985.467 Thread 0x000001c3e85ce000 Exception <a 'sun/nio/fs/WindowsException'{0x000000008bc3a588}> (0x000000008bc3a588) thrown at [./src/hotspot/share/prims/jni.cpp, line 615]
Event: 2985.489 Thread 0x000001c3e85ce000 Exception <a 'sun/nio/fs/WindowsException'{0x000000008bb97e00}> (0x000000008bb97e00) thrown at [./src/hotspot/share/prims/jni.cpp, line 615]
Event: 2985.675 Thread 0x000001c3eab75800 Exception <a 'sun/nio/fs/WindowsException'{0x000000008dd997c0}> (0x000000008dd997c0) thrown at [./src/hotspot/share/prims/jni.cpp, line 615]
Event: 2985.675 Thread 0x000001c3eab75800 Exception <a 'sun/nio/fs/WindowsException'{0x000000008dd99840}> (0x000000008dd99840) thrown at [./src/hotspot/share/prims/jni.cpp, line 615]
Event: 2985.676 Thread 0x000001c3eab75800 Exception <a 'sun/nio/fs/WindowsException'{0x000000008dd9b120}> (0x000000008dd9b120) thrown at [./src/hotspot/share/prims/jni.cpp, line 615]

Events (20 events):
Event: 3580.489 Thread 0x000001c3eab74000 Thread added: 0x000001c3eab74000
Event: 3580.489 Thread 0x000001c3eab75000 Thread added: 0x000001c3eab75000
Event: 3580.489 Thread 0x000001c3eab75800 Thread added: 0x000001c3eab75800
Event: 3580.489 Thread 0x000001c3eab76800 Thread added: 0x000001c3eab76800
Event: 3580.489 Thread 0x000001c3eab77000 Thread added: 0x000001c3eab77000
Event: 3580.489 Thread 0x000001c3eab78000 Thread added: 0x000001c3eab78000
Event: 3580.489 Thread 0x000001c3eab72800 Thread added: 0x000001c3eab72800
Event: 3580.489 Thread 0x000001c3eab7a800 Thread added: 0x000001c3eab7a800
Event: 3580.490 Thread 0x000001c3eab7b800 Thread added: 0x000001c3eab7b800
Event: 3580.490 Thread 0x000001c3eab79800 Thread added: 0x000001c3eab79800
Event: 3580.490 Thread 0x000001c3eab79000 Thread added: 0x000001c3eab79000
Event: 3580.490 Thread 0x000001c3eab80000 Thread added: 0x000001c3eab80000
Event: 3580.490 Thread 0x000001c3eab7e000 Thread added: 0x000001c3eab7e000
Event: 3580.490 Thread 0x000001c3eab7d000 Thread added: 0x000001c3eab7d000
Event: 3580.490 Thread 0x000001c3ec6e1000 Thread added: 0x000001c3ec6e1000
Event: 3580.490 Thread 0x000001c3ec6df800 Thread added: 0x000001c3ec6df800
Event: 3580.490 Executing VM operation: RevokeBias
Event: 3580.491 Executing coalesced safepoint VM operation: RevokeBias
Event: 3580.491 Executing coalesced safepoint VM operation: RevokeBias done
Event: 3580.491 Executing VM operation: RevokeBias done


Dynamic libraries:
0x00007ff6de6d0000 - 0x00007ff6de6da000 	D:\Program Files\Android\Android Studio2\jre\bin\java.exe
0x00007ff8bf740000 - 0x00007ff8bf92e000 	C:\Windows\SYSTEM32\ntdll.dll
0x00007ff8bf2c0000 - 0x00007ff8bf373000 	C:\Windows\System32\KERNEL32.DLL
0x00007ff8bc480000 - 0x00007ff8bc71a000 	C:\Windows\System32\KERNELBASE.dll
0x00007ff8bdf00000 - 0x00007ff8bdfa7000 	C:\Windows\System32\ADVAPI32.DLL
0x00007ff8be600000 - 0x00007ff8be69e000 	C:\Windows\System32\msvcrt.dll
0x00007ff8be6a0000 - 0x00007ff8be73f000 	C:\Windows\System32\sechost.dll
0x00007ff8be060000 - 0x00007ff8be17d000 	C:\Windows\System32\RPCRT4.dll
0x00007ff8bba90000 - 0x00007ff8bbb8a000 	C:\Windows\System32\ucrtbase.dll
0x00007ff8b1d70000 - 0x00007ff8b1d87000 	D:\Program Files\Android\Android Studio2\jre\bin\VCRUNTIME140.dll
0x00007ff8b1d50000 - 0x00007ff8b1d69000 	D:\Program Files\Android\Android Studio2\jre\bin\jli.dll
0x00007ff8be180000 - 0x00007ff8be317000 	C:\Windows\System32\USER32.dll
0x00007ff8bc920000 - 0x00007ff8bc940000 	C:\Windows\System32\win32u.dll
0x00007ff8bea70000 - 0x00007ff8bea99000 	C:\Windows\System32\GDI32.dll
0x00007ff8bc2e0000 - 0x00007ff8bc47c000 	C:\Windows\System32\gdi32full.dll
0x00007ff8bb8c0000 - 0x00007ff8bb960000 	C:\Windows\System32\msvcp_win.dll
0x00007ff8afac0000 - 0x00007ff8afd39000 	C:\Windows\WinSxS\amd64_microsoft.windows.common-controls_6595b64144ccf1df_6.0.17763.3165_none_de7375f653495041\COMCTL32.dll
0x00007ff8beb10000 - 0x00007ff8bee3b000 	C:\Windows\System32\combase.dll
0x00007ff8bb7e0000 - 0x00007ff8bb862000 	C:\Windows\System32\bcryptPrimitives.dll
0x00007ff8bded0000 - 0x00007ff8bdefe000 	C:\Windows\System32\IMM32.DLL
0x00007ff8b1c50000 - 0x00007ff8b1ced000 	D:\Program Files\Android\Android Studio2\jre\bin\msvcp140.dll
0x00007ff88e930000 - 0x00007ff88f415000 	D:\Program Files\Android\Android Studio2\jre\bin\server\jvm.dll
0x00007ff8beb00000 - 0x00007ff8beb08000 	C:\Windows\System32\PSAPI.DLL
0x00007ff8a1790000 - 0x00007ff8a1799000 	C:\Windows\SYSTEM32\WSOCK32.dll
0x00007ff8bf380000 - 0x00007ff8bf3ed000 	C:\Windows\System32\WS2_32.dll
0x00007ff8b7290000 - 0x00007ff8b729a000 	C:\Windows\SYSTEM32\VERSION.dll
0x00007ff8b9890000 - 0x00007ff8b98b4000 	C:\Windows\SYSTEM32\WINMM.dll
0x00007ff8b9740000 - 0x00007ff8b976d000 	C:\Windows\SYSTEM32\winmmbase.dll
0x00007ff8bb870000 - 0x00007ff8bb8ba000 	C:\Windows\System32\cfgmgr32.dll
0x00007ff8bb710000 - 0x00007ff8bb721000 	C:\Windows\System32\kernel.appcore.dll
0x00007ff8abaa0000 - 0x00007ff8abab1000 	D:\Program Files\Android\Android Studio2\jre\bin\verify.dll
0x00007ff8a88b0000 - 0x00007ff8a8a9d000 	C:\Windows\SYSTEM32\DBGHELP.DLL
0x00007ff8a8800000 - 0x00007ff8a882a000 	C:\Windows\SYSTEM32\dbgcore.DLL
0x00007ff89f890000 - 0x00007ff89f8b9000 	D:\Program Files\Android\Android Studio2\jre\bin\java.dll
0x00007ff8acc50000 - 0x00007ff8acc5b000 	D:\Program Files\Android\Android Studio2\jre\bin\jimage.dll
0x00007ff8a4e40000 - 0x00007ff8a4e58000 	D:\Program Files\Android\Android Studio2\jre\bin\zip.dll
0x00007ff8bc970000 - 0x00007ff8bde68000 	C:\Windows\System32\SHELL32.dll
0x00007ff8be7b0000 - 0x00007ff8be857000 	C:\Windows\System32\shcore.dll
0x00007ff8bbb90000 - 0x00007ff8bc2d7000 	C:\Windows\System32\windows.storage.dll
0x00007ff8bb730000 - 0x00007ff8bb753000 	C:\Windows\System32\profapi.dll
0x00007ff8bb760000 - 0x00007ff8bb7bd000 	C:\Windows\System32\powrprof.dll
0x00007ff8be750000 - 0x00007ff8be7a2000 	C:\Windows\System32\shlwapi.dll
0x00007ff8bba70000 - 0x00007ff8bba87000 	C:\Windows\System32\cryptsp.dll
0x00007ff89f7e0000 - 0x00007ff89f7fa000 	D:\Program Files\Android\Android Studio2\jre\bin\net.dll
0x00007ff8b26a0000 - 0x00007ff8b2791000 	C:\Windows\SYSTEM32\WINHTTP.dll
0x00007ff8baf00000 - 0x00007ff8baf67000 	C:\Windows\system32\mswsock.dll
0x00007ff89eee0000 - 0x00007ff89eef4000 	D:\Program Files\Android\Android Studio2\jre\bin\nio.dll
0x00007ff8b1bf0000 - 0x00007ff8b1c17000 	C:\Users\Administrator\.gradle\native\e1d6ef7f7dcc3fd88c89a11ec53ec762bb8ba0a96d01ffa2cd45eb1d1d8dd5c5\windows-amd64\native-platform.dll
0x00007ff892f30000 - 0x00007ff893074000 	C:\Users\Administrator\.gradle\native\5664cfc778a61ccfe75a443a1ab52a65af34e5dc3c78e0209fed803814484fcb\windows-amd64\native-platform-file-events.dll
0x00007ff8a88a0000 - 0x00007ff8a88aa000 	D:\Program Files\Android\Android Studio2\jre\bin\management.dll
0x00007ff8a8730000 - 0x00007ff8a873d000 	D:\Program Files\Android\Android Studio2\jre\bin\management_ext.dll
0x00007ff8baa80000 - 0x00007ff8baab3000 	C:\Windows\system32\rsaenh.dll
0x00007ff8bc940000 - 0x00007ff8bc966000 	C:\Windows\System32\bcrypt.dll
0x00007ff8bb640000 - 0x00007ff8bb669000 	C:\Windows\SYSTEM32\USERENV.dll
0x00007ff8bb0d0000 - 0x00007ff8bb0dc000 	C:\Windows\SYSTEM32\CRYPTBASE.dll
0x00007ff8bac10000 - 0x00007ff8bac4d000 	C:\Windows\SYSTEM32\IPHLPAPI.DLL
0x00007ff8bf3f0000 - 0x00007ff8bf3f8000 	C:\Windows\System32\NSI.dll
0x00007ff8b5f80000 - 0x00007ff8b5f96000 	C:\Windows\SYSTEM32\dhcpcsvc6.DLL
0x00007ff8b5f60000 - 0x00007ff8b5f7c000 	C:\Windows\SYSTEM32\dhcpcsvc.DLL
0x00007ff8bac50000 - 0x00007ff8bad16000 	C:\Windows\SYSTEM32\DNSAPI.dll
0x00007ff8b1c30000 - 0x00007ff8b1c4e000 	C:\Users\Administrator\AppData\Local\Temp\native-platform9736728477898296116dir\native-platform.dll
0x00007ff8b1aa0000 - 0x00007ff8b1aa8000 	D:\Program Files\Android\Android Studio2\jre\bin\rmi.dll
0x00007ff8b1730000 - 0x00007ff8b1746000 	C:\Windows\system32\napinsp.dll
0x00007ff8b0f10000 - 0x00007ff8b0f2a000 	C:\Windows\system32\pnrpnsp.dll
0x00007ff8b1f60000 - 0x00007ff8b1f6e000 	C:\Windows\System32\winrnr.dll
0x00007ff8b7f60000 - 0x00007ff8b7f7b000 	C:\Windows\system32\NLAapi.dll
0x00007ff8a1ca0000 - 0x00007ff8a1cb5000 	C:\Windows\system32\wshbth.dll
0x00007ff8b3160000 - 0x00007ff8b316a000 	C:\Windows\System32\rasadhlp.dll
0x00007ff8b2ab0000 - 0x00007ff8b2b29000 	C:\Windows\System32\fwpuclnt.dll

dbghelp: loaded successfully - version: 4.0.5 - missing functions: none
symbol engine: initialized successfully - sym options: 0x614 - pdb path: .;D:\Program Files\Android\Android Studio2\jre\bin;C:\Windows\SYSTEM32;C:\Windows\WinSxS\amd64_microsoft.windows.common-controls_6595b64144ccf1df_6.0.17763.3165_none_de7375f653495041;D:\Program Files\Android\Android Studio2\jre\bin\server;C:\Users\Administrator\.gradle\native\e1d6ef7f7dcc3fd88c89a11ec53ec762bb8ba0a96d01ffa2cd45eb1d1d8dd5c5\windows-amd64;C:\Users\Administrator\.gradle\native\5664cfc778a61ccfe75a443a1ab52a65af34e5dc3c78e0209fed803814484fcb\windows-amd64;C:\Users\Administrator\AppData\Local\Temp\native-platform9736728477898296116dir

VM Arguments:
jvm_args: --add-opens=java.base/java.util=ALL-UNNAMED --add-opens=java.base/java.lang=ALL-UNNAMED --add-opens=java.base/java.lang.invoke=ALL-UNNAMED --add-opens=java.base/java.util=ALL-UNNAMED --add-opens=java.prefs/java.util.prefs=ALL-UNNAMED --add-opens=java.prefs/java.util.prefs=ALL-UNNAMED --add-opens=java.base/java.nio.charset=ALL-UNNAMED --add-opens=java.base/java.net=ALL-UNNAMED --add-opens=java.base/java.util.concurrent.atomic=ALL-UNNAMED -Xmx2048m -Dfile.encoding=UTF-8 -Duser.country=CN -Duser.language=zh -Duser.variant 
java_command: org.gradle.launcher.daemon.bootstrap.GradleDaemon 7.3.3
java_class_path (initial): C:\Users\Administrator\.gradle\wrapper\dists\gradle-7.3.3-bin\6a41zxkdtcxs8rphpq6y0069z\gradle-7.3.3\lib\gradle-launcher-7.3.3.jar
Launcher Type: SUN_STANDARD

[Global flags]
     intx CICompilerCount                          = 3                                         {product} {ergonomic}
     uint ConcGCThreads                            = 1                                         {product} {ergonomic}
     uint G1ConcRefinementThreads                  = 4                                         {product} {ergonomic}
   size_t G1HeapRegionSize                         = 1048576                                   {product} {ergonomic}
    uintx GCDrainStackTargetSize                   = 64                                        {product} {ergonomic}
   size_t InitialHeapSize                          = 134217728                                 {product} {ergonomic}
   size_t MarkStackSize                            = 4194304                                   {product} {ergonomic}
   size_t MaxHeapSize                              = 2147483648                                {product} {command line}
   size_t MaxNewSize                               = 1287651328                                {product} {ergonomic}
   size_t MinHeapDeltaBytes                        = 1048576                                   {product} {ergonomic}
    uintx NonNMethodCodeHeapSize                   = 5830732                                {pd product} {ergonomic}
    uintx NonProfiledCodeHeapSize                  = 122913754                              {pd product} {ergonomic}
    uintx ProfiledCodeHeapSize                     = 122913754                              {pd product} {ergonomic}
    uintx ReservedCodeCacheSize                    = 251658240                              {pd product} {ergonomic}
     bool SegmentedCodeCache                       = true                                      {product} {ergonomic}
     bool UseCompressedClassPointers               = true                                 {lp64_product} {ergonomic}
     bool UseCompressedOops                        = true                                 {lp64_product} {ergonomic}
     bool UseG1GC                                  = true                                      {product} {ergonomic}
     bool UseLargePagesIndividualAllocation        = false                                  {pd product} {ergonomic}

Logging:
Log output configuration:
 #0: stdout all=warning uptime,level,tags
 #1: stderr all=off uptime,level,tags

Environment Variables:
JAVA_HOME=D:\java\java11
CLASSPATH=.;D:\java\java11\lib\dt.jar;D:\java\java11\lib\tools.jar
PATH=C:\Program Files\Common Files\Oracle\Java\javapath;C:\ProgramData\Oracle\Java\javapath;C:\Windows\system32;C:\Windows;C:\Windows\System32\Wbem;C:\Windows\System32\WindowsPowerShell\v1.0\;C:\Windows\System32\OpenSSH\;D:\java\java11\bin;D:\java\java11\jre\bin;D:\android_sdk\Android\sdk\tools;D:\android_sdk\Android\sdk\platform-tools;%CURL_HOME%\I386;%CURL_HOME%;D:\Program Files\Git\bin;D:\Program Files\Python\Scripts\;D:\Program Files\Python\;C:\Users\Administrator\AppData\Local\Microsoft\WindowsApps;;D:\Program Files\JetBrains\PyCharm 2021.2\bin;
USERNAME=Administrator
OS=Windows_NT
PROCESSOR_IDENTIFIER=Intel64 Family 6 Model 60 Stepping 3, GenuineIntel



---------------  S Y S T E M  ---------------

OS: Windows 10 , 64 bit Build 17763 (10.0.17763.2989)
OS uptime: 2 days 3:56 hours

CPU:total 4 (initial active 4) (4 cores per cpu, 1 threads per core) family 6 model 60 stepping 3 microcode 0x28, cmov, cx8, fxsr, mmx, sse, sse2, sse3, ssse3, sse4.1, sse4.2, popcnt, avx, avx2, aes, clmul, erms, lzcnt, tsc, tscinvbit, bmi1, bmi2, fma

Memory: 4k page, system-wide physical 8079M (1555M free)
TotalPageFile size 11369M (AvailPageFile size 0M)
current process WorkingSet (physical memory assigned to process): 398M, peak: 557M
current process commit charge ("private bytes"): 564M, peak: 599M

vm_info: OpenJDK 64-Bit Server VM (11.0.12+7-b1504.28-7817840) for windows-amd64 JRE (11.0.12+7-b1504.28-7817840), built on Oct 13 2021 22:12:33 by "builder" with MS VC++ 14.0 (VS2015)

END.
